2020-09-08 06:44:19 [32minfo[39m: Attempting UI extension registration...
2020-09-08 06:44:19 [32minfo[39m: Server is running version 2020.3.0, 0, 2020.3.0, 61, e457e35, Fri Sep  4 21:55:19 UTC 2020
2020-09-08 06:44:19 [32minfo[39m: Node server started without a TLS certificate on port : 3000
2020-09-08 06:44:19 [31merror[39m: connect ECONNREFUSED 172.18.0.20:8000
2020-09-08 06:44:19 [32minfo[39m: Failed registration (Attempt #1). Attempting again in 30 seconds.
2020-09-08 06:44:27 [32minfo[39m: Execute liveness check
2020-09-08 06:44:37 [32minfo[39m: Execute liveness check
2020-09-08 06:44:47 [32minfo[39m: Execute liveness check
2020-09-08 06:44:49 [32minfo[39m: Attempting UI extension registration...
2020-09-08 06:44:49 [31merror[39m: connect ECONNREFUSED 172.18.0.7:8000
2020-09-08 06:44:49 [32minfo[39m: Failed registration (Attempt #2). Attempting again in 30 seconds.
2020-09-08 06:44:57 [32minfo[39m: Execute liveness check
2020-09-08 06:45:07 [32minfo[39m: Execute liveness check
2020-09-08 06:45:17 [32minfo[39m: Execute liveness check
2020-09-08 06:45:19 [32minfo[39m: Attempting UI extension registration...
2020-09-08 06:45:19 [31merror[39m: connect ECONNREFUSED 172.18.0.7:8000
2020-09-08 06:45:19 [32minfo[39m: Failed registration (Attempt #3). Attempting again in 30 seconds.
2020-09-08 06:45:27 [32minfo[39m: Execute liveness check
2020-09-08 06:45:37 [32minfo[39m: Execute liveness check
2020-09-08 06:45:47 [32minfo[39m: Execute liveness check
2020-09-08 06:45:49 [32minfo[39m: Attempting UI extension registration...
2020-09-08 06:45:49 [31merror[39m: connect ECONNREFUSED 172.18.0.7:8000
2020-09-08 06:45:49 [32minfo[39m: Failed registration (Attempt #4). Attempting again in 30 seconds.
2020-09-08 06:45:58 [32minfo[39m: Execute liveness check
2020-09-08 06:46:08 [32minfo[39m: Execute liveness check
2020-09-08 06:46:18 [32minfo[39m: Execute liveness check
2020-09-08 06:46:19 [32minfo[39m: Attempting UI extension registration...
2020-09-08 06:46:19 [31merror[39m: connect ECONNREFUSED 172.18.0.7:8000
2020-09-08 06:46:19 [32minfo[39m: Failed registration (Attempt #5). Attempting again in 30 seconds.
2020-09-08 06:46:28 [32minfo[39m: Execute liveness check
2020-09-08 06:46:38 [32minfo[39m: Execute liveness check
2020-09-08 06:46:48 [32minfo[39m: Execute liveness check
2020-09-08 06:46:49 [32minfo[39m: Attempting UI extension registration...
2020-09-08 06:46:49 [31merror[39m: connect ECONNREFUSED 172.18.0.7:8000
2020-09-08 06:46:49 [32minfo[39m: Failed registration (Attempt #6). Attempting again in 30 seconds.
2020-09-08 06:46:58 [32minfo[39m: Execute liveness check
2020-09-08 06:47:09 [32minfo[39m: Execute liveness check
2020-09-08 06:47:19 [32minfo[39m: Execute liveness check
2020-09-08 06:47:19 [32minfo[39m: Attempting UI extension registration...
2020-09-08 06:47:19 [31merror[39m: connect ECONNREFUSED 172.18.0.7:8000
2020-09-08 06:47:19 [32minfo[39m: Failed registration (Attempt #7). Attempting again in 30 seconds.
2020-09-08 06:47:29 [32minfo[39m: Execute liveness check
2020-09-08 06:47:39 [32minfo[39m: Execute liveness check
2020-09-08 06:47:49 [32minfo[39m: Attempting UI extension registration...
2020-09-08 06:47:49 [31merror[39m: connect ECONNREFUSED 172.18.0.7:8000
2020-09-08 06:47:49 [32minfo[39m: Failed registration (Attempt #8). Attempting again in 30 seconds.
2020-09-08 06:47:49 [32minfo[39m: Execute liveness check
2020-09-08 06:47:59 [32minfo[39m: Execute liveness check
2020-09-08 06:48:09 [32minfo[39m: Execute liveness check
2020-09-08 06:48:19 [32minfo[39m: Attempting UI extension registration...
2020-09-08 06:48:19 [31merror[39m: connect ECONNREFUSED 172.18.0.7:8000
2020-09-08 06:48:19 [32minfo[39m: Failed registration (Attempt #9). Attempting again in 30 seconds.
2020-09-08 06:48:20 [32minfo[39m: Execute liveness check
2020-09-08 06:48:30 [32minfo[39m: Execute liveness check
2020-09-08 06:48:40 [32minfo[39m: Execute liveness check
2020-09-08 06:48:49 [32minfo[39m: Attempting UI extension registration...
2020-09-08 06:48:50 [32minfo[39m: Execute liveness check
2020-09-08 06:48:50 [31merror[39m: connect ECONNREFUSED 172.18.0.7:8000
2020-09-08 06:48:50 [32minfo[39m: Failed registration (Attempt #10). Attempting again in 30 seconds.
2020-09-08 06:49:00 [32minfo[39m: Execute liveness check
2020-09-08 06:49:10 [32minfo[39m: Execute liveness check
2020-09-08 06:49:20 [32minfo[39m: Attempting UI extension registration...
2020-09-08 06:49:20 [31merror[39m: connect ECONNREFUSED 172.18.0.7:8000
2020-09-08 06:49:20 [32minfo[39m: Failed registration (Attempt #11). Attempting again in 30 seconds.
2020-09-08 06:49:20 [32minfo[39m: Execute liveness check
2020-09-08 06:49:30 [32minfo[39m: Execute liveness check
2020-09-08 06:49:41 [32minfo[39m: Execute liveness check
2020-09-08 06:49:50 [32minfo[39m: Attempting UI extension registration...
2020-09-08 06:49:50 [31merror[39m: connect ECONNREFUSED 172.18.0.7:8000
2020-09-08 06:49:50 [32minfo[39m: Failed registration (Attempt #12). Attempting again in 30 seconds.
2020-09-08 06:49:51 [32minfo[39m: Execute liveness check
2020-09-08 06:50:01 [32minfo[39m: Execute liveness check
2020-09-08 06:50:11 [32minfo[39m: Execute liveness check
2020-09-08 06:50:20 [32minfo[39m: Attempting UI extension registration...
2020-09-08 06:50:20 [31merror[39m: connect ECONNREFUSED 172.18.0.7:8000
2020-09-08 06:50:20 [32minfo[39m: Failed registration (Attempt #13). Attempting again in 30 seconds.
2020-09-08 06:50:21 [32minfo[39m: Execute liveness check
2020-09-08 06:50:31 [32minfo[39m: Execute liveness check
2020-09-08 06:50:41 [32minfo[39m: Execute liveness check
2020-09-08 06:50:50 [32minfo[39m: Attempting UI extension registration...
2020-09-08 06:50:50 [31merror[39m: connect ECONNREFUSED 172.18.0.7:8000
2020-09-08 06:50:50 [32minfo[39m: Failed registration (Attempt #14). Attempting again in 30 seconds.
2020-09-08 06:50:51 [32minfo[39m: Execute liveness check
2020-09-08 06:51:01 [32minfo[39m: Execute liveness check
2020-09-08 06:51:11 [32minfo[39m: Execute liveness check
2020-09-08 06:51:20 [32minfo[39m: Attempting UI extension registration...
2020-09-08 06:51:20 [31merror[39m: connect ECONNREFUSED 172.18.0.7:8000
2020-09-08 06:51:20 [32minfo[39m: Failed registration (Attempt #15). Attempting again in 30 seconds.
2020-09-08 06:51:22 [32minfo[39m: Execute liveness check
2020-09-08 06:51:32 [32minfo[39m: Execute liveness check
2020-09-08 06:51:42 [32minfo[39m: Execute liveness check
2020-09-08 06:51:50 [32minfo[39m: Attempting UI extension registration...
2020-09-08 06:51:50 [31merror[39m: connect ECONNREFUSED 172.18.0.7:8000
2020-09-08 06:51:50 [32minfo[39m: Failed registration (Attempt #16). Attempting again in 30 seconds.
2020-09-08 06:51:52 [32minfo[39m: Execute liveness check
2020-09-08 06:52:02 [32minfo[39m: Execute liveness check
2020-09-08 06:52:12 [32minfo[39m: Execute liveness check
2020-09-08 06:52:20 [32minfo[39m: Attempting UI extension registration...
2020-09-08 06:52:20 [31merror[39m: connect ECONNREFUSED 172.18.0.7:8000
2020-09-08 06:52:20 [32minfo[39m: Failed registration (Attempt #17). Attempting again in 30 seconds.
2020-09-08 06:52:22 [32minfo[39m: Execute liveness check
2020-09-08 06:52:32 [32minfo[39m: Execute liveness check
2020-09-08 06:52:42 [32minfo[39m: Execute liveness check
2020-09-08 06:52:50 [32minfo[39m: Attempting UI extension registration...
2020-09-08 06:52:50 [31merror[39m: connect ECONNREFUSED 172.18.0.7:8000
2020-09-08 06:52:50 [32minfo[39m: Failed registration (Attempt #18). Attempting again in 30 seconds.
2020-09-08 06:52:53 [32minfo[39m: Execute liveness check
2020-09-08 06:53:03 [32minfo[39m: Execute liveness check
2020-09-08 06:53:13 [32minfo[39m: Execute liveness check
2020-09-08 06:53:20 [32minfo[39m: Attempting UI extension registration...
2020-09-08 06:53:20 [31merror[39m: connect ECONNREFUSED 172.18.0.7:8000
2020-09-08 06:53:20 [32minfo[39m: Failed registration (Attempt #19). Attempting again in 30 seconds.
2020-09-08 06:53:23 [32minfo[39m: Execute liveness check
2020-09-08 06:53:33 [32minfo[39m: Execute liveness check
2020-09-08 06:53:43 [32minfo[39m: Execute liveness check
2020-09-08 06:53:50 [32minfo[39m: Attempting UI extension registration...
2020-09-08 06:53:50 [31merror[39m: connect ECONNREFUSED 172.18.0.7:8000
2020-09-08 06:53:50 [32minfo[39m: Failed registration (Attempt #20). Attempting again in 30 seconds.
2020-09-08 06:53:53 [32minfo[39m: Execute liveness check
2020-09-08 06:54:03 [32minfo[39m: Execute liveness check
2020-09-08 06:54:14 [32minfo[39m: Execute liveness check
2020-09-08 06:54:20 [32minfo[39m: Attempting UI extension registration...
2020-09-08 06:54:20 [31merror[39m: connect ECONNREFUSED 172.18.0.7:8000
2020-09-08 06:54:20 [31merror[39m: Maximum number of attempts exceeded. Could not register UI extension.
2020-09-08 06:54:24 [32minfo[39m: Execute liveness check
2020-09-08 06:54:34 [32minfo[39m: Execute liveness check
2020-09-08 06:54:44 [32minfo[39m: Execute liveness check
2020-09-08 06:54:54 [32minfo[39m: Execute liveness check
2020-09-08 06:55:04 [32minfo[39m: Execute liveness check
2020-09-08 06:55:14 [32minfo[39m: Execute liveness check
2020-09-08 06:55:24 [32minfo[39m: Execute liveness check
2020-09-08 06:55:34 [32minfo[39m: Execute liveness check
2020-09-08 06:55:45 [32minfo[39m: Execute liveness check
2020-09-08 06:55:55 [32minfo[39m: Execute liveness check
2020-09-08 06:56:05 [32minfo[39m: Execute liveness check
2020-09-08 06:56:15 [32minfo[39m: Execute liveness check
2020-09-08 06:56:25 [32minfo[39m: Execute liveness check
2020-09-08 06:56:35 [32minfo[39m: Execute liveness check
2020-09-08 06:56:45 [32minfo[39m: Execute liveness check
2020-09-08 06:56:55 [32minfo[39m: Execute liveness check
2020-09-08 06:57:05 [32minfo[39m: Execute liveness check
2020-09-08 06:57:15 [32minfo[39m: Execute liveness check
2020-09-08 06:57:26 [32minfo[39m: Execute liveness check
2020-09-08 06:57:36 [32minfo[39m: Execute liveness check
2020-09-08 06:57:46 [32minfo[39m: Execute liveness check
2020-09-08 06:57:56 [32minfo[39m: Execute liveness check
2020-09-08 06:58:06 [32minfo[39m: Execute liveness check
2020-09-08 06:58:16 [32minfo[39m: Execute liveness check
2020-09-08 06:58:26 [32minfo[39m: Execute liveness check
2020-09-08 06:58:36 [32minfo[39m: Execute liveness check
2020-09-08 06:58:46 [32minfo[39m: Execute liveness check
2020-09-08 06:58:57 [32minfo[39m: Execute liveness check
2020-09-08 06:59:07 [32minfo[39m: Execute liveness check
2020-09-08 06:59:17 [32minfo[39m: Execute liveness check
2020-09-08 06:59:27 [32minfo[39m: Execute liveness check
2020-09-08 06:59:37 [32minfo[39m: Execute liveness check
2020-09-08 06:59:47 [32minfo[39m: Execute liveness check
2020-09-08 06:59:57 [32minfo[39m: Execute liveness check
2020-09-08 07:00:25 [32minfo[39m: Attempting UI extension registration...
2020-09-08 07:00:25 [32minfo[39m: Server is running version 2020.3.0, 0, 2020.3.0, 61, e457e35, Fri Sep  4 21:55:19 UTC 2020
2020-09-08 07:00:25 [32minfo[39m: Node server started without a TLS certificate on port : 3000
2020-09-08 07:00:25 [31merror[39m: connect ECONNREFUSED 172.19.0.20:8000
2020-09-08 07:00:25 [32minfo[39m: Failed registration (Attempt #1). Attempting again in 30 seconds.
2020-09-08 07:00:32 [32minfo[39m: Execute liveness check
2020-09-08 07:00:42 [32minfo[39m: Execute liveness check
2020-09-08 07:00:52 [32minfo[39m: Execute liveness check
2020-09-08 07:00:55 [32minfo[39m: Attempting UI extension registration...
2020-09-08 07:00:55 [31merror[39m: connect ECONNREFUSED 172.19.0.12:8000
2020-09-08 07:00:55 [32minfo[39m: Failed registration (Attempt #2). Attempting again in 30 seconds.
2020-09-08 07:01:03 [32minfo[39m: Execute liveness check
2020-09-08 07:01:13 [32minfo[39m: Execute liveness check
2020-09-08 07:01:23 [32minfo[39m: Execute liveness check
2020-09-08 07:01:25 [32minfo[39m: Attempting UI extension registration...
2020-09-08 07:01:25 [31merror[39m: connect ECONNREFUSED 172.19.0.12:8000
2020-09-08 07:01:25 [32minfo[39m: Failed registration (Attempt #3). Attempting again in 30 seconds.
2020-09-08 07:01:33 [32minfo[39m: Execute liveness check
2020-09-08 07:01:43 [32minfo[39m: Execute liveness check
2020-09-08 07:01:53 [32minfo[39m: Execute liveness check
2020-09-08 07:01:55 [32minfo[39m: Attempting UI extension registration...
2020-09-08 07:01:55 [31merror[39m: connect ECONNREFUSED 172.19.0.12:8000
2020-09-08 07:01:55 [32minfo[39m: Failed registration (Attempt #4). Attempting again in 30 seconds.
2020-09-08 07:02:04 [32minfo[39m: Execute liveness check
2020-09-08 07:02:14 [32minfo[39m: Execute liveness check
2020-09-08 07:02:24 [32minfo[39m: Execute liveness check
2020-09-08 07:02:25 [32minfo[39m: Attempting UI extension registration...
2020-09-08 07:02:25 [31merror[39m: getaddrinfo ENOTFOUND servicebackend
2020-09-08 07:02:25 [32minfo[39m: Failed registration (Attempt #5). Attempting again in 30 seconds.
2020-09-08 07:02:34 [32minfo[39m: Execute liveness check
2020-09-08 07:16:36 [32minfo[39m: Attempting UI extension registration...
2020-09-08 07:16:36 [32minfo[39m: Server is running version 2020.3.0, 0, 2020.3.0, 61, e457e35, Fri Sep  4 21:55:19 UTC 2020
2020-09-08 07:16:36 [32minfo[39m: Node server started without a TLS certificate on port : 3000
2020-09-08 07:16:36 [31merror[39m: connect ECONNREFUSED 172.21.0.21:8000
2020-09-08 07:16:36 [32minfo[39m: Failed registration (Attempt #1). Attempting again in 30 seconds.
2020-09-08 07:16:44 [32minfo[39m: Execute liveness check
2020-09-08 07:16:54 [32minfo[39m: Execute liveness check
2020-09-08 07:17:04 [32minfo[39m: Execute liveness check
2020-09-08 07:17:06 [32minfo[39m: Attempting UI extension registration...
2020-09-08 07:17:06 [31merror[39m: connect ECONNREFUSED 172.21.0.7:8000
2020-09-08 07:17:06 [32minfo[39m: Failed registration (Attempt #2). Attempting again in 30 seconds.
2020-09-08 07:17:14 [32minfo[39m: Execute liveness check
2020-09-08 07:17:24 [32minfo[39m: Execute liveness check
2020-09-08 07:17:34 [32minfo[39m: Execute liveness check
2020-09-08 07:17:36 [32minfo[39m: Attempting UI extension registration...
2020-09-08 07:17:36 [31merror[39m: connect ECONNREFUSED 172.21.0.7:8000
2020-09-08 07:17:36 [32minfo[39m: Failed registration (Attempt #3). Attempting again in 30 seconds.
2020-09-08 07:17:44 [32minfo[39m: Execute liveness check
2020-09-08 07:17:55 [32minfo[39m: Execute liveness check
2020-09-08 07:18:05 [32minfo[39m: Execute liveness check
2020-09-08 07:18:06 [32minfo[39m: Attempting UI extension registration...
2020-09-08 07:18:06 [31merror[39m: connect ECONNREFUSED 172.21.0.7:8000
2020-09-08 07:18:06 [32minfo[39m: Failed registration (Attempt #4). Attempting again in 30 seconds.
2020-09-08 07:18:15 [32minfo[39m: Execute liveness check
2020-09-08 07:18:25 [32minfo[39m: Execute liveness check
2020-09-08 07:18:35 [32minfo[39m: Execute liveness check
2020-09-08 07:18:36 [32minfo[39m: Attempting UI extension registration...
2020-09-08 07:18:36 [31merror[39m: connect ECONNREFUSED 172.21.0.7:8000
2020-09-08 07:18:36 [32minfo[39m: Failed registration (Attempt #5). Attempting again in 30 seconds.
2020-09-08 07:18:45 [32minfo[39m: Execute liveness check
2020-09-08 07:18:55 [32minfo[39m: Execute liveness check
2020-09-08 07:19:05 [32minfo[39m: Execute liveness check
2020-09-08 07:19:06 [32minfo[39m: Attempting UI extension registration...
2020-09-08 07:19:06 [31merror[39m: connect ECONNREFUSED 172.21.0.7:8000
2020-09-08 07:19:06 [32minfo[39m: Failed registration (Attempt #6). Attempting again in 30 seconds.
2020-09-08 07:19:16 [32minfo[39m: Execute liveness check
2020-09-08 07:19:26 [32minfo[39m: Execute liveness check
2020-09-08 07:19:36 [32minfo[39m: Attempting UI extension registration...
2020-09-08 07:19:36 [31merror[39m: connect ECONNREFUSED 172.21.0.7:8000
2020-09-08 07:19:36 [32minfo[39m: Failed registration (Attempt #7). Attempting again in 30 seconds.
2020-09-08 07:19:36 [32minfo[39m: Execute liveness check
2020-09-08 07:19:46 [32minfo[39m: Execute liveness check
2020-09-08 07:19:56 [32minfo[39m: Execute liveness check
2020-09-08 07:20:03 [32minfo[39m: Attempting UI extension registration...
2020-09-08 07:20:03 [32minfo[39m: Server is running version 2020.3.0, 0, 2020.3.0, 61, e457e35, Fri Sep  4 21:55:19 UTC 2020
2020-09-08 07:20:03 [32minfo[39m: Node server started without a TLS certificate on port : 3000
2020-09-08 07:20:03 [31merror[39m: connect ECONNREFUSED 172.21.0.9:8000
2020-09-08 07:20:03 [32minfo[39m: Failed registration (Attempt #1). Attempting again in 30 seconds.
2020-09-08 07:20:11 [32minfo[39m: Execute liveness check
2020-09-08 07:20:21 [32minfo[39m: Execute liveness check
2020-09-08 07:20:31 [32minfo[39m: Execute liveness check
2020-09-08 07:20:33 [32minfo[39m: Attempting UI extension registration...
2020-09-08 07:20:33 [31merror[39m: connect ECONNREFUSED 172.21.0.9:8000
2020-09-08 07:20:33 [32minfo[39m: Failed registration (Attempt #2). Attempting again in 30 seconds.
2020-09-08 07:20:41 [32minfo[39m: Execute liveness check
2020-09-08 07:20:52 [32minfo[39m: Execute liveness check
2020-09-08 07:21:02 [32minfo[39m: Execute liveness check
2020-09-08 07:21:03 [32minfo[39m: Attempting UI extension registration...
2020-09-08 07:21:03 [31merror[39m: connect ECONNREFUSED 172.21.0.9:8000
2020-09-08 07:21:03 [32minfo[39m: Failed registration (Attempt #3). Attempting again in 30 seconds.
2020-09-08 07:21:12 [32minfo[39m: Execute liveness check
2020-09-08 07:22:41 [32minfo[39m: Attempting UI extension registration...
2020-09-08 07:22:41 [32minfo[39m: Server is running version 2020.3.0, 0, 2020.3.0, 61, e457e35, Fri Sep  4 21:55:19 UTC 2020
2020-09-08 07:22:41 [32minfo[39m: Node server started without a TLS certificate on port : 3000
2020-09-08 07:22:41 [31merror[39m: connect ECONNREFUSED 172.21.0.21:8000
2020-09-08 07:22:41 [32minfo[39m: Failed registration (Attempt #1). Attempting again in 30 seconds.
2020-09-08 07:22:49 [32minfo[39m: Execute liveness check
2020-09-08 07:22:59 [32minfo[39m: Execute liveness check
2020-09-08 07:23:09 [32minfo[39m: Execute liveness check
2020-09-08 07:23:11 [32minfo[39m: Attempting UI extension registration...
2020-09-08 07:23:11 [31merror[39m: connect ECONNREFUSED 172.21.0.21:8000
2020-09-08 07:23:11 [32minfo[39m: Failed registration (Attempt #2). Attempting again in 30 seconds.
2020-09-08 07:23:19 [32minfo[39m: Execute liveness check
2020-09-08 07:23:29 [32minfo[39m: Execute liveness check
2020-09-08 07:23:40 [32minfo[39m: Execute liveness check
2020-09-08 07:23:41 [32minfo[39m: Attempting UI extension registration...
2020-09-08 07:23:41 [31merror[39m: connect ECONNREFUSED 172.21.0.21:8000
2020-09-08 07:23:41 [32minfo[39m: Failed registration (Attempt #3). Attempting again in 30 seconds.
2020-09-08 07:23:50 [32minfo[39m: Execute liveness check
2020-09-08 07:24:00 [32minfo[39m: Execute liveness check
2020-09-08 07:24:10 [32minfo[39m: Execute liveness check
2020-09-08 07:24:11 [32minfo[39m: Attempting UI extension registration...
2020-09-08 07:24:11 [31merror[39m: connect ECONNREFUSED 172.21.0.21:8000
2020-09-08 07:24:11 [32minfo[39m: Failed registration (Attempt #4). Attempting again in 30 seconds.
2020-09-08 07:24:20 [32minfo[39m: Execute liveness check
2020-09-08 07:24:30 [32minfo[39m: Execute liveness check
2020-09-08 07:24:40 [32minfo[39m: Execute liveness check
2020-09-08 07:24:41 [32minfo[39m: Attempting UI extension registration...
2020-09-08 07:24:41 [31merror[39m: connect ECONNREFUSED 172.21.0.21:8000
2020-09-08 07:24:41 [32minfo[39m: Failed registration (Attempt #5). Attempting again in 30 seconds.
2020-09-08 07:24:50 [32minfo[39m: Execute liveness check
2020-09-08 07:25:01 [32minfo[39m: Execute liveness check
2020-09-08 07:25:11 [32minfo[39m: Execute liveness check
2020-09-08 07:25:11 [32minfo[39m: Attempting UI extension registration...
2020-09-08 07:25:11 [31merror[39m: connect ECONNREFUSED 172.21.0.21:8000
2020-09-08 07:25:11 [32minfo[39m: Failed registration (Attempt #6). Attempting again in 30 seconds.
2020-09-08 07:25:21 [32minfo[39m: Execute liveness check
2020-09-08 07:25:31 [32minfo[39m: Execute liveness check
2020-09-08 07:25:41 [32minfo[39m: Attempting UI extension registration...
2020-09-08 07:25:41 [31merror[39m: connect ECONNREFUSED 172.21.0.21:8000
2020-09-08 07:25:41 [32minfo[39m: Failed registration (Attempt #7). Attempting again in 30 seconds.
2020-09-08 07:25:41 [32minfo[39m: Execute liveness check
2020-09-08 07:27:12 [32minfo[39m: Attempting UI extension registration...
2020-09-08 07:27:12 [32minfo[39m: Server is running version 2020.3.0, 0, 2020.3.0, 61, e457e35, Fri Sep  4 21:55:19 UTC 2020
2020-09-08 07:27:12 [32minfo[39m: Node server started without a TLS certificate on port : 3000
2020-09-08 07:27:12 [31merror[39m: connect ECONNREFUSED 172.22.0.20:8000
2020-09-08 07:27:12 [32minfo[39m: Failed registration (Attempt #1). Attempting again in 30 seconds.
2020-09-08 07:27:20 [32minfo[39m: Execute liveness check
2020-09-08 07:27:30 [32minfo[39m: Execute liveness check
2020-09-08 07:27:40 [32minfo[39m: Execute liveness check
2020-09-08 07:27:42 [32minfo[39m: Attempting UI extension registration...
2020-09-08 07:27:42 [31merror[39m: connect ECONNREFUSED 172.22.0.20:8000
2020-09-08 07:27:42 [32minfo[39m: Failed registration (Attempt #2). Attempting again in 30 seconds.
2020-09-08 07:27:50 [32minfo[39m: Execute liveness check
2020-09-08 07:28:00 [32minfo[39m: Execute liveness check
2020-09-08 07:28:10 [32minfo[39m: Execute liveness check
2020-09-08 07:28:12 [32minfo[39m: Attempting UI extension registration...
2020-09-08 07:28:12 [31merror[39m: connect ECONNREFUSED 172.22.0.20:8000
2020-09-08 07:28:12 [32minfo[39m: Failed registration (Attempt #3). Attempting again in 30 seconds.
2020-09-08 07:28:20 [32minfo[39m: Execute liveness check
2020-09-08 07:28:31 [32minfo[39m: Execute liveness check
2020-09-08 07:28:41 [32minfo[39m: Execute liveness check
2020-09-08 07:28:42 [32minfo[39m: Attempting UI extension registration...
2020-09-08 07:28:42 [31merror[39m: connect ECONNREFUSED 172.22.0.20:8000
2020-09-08 07:28:42 [32minfo[39m: Failed registration (Attempt #4). Attempting again in 30 seconds.
2020-09-08 07:28:51 [32minfo[39m: Execute liveness check
2020-09-08 07:29:01 [32minfo[39m: Execute liveness check
2020-09-08 07:29:11 [32minfo[39m: Execute liveness check
2020-09-08 07:29:12 [32minfo[39m: Attempting UI extension registration...
2020-09-08 07:29:12 [31merror[39m: connect ECONNREFUSED 172.22.0.20:8000
2020-09-08 07:29:12 [32minfo[39m: Failed registration (Attempt #5). Attempting again in 30 seconds.
2020-09-08 07:29:21 [32minfo[39m: Execute liveness check
2020-09-08 07:29:31 [32minfo[39m: Execute liveness check
2020-09-08 07:29:42 [32minfo[39m: Execute liveness check
2020-09-08 07:29:42 [32minfo[39m: Attempting UI extension registration...
2020-09-08 07:29:42 [31merror[39m: connect ECONNREFUSED 172.22.0.20:8000
2020-09-08 07:29:42 [32minfo[39m: Failed registration (Attempt #6). Attempting again in 30 seconds.
2020-09-08 07:29:52 [32minfo[39m: Execute liveness check
2020-09-08 07:30:02 [32minfo[39m: Execute liveness check
2020-09-08 07:30:12 [32minfo[39m: Attempting UI extension registration...
2020-09-08 07:30:12 [31merror[39m: connect ECONNREFUSED 172.22.0.20:8000
2020-09-08 07:30:12 [32minfo[39m: Failed registration (Attempt #7). Attempting again in 30 seconds.
2020-09-08 07:30:12 [32minfo[39m: Execute liveness check
2020-09-08 07:30:22 [32minfo[39m: Execute liveness check
2020-09-08 07:30:32 [32minfo[39m: Execute liveness check
2020-09-08 07:30:42 [32minfo[39m: Attempting UI extension registration...
2020-09-08 07:30:42 [31merror[39m: connect ECONNREFUSED 172.22.0.20:8000
2020-09-08 07:30:42 [32minfo[39m: Failed registration (Attempt #8). Attempting again in 30 seconds.
2020-09-08 07:30:42 [32minfo[39m: Execute liveness check
2020-09-08 07:30:52 [32minfo[39m: Execute liveness check
2020-09-08 07:31:02 [32minfo[39m: Execute liveness check
2020-09-08 07:31:12 [32minfo[39m: Attempting UI extension registration...
2020-09-08 07:31:12 [31merror[39m: connect ECONNREFUSED 172.22.0.20:8000
2020-09-08 07:31:12 [32minfo[39m: Failed registration (Attempt #9). Attempting again in 30 seconds.
2020-09-08 07:31:13 [32minfo[39m: Execute liveness check
2020-09-08 07:31:23 [32minfo[39m: Execute liveness check
2020-09-08 07:31:33 [32minfo[39m: Execute liveness check
2020-09-08 07:31:42 [32minfo[39m: Attempting UI extension registration...
2020-09-08 07:31:42 [31merror[39m: connect ECONNREFUSED 172.22.0.20:8000
2020-09-08 07:31:42 [32minfo[39m: Failed registration (Attempt #10). Attempting again in 30 seconds.
2020-09-08 07:31:43 [32minfo[39m: Execute liveness check
2020-09-08 07:31:53 [32minfo[39m: Execute liveness check
2020-09-08 07:32:03 [32minfo[39m: Execute liveness check
2020-09-08 07:32:12 [32minfo[39m: Attempting UI extension registration...
2020-09-08 07:32:12 [31merror[39m: connect ECONNREFUSED 172.22.0.20:8000
2020-09-08 07:32:12 [32minfo[39m: Failed registration (Attempt #11). Attempting again in 30 seconds.
2020-09-08 07:32:13 [32minfo[39m: Execute liveness check
2020-09-08 07:32:23 [32minfo[39m: Execute liveness check
2020-09-08 07:32:33 [32minfo[39m: Execute liveness check
2020-09-08 07:32:42 [32minfo[39m: Attempting UI extension registration...
2020-09-08 07:32:42 [31merror[39m: connect ECONNREFUSED 172.22.0.20:8000
2020-09-08 07:32:42 [32minfo[39m: Failed registration (Attempt #12). Attempting again in 30 seconds.
2020-09-08 07:32:44 [32minfo[39m: Execute liveness check
2020-09-08 07:32:54 [32minfo[39m: Execute liveness check
2020-09-08 07:33:04 [32minfo[39m: Execute liveness check
2020-09-08 07:33:12 [32minfo[39m: Attempting UI extension registration...
2020-09-08 07:33:12 [31merror[39m: connect ECONNREFUSED 172.22.0.20:8000
2020-09-08 07:33:12 [32minfo[39m: Failed registration (Attempt #13). Attempting again in 30 seconds.
2020-09-08 07:33:14 [32minfo[39m: Execute liveness check
2020-09-08 07:33:24 [32minfo[39m: Execute liveness check
2020-09-08 07:33:34 [32minfo[39m: Execute liveness check
2020-09-08 07:33:42 [32minfo[39m: Attempting UI extension registration...
2020-09-08 07:33:42 [31merror[39m: connect ECONNREFUSED 172.22.0.20:8000
2020-09-08 07:33:42 [32minfo[39m: Failed registration (Attempt #14). Attempting again in 30 seconds.
2020-09-08 07:33:44 [32minfo[39m: Execute liveness check
2020-09-08 07:33:54 [32minfo[39m: Execute liveness check
2020-09-08 07:34:04 [32minfo[39m: Execute liveness check
2020-09-08 07:34:12 [32minfo[39m: Attempting UI extension registration...
2020-09-08 07:34:12 [31merror[39m: connect ECONNREFUSED 172.22.0.20:8000
2020-09-08 07:34:12 [32minfo[39m: Failed registration (Attempt #15). Attempting again in 30 seconds.
2020-09-08 07:34:14 [32minfo[39m: Execute liveness check
2020-09-08 07:34:25 [32minfo[39m: Execute liveness check
2020-09-08 07:34:35 [32minfo[39m: Execute liveness check
2020-09-08 07:34:42 [32minfo[39m: Attempting UI extension registration...
2020-09-08 07:34:42 [31merror[39m: connect ECONNREFUSED 172.22.0.20:8000
2020-09-08 07:34:42 [32minfo[39m: Failed registration (Attempt #16). Attempting again in 30 seconds.
2020-09-08 07:34:45 [32minfo[39m: Execute liveness check
2020-09-08 07:34:55 [32minfo[39m: Execute liveness check
2020-09-08 07:35:05 [32minfo[39m: Execute liveness check
2020-09-08 07:35:12 [32minfo[39m: Attempting UI extension registration...
2020-09-08 07:35:12 [31merror[39m: connect ECONNREFUSED 172.22.0.20:8000
2020-09-08 07:35:12 [32minfo[39m: Failed registration (Attempt #17). Attempting again in 30 seconds.
2020-09-08 07:35:15 [32minfo[39m: Execute liveness check
2020-09-08 07:35:25 [32minfo[39m: Execute liveness check
2020-09-08 07:35:35 [32minfo[39m: Execute liveness check
2020-09-08 07:35:42 [32minfo[39m: Attempting UI extension registration...
2020-09-08 07:35:42 [31merror[39m: connect ECONNREFUSED 172.22.0.20:8000
2020-09-08 07:35:42 [32minfo[39m: Failed registration (Attempt #18). Attempting again in 30 seconds.
2020-09-08 07:35:46 [32minfo[39m: Execute liveness check
2020-09-08 07:35:56 [32minfo[39m: Execute liveness check
2020-09-08 07:36:06 [32minfo[39m: Execute liveness check
2020-09-08 07:36:12 [32minfo[39m: Attempting UI extension registration...
2020-09-08 07:36:12 [31merror[39m: connect ECONNREFUSED 172.22.0.20:8000
2020-09-08 07:36:12 [32minfo[39m: Failed registration (Attempt #19). Attempting again in 30 seconds.
2020-09-08 07:36:16 [32minfo[39m: Execute liveness check
2020-09-08 07:36:26 [32minfo[39m: Execute liveness check
2020-09-08 07:36:36 [32minfo[39m: Execute liveness check
2020-09-08 07:36:41 [32minfo[39m: Attempting UI extension registration...
2020-09-08 07:36:41 [31merror[39m: connect ECONNREFUSED 172.22.0.20:8000
2020-09-08 07:36:41 [32minfo[39m: Failed registration (Attempt #20). Attempting again in 30 seconds.
2020-09-08 07:36:46 [32minfo[39m: Execute liveness check
2020-09-08 07:36:56 [32minfo[39m: Execute liveness check
2020-09-08 07:37:06 [32minfo[39m: Execute liveness check
2020-09-08 07:37:11 [32minfo[39m: Attempting UI extension registration...
2020-09-08 07:37:11 [31merror[39m: connect ECONNREFUSED 172.22.0.20:8000
2020-09-08 07:37:11 [31merror[39m: Maximum number of attempts exceeded. Could not register UI extension.
2020-09-08 07:37:17 [32minfo[39m: Execute liveness check
2020-09-08 07:37:27 [32minfo[39m: Execute liveness check
2020-09-08 07:37:37 [32minfo[39m: Execute liveness check
2020-09-08 07:37:47 [32minfo[39m: Execute liveness check
2020-09-08 07:37:57 [32minfo[39m: Execute liveness check
2020-09-08 07:38:07 [32minfo[39m: Execute liveness check
2020-09-08 07:38:17 [32minfo[39m: Execute liveness check
2020-09-08 07:38:27 [32minfo[39m: Execute liveness check
2020-09-08 07:38:37 [32minfo[39m: Execute liveness check
2020-09-08 07:38:48 [32minfo[39m: Execute liveness check
2020-09-08 07:39:33 [32minfo[39m: Attempting UI extension registration...
2020-09-08 07:39:33 [32minfo[39m: Server is running version 2020.3.0, 0, 2020.3.0, 61, e457e35, Fri Sep  4 21:55:19 UTC 2020
2020-09-08 07:39:33 [32minfo[39m: Node server started without a TLS certificate on port : 3000
2020-09-08 07:39:33 [31merror[39m: getaddrinfo ENOTFOUND servicebackend
2020-09-08 07:39:33 [32minfo[39m: Failed registration (Attempt #1). Attempting again in 30 seconds.
2020-09-08 07:39:41 [32minfo[39m: Execute liveness check
2020-09-08 07:39:51 [32minfo[39m: Execute liveness check
2020-09-08 07:40:01 [32minfo[39m: Execute liveness check
2020-09-08 07:40:03 [32minfo[39m: Attempting UI extension registration...
2020-09-08 07:40:03 [31merror[39m: connect ECONNREFUSED 172.23.0.21:8000
2020-09-08 07:40:03 [32minfo[39m: Failed registration (Attempt #2). Attempting again in 30 seconds.
2020-09-08 07:40:12 [32minfo[39m: Execute liveness check
2020-09-08 07:40:22 [32minfo[39m: Execute liveness check
2020-09-08 07:40:32 [32minfo[39m: Execute liveness check
2020-09-08 07:40:33 [32minfo[39m: Attempting UI extension registration...
2020-09-08 07:40:33 [31merror[39m: connect ECONNREFUSED 172.23.0.21:8000
2020-09-08 07:40:33 [32minfo[39m: Failed registration (Attempt #3). Attempting again in 30 seconds.
2020-09-08 07:40:42 [32minfo[39m: Execute liveness check
2020-09-08 07:40:52 [32minfo[39m: Execute liveness check
2020-09-08 07:41:02 [32minfo[39m: Execute liveness check
2020-09-08 07:41:03 [32minfo[39m: Attempting UI extension registration...
2020-09-08 07:41:03 [31merror[39m: connect ECONNREFUSED 172.23.0.21:8000
2020-09-08 07:41:03 [32minfo[39m: Failed registration (Attempt #4). Attempting again in 30 seconds.
2020-09-08 07:41:12 [32minfo[39m: Execute liveness check
2020-09-08 07:41:23 [32minfo[39m: Execute liveness check
2020-09-08 07:41:33 [32minfo[39m: Attempting UI extension registration...
2020-09-08 07:41:33 [32minfo[39m: Execute liveness check
2020-09-08 07:41:34 [31merror[39m: connect ECONNREFUSED 172.23.0.21:8000
2020-09-08 07:41:34 [32minfo[39m: Failed registration (Attempt #5). Attempting again in 30 seconds.
2020-09-08 07:41:43 [32minfo[39m: Execute liveness check
2020-09-08 07:41:53 [32minfo[39m: Execute liveness check
2020-09-08 07:42:03 [32minfo[39m: Execute liveness check
2020-09-08 07:42:04 [32minfo[39m: Attempting UI extension registration...
2020-09-08 07:42:04 [31merror[39m: connect ECONNREFUSED 172.23.0.21:8000
2020-09-08 07:42:04 [32minfo[39m: Failed registration (Attempt #6). Attempting again in 30 seconds.
2020-09-08 07:42:13 [32minfo[39m: Execute liveness check
2020-09-08 07:42:23 [32minfo[39m: Execute liveness check
2020-09-08 07:42:33 [32minfo[39m: Execute liveness check
2020-09-08 07:42:34 [32minfo[39m: Attempting UI extension registration...
2020-09-08 07:42:34 [31merror[39m: connect ECONNREFUSED 172.23.0.21:8000
2020-09-08 07:42:34 [32minfo[39m: Failed registration (Attempt #7). Attempting again in 30 seconds.
2020-09-08 07:42:44 [32minfo[39m: Execute liveness check
2020-09-08 07:42:54 [32minfo[39m: Execute liveness check
2020-09-08 07:43:03 [32minfo[39m: Attempting UI extension registration...
2020-09-08 07:43:03 [31merror[39m: connect ECONNREFUSED 172.23.0.21:8000
2020-09-08 07:43:03 [32minfo[39m: Failed registration (Attempt #8). Attempting again in 30 seconds.
2020-09-08 07:43:04 [32minfo[39m: Execute liveness check
2020-09-08 07:43:14 [32minfo[39m: Execute liveness check
2020-09-08 07:43:24 [32minfo[39m: Execute liveness check
2020-09-08 07:43:33 [32minfo[39m: Attempting UI extension registration...
2020-09-08 07:43:33 [31merror[39m: connect ECONNREFUSED 172.23.0.21:8000
2020-09-08 07:43:33 [32minfo[39m: Failed registration (Attempt #9). Attempting again in 30 seconds.
2020-09-08 07:43:34 [32minfo[39m: Execute liveness check
2020-09-08 07:43:44 [32minfo[39m: Execute liveness check
2020-09-08 07:43:55 [32minfo[39m: Execute liveness check
2020-09-08 07:44:03 [32minfo[39m: Attempting UI extension registration...
2020-09-08 07:44:03 [31merror[39m: connect ECONNREFUSED 172.23.0.21:8000
2020-09-08 07:44:03 [32minfo[39m: Failed registration (Attempt #10). Attempting again in 30 seconds.
2020-09-08 07:44:05 [32minfo[39m: Execute liveness check
2020-09-08 07:44:15 [32minfo[39m: Execute liveness check
2020-09-08 07:44:25 [32minfo[39m: Execute liveness check
2020-09-08 07:44:33 [32minfo[39m: Attempting UI extension registration...
2020-09-08 07:44:33 [31merror[39m: connect ECONNREFUSED 172.23.0.21:8000
2020-09-08 07:44:33 [32minfo[39m: Failed registration (Attempt #11). Attempting again in 30 seconds.
2020-09-08 07:44:35 [32minfo[39m: Execute liveness check
2020-09-08 07:44:45 [32minfo[39m: Execute liveness check
2020-09-08 07:44:55 [32minfo[39m: Execute liveness check
2020-09-08 07:45:03 [32minfo[39m: Attempting UI extension registration...
2020-09-08 07:45:03 [31merror[39m: connect ECONNREFUSED 172.23.0.21:8000
2020-09-08 07:45:03 [32minfo[39m: Failed registration (Attempt #12). Attempting again in 30 seconds.
2020-09-08 07:45:06 [32minfo[39m: Execute liveness check
2020-09-08 07:45:16 [32minfo[39m: Execute liveness check
2020-09-08 07:45:26 [32minfo[39m: Execute liveness check
2020-09-08 07:45:33 [32minfo[39m: Attempting UI extension registration...
2020-09-08 07:45:33 [31merror[39m: connect ECONNREFUSED 172.23.0.21:8000
2020-09-08 07:45:33 [32minfo[39m: Failed registration (Attempt #13). Attempting again in 30 seconds.
2020-09-08 07:45:36 [32minfo[39m: Execute liveness check
2020-09-08 07:45:46 [32minfo[39m: Execute liveness check
2020-09-08 07:45:56 [32minfo[39m: Execute liveness check
2020-09-08 07:46:03 [32minfo[39m: Attempting UI extension registration...
2020-09-08 07:46:03 [31merror[39m: connect ECONNREFUSED 172.23.0.21:8000
2020-09-08 07:46:03 [32minfo[39m: Failed registration (Attempt #14). Attempting again in 30 seconds.
2020-09-08 07:46:06 [32minfo[39m: Execute liveness check
2020-09-08 07:46:17 [32minfo[39m: Execute liveness check
2020-09-08 07:46:27 [32minfo[39m: Execute liveness check
2020-09-08 07:46:33 [32minfo[39m: Attempting UI extension registration...
2020-09-08 07:46:33 [31merror[39m: connect ECONNREFUSED 172.23.0.21:8000
2020-09-08 07:46:33 [32minfo[39m: Failed registration (Attempt #15). Attempting again in 30 seconds.
2020-09-08 07:46:37 [32minfo[39m: Execute liveness check
2020-09-08 07:46:47 [32minfo[39m: Execute liveness check
2020-09-08 07:46:57 [32minfo[39m: Execute liveness check
2020-09-08 07:47:03 [32minfo[39m: Attempting UI extension registration...
2020-09-08 07:47:03 [31merror[39m: connect ECONNREFUSED 172.23.0.21:8000
2020-09-08 07:47:03 [32minfo[39m: Failed registration (Attempt #16). Attempting again in 30 seconds.
2020-09-08 07:47:07 [32minfo[39m: Execute liveness check
2020-09-08 07:47:17 [32minfo[39m: Execute liveness check
2020-09-08 07:47:27 [32minfo[39m: Execute liveness check
2020-09-08 07:47:33 [32minfo[39m: Attempting UI extension registration...
2020-09-08 07:47:33 [31merror[39m: connect ECONNREFUSED 172.23.0.21:8000
2020-09-08 07:47:33 [32minfo[39m: Failed registration (Attempt #17). Attempting again in 30 seconds.
2020-09-08 07:47:37 [32minfo[39m: Execute liveness check
2020-09-08 07:47:48 [32minfo[39m: Execute liveness check
2020-09-08 07:47:58 [32minfo[39m: Execute liveness check
2020-09-08 07:48:03 [32minfo[39m: Attempting UI extension registration...
2020-09-08 07:48:03 [31merror[39m: connect ECONNREFUSED 172.23.0.21:8000
2020-09-08 07:48:03 [32minfo[39m: Failed registration (Attempt #18). Attempting again in 30 seconds.
2020-09-08 07:48:08 [32minfo[39m: Execute liveness check
2020-09-08 07:48:18 [32minfo[39m: Execute liveness check
2020-09-08 07:48:28 [32minfo[39m: Execute liveness check
2020-09-08 07:48:33 [32minfo[39m: Attempting UI extension registration...
2020-09-08 07:48:33 [31merror[39m: connect ECONNREFUSED 172.23.0.21:8000
2020-09-08 07:48:33 [32minfo[39m: Failed registration (Attempt #19). Attempting again in 30 seconds.
2020-09-08 07:48:38 [32minfo[39m: Execute liveness check
2020-09-08 07:48:48 [32minfo[39m: Execute liveness check
2020-09-08 07:48:59 [32minfo[39m: Execute liveness check
2020-09-08 07:49:03 [32minfo[39m: Attempting UI extension registration...
2020-09-08 07:49:03 [31merror[39m: connect ECONNREFUSED 172.23.0.21:8000
2020-09-08 07:49:03 [32minfo[39m: Failed registration (Attempt #20). Attempting again in 30 seconds.
2020-09-08 07:49:09 [32minfo[39m: Execute liveness check
2020-09-08 07:49:19 [32minfo[39m: Execute liveness check
2020-09-08 07:49:29 [32minfo[39m: Execute liveness check
2020-09-08 07:49:33 [32minfo[39m: Attempting UI extension registration...
2020-09-08 07:49:33 [31merror[39m: connect ECONNREFUSED 172.23.0.21:8000
2020-09-08 07:49:33 [31merror[39m: Maximum number of attempts exceeded. Could not register UI extension.
2020-09-08 07:49:39 [32minfo[39m: Execute liveness check
2020-09-08 07:49:49 [32minfo[39m: Execute liveness check
2020-09-08 07:49:59 [32minfo[39m: Execute liveness check
2020-09-08 07:50:09 [32minfo[39m: Execute liveness check
2020-09-08 07:50:19 [32minfo[39m: Execute liveness check
2020-09-08 07:50:30 [32minfo[39m: Execute liveness check
2020-09-08 07:50:40 [32minfo[39m: Execute liveness check
2020-09-08 07:50:50 [32minfo[39m: Execute liveness check
2020-09-08 07:51:00 [32minfo[39m: Execute liveness check
2020-09-08 07:51:10 [32minfo[39m: Execute liveness check
2020-09-08 07:51:20 [32minfo[39m: Execute liveness check
2020-09-08 07:51:30 [32minfo[39m: Execute liveness check
2020-09-08 07:51:40 [32minfo[39m: Execute liveness check
2020-09-08 07:51:50 [32minfo[39m: Execute liveness check
2020-09-08 07:52:01 [32minfo[39m: Execute liveness check
2020-09-08 07:52:11 [32minfo[39m: Execute liveness check
2020-09-08 07:52:21 [32minfo[39m: Execute liveness check
2020-09-08 07:52:31 [32minfo[39m: Execute liveness check
2020-09-08 07:52:41 [32minfo[39m: Execute liveness check
2020-09-08 07:52:51 [32minfo[39m: Execute liveness check
2020-09-08 07:53:01 [32minfo[39m: Execute liveness check
2020-09-08 07:53:11 [32minfo[39m: Execute liveness check
2020-09-08 07:53:21 [32minfo[39m: Execute liveness check
2020-09-08 07:53:31 [32minfo[39m: Execute liveness check
2020-09-08 07:53:42 [32minfo[39m: Execute liveness check
2020-09-08 07:53:52 [32minfo[39m: Execute liveness check
2020-09-08 07:54:02 [32minfo[39m: Execute liveness check
2020-09-08 07:54:12 [32minfo[39m: Execute liveness check
2020-09-08 07:54:22 [32minfo[39m: Execute liveness check
2020-09-08 07:54:32 [32minfo[39m: Execute liveness check
2020-09-08 07:54:42 [32minfo[39m: Execute liveness check
2020-09-08 07:54:52 [32minfo[39m: Execute liveness check
2020-09-08 07:55:02 [32minfo[39m: Execute liveness check
2020-09-08 07:55:12 [32minfo[39m: Execute liveness check
2020-09-08 07:55:23 [32minfo[39m: Execute liveness check
2020-09-08 07:55:33 [32minfo[39m: Execute liveness check
2020-09-08 07:55:43 [32minfo[39m: Execute liveness check
2020-09-08 07:55:53 [32minfo[39m: Execute liveness check
2020-09-08 07:56:03 [32minfo[39m: Execute liveness check
2020-09-08 07:56:13 [32minfo[39m: Execute liveness check
2020-09-08 07:56:23 [32minfo[39m: Execute liveness check
2020-09-08 07:56:33 [32minfo[39m: Execute liveness check
2020-09-08 07:56:43 [32minfo[39m: Execute liveness check
2020-09-08 07:56:53 [32minfo[39m: Execute liveness check
2020-09-08 07:57:04 [32minfo[39m: Execute liveness check
2020-09-08 07:57:14 [32minfo[39m: Execute liveness check
2020-09-08 07:57:24 [32minfo[39m: Execute liveness check
2020-09-08 07:57:34 [32minfo[39m: Execute liveness check
2020-09-08 07:57:44 [32minfo[39m: Execute liveness check
2020-09-08 07:57:54 [32minfo[39m: Execute liveness check
2020-09-08 07:58:04 [32minfo[39m: Execute liveness check
2020-09-08 07:58:14 [32minfo[39m: Execute liveness check
2020-09-08 07:58:24 [32minfo[39m: Execute liveness check
2020-09-08 07:58:35 [32minfo[39m: Execute liveness check
2020-09-08 07:58:45 [32minfo[39m: Execute liveness check
2020-09-08 07:58:55 [32minfo[39m: Execute liveness check
2020-09-08 07:59:05 [32minfo[39m: Execute liveness check
2020-09-08 07:59:15 [32minfo[39m: Execute liveness check
2020-09-08 07:59:25 [32minfo[39m: Execute liveness check
2020-09-08 07:59:35 [32minfo[39m: Execute liveness check
2020-09-08 07:59:45 [32minfo[39m: Execute liveness check
2020-09-08 07:59:55 [32minfo[39m: Execute liveness check
2020-09-08 08:00:05 [32minfo[39m: Execute liveness check
2020-09-08 08:00:16 [32minfo[39m: Execute liveness check
2020-09-08 08:00:28 [32minfo[39m: Execute liveness check
2020-09-08 08:00:46 [32minfo[39m: Execute liveness check
2020-09-08 08:14:07 [32minfo[39m: Execute liveness check
2020-09-08 08:14:17 [32minfo[39m: Execute liveness check
2020-09-08 08:14:28 [32minfo[39m: Execute liveness check
2020-09-08 08:14:38 [32minfo[39m: Execute liveness check
2020-09-08 08:14:49 [32minfo[39m: Execute liveness check
2020-09-08 08:14:59 [32minfo[39m: Execute liveness check
2020-09-08 08:15:09 [32minfo[39m: Execute liveness check
2020-09-08 08:15:19 [32minfo[39m: Execute liveness check
2020-09-08 08:15:29 [32minfo[39m: Execute liveness check
2020-09-08 08:15:39 [32minfo[39m: Execute liveness check
2020-09-08 08:15:49 [32minfo[39m: Execute liveness check
2020-09-08 08:15:59 [32minfo[39m: Execute liveness check
2020-09-08 08:16:09 [32minfo[39m: Execute liveness check
2020-09-08 08:16:20 [32minfo[39m: Execute liveness check
2020-09-08 08:16:30 [32minfo[39m: Execute liveness check
2020-09-08 08:16:40 [32minfo[39m: Execute liveness check
2020-09-08 08:16:50 [32minfo[39m: Execute liveness check
2020-09-08 08:17:00 [32minfo[39m: Execute liveness check
2020-09-08 08:17:10 [32minfo[39m: Execute liveness check
2020-09-08 08:17:20 [32minfo[39m: Execute liveness check
2020-09-08 08:17:30 [32minfo[39m: Execute liveness check
2020-09-08 08:17:41 [32minfo[39m: Execute liveness check
2020-09-08 08:17:51 [32minfo[39m: Execute liveness check
2020-09-08 08:18:01 [32minfo[39m: Execute liveness check
2020-09-08 08:18:11 [32minfo[39m: Execute liveness check
2020-09-08 08:18:21 [32minfo[39m: Execute liveness check
2020-09-08 08:18:31 [32minfo[39m: Execute liveness check
2020-09-08 08:18:41 [32minfo[39m: Execute liveness check
2020-09-08 08:18:51 [32minfo[39m: Execute liveness check
2020-09-08 08:19:01 [32minfo[39m: Execute liveness check
2020-09-08 08:19:12 [32minfo[39m: Execute liveness check
2020-09-08 08:19:25 [32minfo[39m: Attempting UI extension registration...
2020-09-08 08:19:25 [32minfo[39m: Server is running version 2020.3.0, 0, 2020.3.0, 61, e457e35, Fri Sep  4 21:55:19 UTC 2020
2020-09-08 08:19:25 [32minfo[39m: Node server started without a TLS certificate on port : 3000
2020-09-08 08:19:26 [31merror[39m: connect ECONNREFUSED 172.24.0.20:8000
2020-09-08 08:19:26 [32minfo[39m: Failed registration (Attempt #1). Attempting again in 30 seconds.
2020-09-08 08:19:33 [32minfo[39m: Execute liveness check
2020-09-08 08:19:43 [32minfo[39m: Execute liveness check
2020-09-08 08:19:53 [32minfo[39m: Execute liveness check
2020-09-08 08:19:56 [32minfo[39m: Attempting UI extension registration...
2020-09-08 08:19:56 [31merror[39m: connect ECONNREFUSED 172.24.0.20:8000
2020-09-08 08:19:56 [32minfo[39m: Failed registration (Attempt #2). Attempting again in 30 seconds.
2020-09-08 08:20:04 [32minfo[39m: Execute liveness check
2020-09-08 08:20:14 [32minfo[39m: Execute liveness check
2020-09-08 08:20:24 [32minfo[39m: Execute liveness check
2020-09-08 08:20:26 [32minfo[39m: Attempting UI extension registration...
2020-09-08 08:20:26 [31merror[39m: connect ECONNREFUSED 172.24.0.20:8000
2020-09-08 08:20:26 [32minfo[39m: Failed registration (Attempt #3). Attempting again in 30 seconds.
2020-09-08 08:20:34 [32minfo[39m: Execute liveness check
2020-09-08 08:20:44 [32minfo[39m: Execute liveness check
2020-09-08 08:20:54 [32minfo[39m: Execute liveness check
2020-09-08 08:20:56 [32minfo[39m: Attempting UI extension registration...
2020-09-08 08:20:56 [31merror[39m: connect ECONNREFUSED 172.24.0.20:8000
2020-09-08 08:20:56 [32minfo[39m: Failed registration (Attempt #4). Attempting again in 30 seconds.
2020-09-08 08:21:05 [32minfo[39m: Execute liveness check
2020-09-08 08:21:15 [32minfo[39m: Execute liveness check
2020-09-08 08:21:25 [32minfo[39m: Execute liveness check
2020-09-08 08:21:26 [32minfo[39m: Attempting UI extension registration...
2020-09-08 08:21:26 [31merror[39m: connect ECONNREFUSED 172.24.0.20:8000
2020-09-08 08:21:26 [32minfo[39m: Failed registration (Attempt #5). Attempting again in 30 seconds.
2020-09-08 08:21:35 [32minfo[39m: Execute liveness check
2020-09-08 08:21:45 [32minfo[39m: Execute liveness check
2020-09-08 08:21:56 [32minfo[39m: Execute liveness check
2020-09-08 08:21:56 [32minfo[39m: Attempting UI extension registration...
2020-09-08 08:21:56 [31merror[39m: connect ECONNREFUSED 172.24.0.20:8000
2020-09-08 08:21:56 [32minfo[39m: Failed registration (Attempt #6). Attempting again in 30 seconds.
2020-09-08 08:22:06 [32minfo[39m: Execute liveness check
2020-09-08 08:22:16 [32minfo[39m: Execute liveness check
2020-09-08 08:22:26 [32minfo[39m: Execute liveness check
2020-09-08 08:22:26 [32minfo[39m: Attempting UI extension registration...
2020-09-08 08:22:26 [31merror[39m: connect ECONNREFUSED 172.24.0.20:8000
2020-09-08 08:22:26 [32minfo[39m: Failed registration (Attempt #7). Attempting again in 30 seconds.
2020-09-08 08:22:36 [32minfo[39m: Execute liveness check
2020-09-08 08:22:46 [32minfo[39m: Execute liveness check
