2020/09/08 06:44:15 [emerg] 1#1: host not found in upstream "ui:3000" in /etc/nginx/conf.d/liveobjects.local.conf:2
2020/09/08 06:44:18 [emerg] 1#1: host not found in upstream "ui:3000" in /etc/nginx/conf.d/liveobjects.local.conf:2
2020/09/08 06:44:20 [emerg] 1#1: host not found in upstream "ui:3000" in /etc/nginx/conf.d/liveobjects.local.conf:2
2020/09/08 06:44:21 [emerg] 1#1: host not found in upstream "ui:3000" in /etc/nginx/conf.d/liveobjects.local.conf:2
2020/09/08 06:44:22 [emerg] 1#1: host not found in upstream "ui:3000" in /etc/nginx/conf.d/liveobjects.local.conf:2
2020/09/08 06:44:25 [emerg] 1#1: host not found in upstream "ui:3000" in /etc/nginx/conf.d/liveobjects.local.conf:2
2020/09/08 06:44:29 [emerg] 1#1: host not found in upstream "ui:3000" in /etc/nginx/conf.d/liveobjects.local.conf:2
2020/09/08 06:44:36 [emerg] 1#1: host not found in upstream "ui:3000" in /etc/nginx/conf.d/liveobjects.local.conf:2
2020/09/08 06:44:50 [emerg] 1#1: host not found in upstream "ui:3000" in /etc/nginx/conf.d/liveobjects.local.conf:2
2020/09/08 06:45:16 [emerg] 1#1: host not found in upstream "ui:3000" in /etc/nginx/conf.d/liveobjects.local.conf:2
2020/09/08 06:46:08 [emerg] 1#1: host not found in upstream "ui:3000" in /etc/nginx/conf.d/liveobjects.local.conf:2
2020/09/08 06:47:08 [emerg] 1#1: host not found in upstream "ui:3000" in /etc/nginx/conf.d/liveobjects.local.conf:2
2020/09/08 06:48:09 [emerg] 1#1: host not found in upstream "ui:3000" in /etc/nginx/conf.d/liveobjects.local.conf:2
2020/09/08 06:49:10 [emerg] 1#1: host not found in upstream "ui:3000" in /etc/nginx/conf.d/liveobjects.local.conf:2
2020/09/08 06:50:10 [emerg] 1#1: host not found in upstream "ui:3000" in /etc/nginx/conf.d/liveobjects.local.conf:2
2020/09/08 06:51:11 [emerg] 1#1: host not found in upstream "ui:3000" in /etc/nginx/conf.d/liveobjects.local.conf:2
2020/09/08 06:52:11 [emerg] 1#1: host not found in upstream "ui:3000" in /etc/nginx/conf.d/liveobjects.local.conf:2
2020/09/08 06:53:12 [emerg] 1#1: host not found in upstream "ui:3000" in /etc/nginx/conf.d/liveobjects.local.conf:2
2020/09/08 06:54:12 [emerg] 1#1: host not found in upstream "ui:3000" in /etc/nginx/conf.d/liveobjects.local.conf:2
2020/09/08 06:55:13 [emerg] 1#1: host not found in upstream "ui:3000" in /etc/nginx/conf.d/liveobjects.local.conf:2
2020/09/08 06:56:13 [emerg] 1#1: host not found in upstream "ui:3000" in /etc/nginx/conf.d/liveobjects.local.conf:2
2020/09/08 06:57:14 [emerg] 1#1: host not found in upstream "ui:3000" in /etc/nginx/conf.d/liveobjects.local.conf:2
2020/09/08 06:58:14 [emerg] 1#1: host not found in upstream "ui:3000" in /etc/nginx/conf.d/liveobjects.local.conf:2
2020/09/08 06:59:15 [emerg] 1#1: host not found in upstream "ui:3000" in /etc/nginx/conf.d/liveobjects.local.conf:2
2020/09/08 07:00:23 [emerg] 1#1: host not found in upstream "dashboards:3000" in /etc/nginx/conf.d/liveobjects.local.conf:14
2020/09/08 07:00:25 [emerg] 1#1: host not found in upstream "dashboards:3000" in /etc/nginx/conf.d/liveobjects.local.conf:14
2020/09/08 07:00:26 [emerg] 1#1: host not found in upstream "dashboards:3000" in /etc/nginx/conf.d/liveobjects.local.conf:14
2020/09/08 07:00:27 [emerg] 1#1: host not found in upstream "dashboards:3000" in /etc/nginx/conf.d/liveobjects.local.conf:14
2020/09/08 07:00:29 [emerg] 1#1: host not found in upstream "dashboards:3000" in /etc/nginx/conf.d/liveobjects.local.conf:14
2020/09/08 07:00:31 [emerg] 1#1: host not found in upstream "dashboards:3000" in /etc/nginx/conf.d/liveobjects.local.conf:14
2020/09/08 07:00:35 [emerg] 1#1: host not found in upstream "dashboards:3000" in /etc/nginx/conf.d/liveobjects.local.conf:14
2020/09/08 07:00:43 [emerg] 1#1: host not found in upstream "dashboards:3000" in /etc/nginx/conf.d/liveobjects.local.conf:14
2020/09/08 07:00:56 [emerg] 1#1: host not found in upstream "dashboards:3000" in /etc/nginx/conf.d/liveobjects.local.conf:14
2020/09/08 07:01:22 [emerg] 1#1: host not found in upstream "dashboards:3000" in /etc/nginx/conf.d/liveobjects.local.conf:14
2020/09/08 07:02:14 [emerg] 1#1: host not found in upstream "dashboards:3000" in /etc/nginx/conf.d/liveobjects.local.conf:14
2020/09/08 07:16:32 [emerg] 1#1: host not found in upstream "dashboards:3000" in /etc/nginx/conf.d/liveobjects.local.conf:14
2020/09/08 07:16:35 [emerg] 1#1: host not found in upstream "dashboards:3000" in /etc/nginx/conf.d/liveobjects.local.conf:14
2020/09/08 07:16:36 [emerg] 1#1: host not found in upstream "dashboards:3000" in /etc/nginx/conf.d/liveobjects.local.conf:14
2020/09/08 07:16:38 [emerg] 1#1: host not found in upstream "dashboards:3000" in /etc/nginx/conf.d/liveobjects.local.conf:14
2020/09/08 07:16:39 [emerg] 1#1: host not found in upstream "dashboards:3000" in /etc/nginx/conf.d/liveobjects.local.conf:14
2020/09/08 07:16:42 [emerg] 1#1: host not found in upstream "dashboards:3000" in /etc/nginx/conf.d/liveobjects.local.conf:14
2020/09/08 07:16:46 [emerg] 1#1: host not found in upstream "dashboards:3000" in /etc/nginx/conf.d/liveobjects.local.conf:14
2020/09/08 07:16:53 [emerg] 1#1: host not found in upstream "dashboards:3000" in /etc/nginx/conf.d/liveobjects.local.conf:14
2020/09/08 07:17:06 [emerg] 1#1: host not found in upstream "dashboards:3000" in /etc/nginx/conf.d/liveobjects.local.conf:14
2020/09/08 07:17:33 [emerg] 1#1: host not found in upstream "dashboards:3000" in /etc/nginx/conf.d/liveobjects.local.conf:14
2020/09/08 07:18:25 [emerg] 1#1: host not found in upstream "dashboards:3000" in /etc/nginx/conf.d/liveobjects.local.conf:14
2020/09/08 07:19:25 [emerg] 1#1: host not found in upstream "dashboards:3000" in /etc/nginx/conf.d/liveobjects.local.conf:14
2020/09/08 07:19:50 [emerg] 1#1: host not found in upstream "dashboards:3000" in /etc/nginx/conf.d/liveobjects.local.conf:14
2020/09/08 07:19:53 [emerg] 1#1: host not found in upstream "dashboards:3000" in /etc/nginx/conf.d/liveobjects.local.conf:14
2020/09/08 07:19:54 [emerg] 1#1: host not found in upstream "dashboards:3000" in /etc/nginx/conf.d/liveobjects.local.conf:14
2020/09/08 07:19:55 [emerg] 1#1: host not found in upstream "dashboards:3000" in /etc/nginx/conf.d/liveobjects.local.conf:14
2020/09/08 07:19:57 [emerg] 1#1: host not found in upstream "dashboards:3000" in /etc/nginx/conf.d/liveobjects.local.conf:14
2020/09/08 07:20:00 [emerg] 1#1: host not found in upstream "dashboards:3000" in /etc/nginx/conf.d/liveobjects.local.conf:14
2020/09/08 07:20:05 [emerg] 1#1: host not found in upstream "dashboards:3000" in /etc/nginx/conf.d/liveobjects.local.conf:14
2020/09/08 07:20:12 [emerg] 1#1: host not found in upstream "dashboards:3000" in /etc/nginx/conf.d/liveobjects.local.conf:14
2020/09/08 07:20:25 [emerg] 1#1: host not found in upstream "dashboards:3000" in /etc/nginx/conf.d/liveobjects.local.conf:14
2020/09/08 07:20:52 [emerg] 1#1: host not found in upstream "dashboards:3000" in /etc/nginx/conf.d/liveobjects.local.conf:14
2020/09/08 07:22:37 [emerg] 1#1: host not found in upstream "dashboards:3000" in /etc/nginx/conf.d/liveobjects.local.conf:14
2020/09/08 07:22:40 [emerg] 1#1: host not found in upstream "discoveryautojoin:3000" in /etc/nginx/conf.d/liveobjects.local.conf:34
2020/09/08 07:22:42 [emerg] 1#1: host not found in upstream "discoveryautojoin:3000" in /etc/nginx/conf.d/liveobjects.local.conf:34
2020/09/08 07:22:43 [emerg] 1#1: host not found in upstream "discoveryautojoin:3000" in /etc/nginx/conf.d/liveobjects.local.conf:34
2020/09/08 07:22:45 [emerg] 1#1: host not found in upstream "discoveryautojoin:3000" in /etc/nginx/conf.d/liveobjects.local.conf:34
2020/09/08 07:22:48 [emerg] 1#1: host not found in upstream "discoveryautojoin:3000" in /etc/nginx/conf.d/liveobjects.local.conf:34
2020/09/08 07:22:52 [emerg] 1#1: host not found in upstream "discoveryautojoin:3000" in /etc/nginx/conf.d/liveobjects.local.conf:34
2020/09/08 07:22:59 [emerg] 1#1: host not found in upstream "discoveryautojoin:3000" in /etc/nginx/conf.d/liveobjects.local.conf:34
2020/09/08 07:23:12 [emerg] 1#1: host not found in upstream "discoveryautojoin:3000" in /etc/nginx/conf.d/liveobjects.local.conf:34
2020/09/08 07:23:39 [emerg] 1#1: host not found in upstream "discoveryautojoin:3000" in /etc/nginx/conf.d/liveobjects.local.conf:34
2020/09/08 07:24:30 [emerg] 1#1: host not found in upstream "discoveryautojoin:3000" in /etc/nginx/conf.d/liveobjects.local.conf:34
2020/09/08 07:25:31 [emerg] 1#1: host not found in upstream "discoveryautojoin:3000" in /etc/nginx/conf.d/liveobjects.local.conf:34
2020/09/08 07:27:09 [emerg] 1#1: host not found in upstream "dashboards:3000" in /etc/nginx/conf.d/liveobjects.local.conf:14
2020/09/08 07:27:11 [emerg] 1#1: host not found in upstream "dashboards:3000" in /etc/nginx/conf.d/liveobjects.local.conf:14
2020/09/08 07:39:32 [emerg] 1#1: host not found in upstream "dashboards:3000" in /etc/nginx/conf.d/liveobjects.local.conf:14
2020/09/08 07:39:34 [emerg] 1#1: host not found in upstream "dashboards:3000" in /etc/nginx/conf.d/liveobjects.local.conf:14
2020/09/08 08:19:24 [emerg] 1#1: host not found in upstream "dashboards:3000" in /etc/nginx/conf.d/liveobjects.local.conf:14
2020/09/08 08:19:26 [emerg] 1#1: host not found in upstream "dashboards:3000" in /etc/nginx/conf.d/liveobjects.local.conf:14
2020/09/08 10:38:26 [emerg] 1#1: host not found in upstream "dashboards:3000" in /etc/nginx/conf.d/liveobjects.local.conf:14
2020/09/08 10:38:28 [emerg] 1#1: host not found in upstream "dashboards:3000" in /etc/nginx/conf.d/liveobjects.local.conf:14
2020/09/08 10:57:56 [emerg] 1#1: host not found in upstream "dashboards:3000" in /etc/nginx/conf.d/liveobjects.local.conf:14
2020/09/08 10:57:58 [emerg] 1#1: host not found in upstream "dashboards:3000" in /etc/nginx/conf.d/liveobjects.local.conf:14
2020/09/08 11:02:20 [emerg] 1#1: host not found in upstream "dashboards:3000" in /etc/nginx/conf.d/liveobjects.local.conf:14
2020/09/08 11:02:22 [emerg] 1#1: host not found in upstream "dashboards:3000" in /etc/nginx/conf.d/liveobjects.local.conf:14
2020/09/08 11:15:58 [emerg] 1#1: host not found in upstream "dashboards:3000" in /etc/nginx/conf.d/liveobjects.local.conf:14
2020/09/08 11:27:22 [emerg] 1#1: host not found in upstream "dashboards:3000" in /etc/nginx/conf.d/liveobjects.local.conf:14
2020/09/08 11:27:24 [emerg] 1#1: host not found in upstream "nginxyautojoin" in /etc/nginx/conf.d/liveobjects.local.conf:109
2020/09/08 11:27:25 [emerg] 1#1: host not found in upstream "nginxyautojoin" in /etc/nginx/conf.d/liveobjects.local.conf:109
2020/09/08 11:27:26 [emerg] 1#1: host not found in upstream "nginxyautojoin" in /etc/nginx/conf.d/liveobjects.local.conf:109
2020/09/08 11:27:28 [emerg] 1#1: host not found in upstream "nginxyautojoin" in /etc/nginx/conf.d/liveobjects.local.conf:109
2020/09/08 11:27:30 [emerg] 1#1: host not found in upstream "nginxyautojoin" in /etc/nginx/conf.d/liveobjects.local.conf:109
2020/09/08 11:27:34 [emerg] 1#1: host not found in upstream "nginxyautojoin" in /etc/nginx/conf.d/liveobjects.local.conf:109
2020/09/08 11:27:41 [emerg] 1#1: host not found in upstream "nginxyautojoin" in /etc/nginx/conf.d/liveobjects.local.conf:109
2020/09/08 11:27:54 [emerg] 1#1: host not found in upstream "nginxautojoin:3000" in /etc/nginx/conf.d/liveobjects.local.conf:34
2020/09/08 11:29:16 [emerg] 1#1: host not found in upstream "dashboards:3000" in /etc/nginx/conf.d/liveobjects.local.conf:14
2020/09/08 11:29:18 [emerg] 1#1: host not found in upstream "dashboards:3000" in /etc/nginx/conf.d/liveobjects.local.conf:14
2020/09/08 11:29:19 [emerg] 1#1: host not found in upstream "nginxautojoin:3000" in /etc/nginx/conf.d/liveobjects.local.conf:34
2020/09/08 11:29:20 [emerg] 1#1: host not found in upstream "nginxautojoin:3000" in /etc/nginx/conf.d/liveobjects.local.conf:34
2020/09/08 11:29:22 [emerg] 1#1: host not found in upstream "nginxautojoin:3000" in /etc/nginx/conf.d/liveobjects.local.conf:34
2020/09/08 11:29:24 [emerg] 1#1: host not found in upstream "nginxautojoin:3000" in /etc/nginx/conf.d/liveobjects.local.conf:34
2020/09/08 11:29:28 [emerg] 1#1: host not found in upstream "nginxautojoin:3000" in /etc/nginx/conf.d/liveobjects.local.conf:34
2020/09/08 11:29:35 [emerg] 1#1: host not found in upstream "nginxautojoin:3000" in /etc/nginx/conf.d/liveobjects.local.conf:34
2020/09/08 11:29:48 [emerg] 1#1: host not found in upstream "nginxautojoin:3000" in /etc/nginx/conf.d/liveobjects.local.conf:34
2020/09/08 11:30:51 [emerg] 1#1: host not found in upstream "dashboards:3000" in /etc/nginx/conf.d/liveobjects.local.conf:14
2020/09/08 11:30:53 [emerg] 1#1: unknown "host1" variable
2020/09/08 11:30:54 [emerg] 1#1: unknown "host1" variable
2020/09/08 11:30:55 [emerg] 1#1: unknown "host1" variable
2020/09/08 11:30:57 [emerg] 1#1: unknown "host1" variable
2020/09/08 11:31:00 [emerg] 1#1: unknown "host1" variable
2020/09/08 11:31:03 [emerg] 1#1: unknown "host1" variable
2020/09/08 11:31:10 [emerg] 1#1: unknown "host1" variable
