2020-09-08 06:44:19 [32minfo[39m: Attempting UI extension registration...
2020-09-08 06:44:19 [32minfo[39m: Server is running version 2020.3.0, 0, 2020.3.0, 107, 11c4636, Fri Sep  4 20:44:33 UTC 2020
2020-09-08 06:44:19 [32minfo[39m: Node server started without a TLS certificate on port : 3000
2020-09-08 06:44:19 [31merror[39m: connect ECONNREFUSED 172.18.0.20:8000
2020-09-08 06:44:19 [32minfo[39m: Failed registration (Attempt #1). Attempting again in 30 seconds.
2020-09-08 06:44:27 [32minfo[39m: Execute liveness check
2020-09-08 06:44:37 [32minfo[39m: Execute liveness check
2020-09-08 06:44:47 [32minfo[39m: Execute liveness check
2020-09-08 06:44:49 [32minfo[39m: Attempting UI extension registration...
2020-09-08 06:44:49 [31merror[39m: connect ECONNREFUSED 172.18.0.7:8000
2020-09-08 06:44:49 [32minfo[39m: Failed registration (Attempt #2). Attempting again in 30 seconds.
2020-09-08 06:44:57 [32minfo[39m: Execute liveness check
2020-09-08 06:45:07 [32minfo[39m: Execute liveness check
2020-09-08 06:45:17 [32minfo[39m: Execute liveness check
2020-09-08 06:45:19 [32minfo[39m: Attempting UI extension registration...
2020-09-08 06:45:19 [31merror[39m: connect ECONNREFUSED 172.18.0.7:8000
2020-09-08 06:45:19 [32minfo[39m: Failed registration (Attempt #3). Attempting again in 30 seconds.
2020-09-08 06:45:27 [32minfo[39m: Execute liveness check
2020-09-08 06:45:37 [32minfo[39m: Execute liveness check
2020-09-08 06:45:48 [32minfo[39m: Execute liveness check
2020-09-08 06:45:49 [32minfo[39m: Attempting UI extension registration...
2020-09-08 06:45:49 [31merror[39m: connect ECONNREFUSED 172.18.0.7:8000
2020-09-08 06:45:49 [32minfo[39m: Failed registration (Attempt #4). Attempting again in 30 seconds.
2020-09-08 06:45:58 [32minfo[39m: Execute liveness check
2020-09-08 06:46:08 [32minfo[39m: Execute liveness check
2020-09-08 06:46:18 [32minfo[39m: Execute liveness check
2020-09-08 06:46:19 [32minfo[39m: Attempting UI extension registration...
2020-09-08 06:46:19 [31merror[39m: connect ECONNREFUSED 172.18.0.7:8000
2020-09-08 06:46:19 [32minfo[39m: Failed registration (Attempt #5). Attempting again in 30 seconds.
2020-09-08 06:46:28 [32minfo[39m: Execute liveness check
2020-09-08 06:46:38 [32minfo[39m: Execute liveness check
2020-09-08 06:46:48 [32minfo[39m: Execute liveness check
2020-09-08 06:46:49 [32minfo[39m: Attempting UI extension registration...
2020-09-08 06:46:49 [31merror[39m: connect ECONNREFUSED 172.18.0.7:8000
2020-09-08 06:46:49 [32minfo[39m: Failed registration (Attempt #6). Attempting again in 30 seconds.
2020-09-08 06:46:59 [32minfo[39m: Execute liveness check
2020-09-08 06:47:09 [32minfo[39m: Execute liveness check
2020-09-08 06:47:19 [32minfo[39m: Attempting UI extension registration...
2020-09-08 06:47:19 [31merror[39m: connect ECONNREFUSED 172.18.0.7:8000
2020-09-08 06:47:19 [32minfo[39m: Failed registration (Attempt #7). Attempting again in 30 seconds.
2020-09-08 06:47:19 [32minfo[39m: Execute liveness check
2020-09-08 06:47:29 [32minfo[39m: Execute liveness check
2020-09-08 06:47:39 [32minfo[39m: Execute liveness check
2020-09-08 06:47:49 [32minfo[39m: Attempting UI extension registration...
2020-09-08 06:47:49 [31merror[39m: connect ECONNREFUSED 172.18.0.7:8000
2020-09-08 06:47:49 [32minfo[39m: Failed registration (Attempt #8). Attempting again in 30 seconds.
2020-09-08 06:47:49 [32minfo[39m: Execute liveness check
2020-09-08 06:47:59 [32minfo[39m: Execute liveness check
2020-09-08 06:48:10 [32minfo[39m: Execute liveness check
2020-09-08 06:48:19 [32minfo[39m: Attempting UI extension registration...
2020-09-08 06:48:19 [31merror[39m: connect ECONNREFUSED 172.18.0.7:8000
2020-09-08 06:48:19 [32minfo[39m: Failed registration (Attempt #9). Attempting again in 30 seconds.
2020-09-08 06:48:20 [32minfo[39m: Execute liveness check
2020-09-08 06:48:30 [32minfo[39m: Execute liveness check
2020-09-08 06:48:40 [32minfo[39m: Execute liveness check
2020-09-08 06:48:49 [32minfo[39m: Attempting UI extension registration...
2020-09-08 06:48:50 [31merror[39m: connect ECONNREFUSED 172.18.0.7:8000
2020-09-08 06:48:50 [32minfo[39m: Failed registration (Attempt #10). Attempting again in 30 seconds.
2020-09-08 06:48:50 [32minfo[39m: Execute liveness check
2020-09-08 06:49:00 [32minfo[39m: Execute liveness check
2020-09-08 06:49:10 [32minfo[39m: Execute liveness check
2020-09-08 06:49:20 [32minfo[39m: Attempting UI extension registration...
2020-09-08 06:49:20 [31merror[39m: connect ECONNREFUSED 172.18.0.7:8000
2020-09-08 06:49:20 [32minfo[39m: Failed registration (Attempt #11). Attempting again in 30 seconds.
2020-09-08 06:49:20 [32minfo[39m: Execute liveness check
2020-09-08 06:49:31 [32minfo[39m: Execute liveness check
2020-09-08 06:49:41 [32minfo[39m: Execute liveness check
2020-09-08 06:49:50 [32minfo[39m: Attempting UI extension registration...
2020-09-08 06:49:50 [31merror[39m: connect ECONNREFUSED 172.18.0.7:8000
2020-09-08 06:49:50 [32minfo[39m: Failed registration (Attempt #12). Attempting again in 30 seconds.
2020-09-08 06:49:51 [32minfo[39m: Execute liveness check
2020-09-08 06:50:01 [32minfo[39m: Execute liveness check
2020-09-08 06:50:11 [32minfo[39m: Execute liveness check
2020-09-08 06:50:20 [32minfo[39m: Attempting UI extension registration...
2020-09-08 06:50:20 [31merror[39m: connect ECONNREFUSED 172.18.0.7:8000
2020-09-08 06:50:20 [32minfo[39m: Failed registration (Attempt #13). Attempting again in 30 seconds.
2020-09-08 06:50:21 [32minfo[39m: Execute liveness check
2020-09-08 06:50:31 [32minfo[39m: Execute liveness check
2020-09-08 06:50:41 [32minfo[39m: Execute liveness check
2020-09-08 06:50:50 [32minfo[39m: Attempting UI extension registration...
2020-09-08 06:50:50 [31merror[39m: connect ECONNREFUSED 172.18.0.7:8000
2020-09-08 06:50:50 [32minfo[39m: Failed registration (Attempt #14). Attempting again in 30 seconds.
2020-09-08 06:50:52 [32minfo[39m: Execute liveness check
2020-09-08 06:51:02 [32minfo[39m: Execute liveness check
2020-09-08 06:51:12 [32minfo[39m: Execute liveness check
2020-09-08 06:51:20 [32minfo[39m: Attempting UI extension registration...
2020-09-08 06:51:20 [31merror[39m: connect ECONNREFUSED 172.18.0.7:8000
2020-09-08 06:51:20 [32minfo[39m: Failed registration (Attempt #15). Attempting again in 30 seconds.
2020-09-08 06:51:22 [32minfo[39m: Execute liveness check
2020-09-08 06:51:32 [32minfo[39m: Execute liveness check
2020-09-08 06:51:42 [32minfo[39m: Execute liveness check
2020-09-08 06:51:50 [32minfo[39m: Attempting UI extension registration...
2020-09-08 06:51:50 [31merror[39m: connect ECONNREFUSED 172.18.0.7:8000
2020-09-08 06:51:50 [32minfo[39m: Failed registration (Attempt #16). Attempting again in 30 seconds.
2020-09-08 06:51:52 [32minfo[39m: Execute liveness check
2020-09-08 06:52:02 [32minfo[39m: Execute liveness check
2020-09-08 06:52:12 [32minfo[39m: Execute liveness check
2020-09-08 06:52:20 [32minfo[39m: Attempting UI extension registration...
2020-09-08 06:52:20 [31merror[39m: connect ECONNREFUSED 172.18.0.7:8000
2020-09-08 06:52:20 [32minfo[39m: Failed registration (Attempt #17). Attempting again in 30 seconds.
2020-09-08 06:52:22 [32minfo[39m: Execute liveness check
2020-09-08 06:52:33 [32minfo[39m: Execute liveness check
2020-09-08 06:52:43 [32minfo[39m: Execute liveness check
2020-09-08 06:52:50 [32minfo[39m: Attempting UI extension registration...
2020-09-08 06:52:50 [31merror[39m: connect ECONNREFUSED 172.18.0.7:8000
2020-09-08 06:52:50 [32minfo[39m: Failed registration (Attempt #18). Attempting again in 30 seconds.
2020-09-08 06:52:53 [32minfo[39m: Execute liveness check
2020-09-08 06:53:03 [32minfo[39m: Execute liveness check
2020-09-08 06:53:13 [32minfo[39m: Execute liveness check
2020-09-08 06:53:20 [32minfo[39m: Attempting UI extension registration...
2020-09-08 06:53:20 [31merror[39m: connect ECONNREFUSED 172.18.0.7:8000
2020-09-08 06:53:20 [32minfo[39m: Failed registration (Attempt #19). Attempting again in 30 seconds.
2020-09-08 06:53:23 [32minfo[39m: Execute liveness check
2020-09-08 06:53:33 [32minfo[39m: Execute liveness check
2020-09-08 06:53:43 [32minfo[39m: Execute liveness check
2020-09-08 06:53:50 [32minfo[39m: Attempting UI extension registration...
2020-09-08 06:53:50 [31merror[39m: connect ECONNREFUSED 172.18.0.7:8000
2020-09-08 06:53:50 [32minfo[39m: Failed registration (Attempt #20). Attempting again in 30 seconds.
2020-09-08 06:53:54 [32minfo[39m: Execute liveness check
2020-09-08 06:54:04 [32minfo[39m: Execute liveness check
2020-09-08 06:54:14 [32minfo[39m: Execute liveness check
2020-09-08 06:54:20 [32minfo[39m: Attempting UI extension registration...
2020-09-08 06:54:20 [31merror[39m: connect ECONNREFUSED 172.18.0.7:8000
2020-09-08 06:54:20 [31merror[39m: Maximum number of attempts exceeded. Could not register UI extension.
2020-09-08 06:54:24 [32minfo[39m: Execute liveness check
2020-09-08 06:54:34 [32minfo[39m: Execute liveness check
2020-09-08 06:54:44 [32minfo[39m: Execute liveness check
2020-09-08 06:54:54 [32minfo[39m: Execute liveness check
2020-09-08 06:55:04 [32minfo[39m: Execute liveness check
2020-09-08 06:55:15 [32minfo[39m: Execute liveness check
2020-09-08 06:55:25 [32minfo[39m: Execute liveness check
2020-09-08 06:55:35 [32minfo[39m: Execute liveness check
2020-09-08 06:55:45 [32minfo[39m: Execute liveness check
2020-09-08 06:55:55 [32minfo[39m: Execute liveness check
2020-09-08 06:56:05 [32minfo[39m: Execute liveness check
2020-09-08 06:56:15 [32minfo[39m: Execute liveness check
2020-09-08 06:56:25 [32minfo[39m: Execute liveness check
2020-09-08 06:56:35 [32minfo[39m: Execute liveness check
2020-09-08 06:56:46 [32minfo[39m: Execute liveness check
2020-09-08 06:56:56 [32minfo[39m: Execute liveness check
2020-09-08 06:57:06 [32minfo[39m: Execute liveness check
2020-09-08 06:57:16 [32minfo[39m: Execute liveness check
2020-09-08 06:57:26 [32minfo[39m: Execute liveness check
2020-09-08 06:57:36 [32minfo[39m: Execute liveness check
2020-09-08 06:57:46 [32minfo[39m: Execute liveness check
2020-09-08 06:57:56 [32minfo[39m: Execute liveness check
2020-09-08 06:58:06 [32minfo[39m: Execute liveness check
2020-09-08 06:58:16 [32minfo[39m: Execute liveness check
2020-09-08 06:58:27 [32minfo[39m: Execute liveness check
2020-09-08 06:58:37 [32minfo[39m: Execute liveness check
2020-09-08 06:58:47 [32minfo[39m: Execute liveness check
2020-09-08 06:58:57 [32minfo[39m: Execute liveness check
2020-09-08 06:59:07 [32minfo[39m: Execute liveness check
2020-09-08 06:59:17 [32minfo[39m: Execute liveness check
2020-09-08 06:59:27 [32minfo[39m: Execute liveness check
2020-09-08 06:59:37 [32minfo[39m: Execute liveness check
2020-09-08 06:59:47 [32minfo[39m: Execute liveness check
2020-09-08 06:59:58 [32minfo[39m: Execute liveness check
2020-09-08 07:00:25 [32minfo[39m: Attempting UI extension registration...
2020-09-08 07:00:25 [32minfo[39m: Server is running version 2020.3.0, 0, 2020.3.0, 107, 11c4636, Fri Sep  4 20:44:33 UTC 2020
2020-09-08 07:00:25 [32minfo[39m: Node server started without a TLS certificate on port : 3000
2020-09-08 07:00:26 [31merror[39m: connect ECONNREFUSED 172.19.0.20:8000
2020-09-08 07:00:26 [32minfo[39m: Failed registration (Attempt #1). Attempting again in 30 seconds.
2020-09-08 07:00:33 [32minfo[39m: Execute liveness check
2020-09-08 07:00:43 [32minfo[39m: Execute liveness check
2020-09-08 07:00:54 [32minfo[39m: Execute liveness check
2020-09-08 07:00:55 [32minfo[39m: Attempting UI extension registration...
2020-09-08 07:00:55 [31merror[39m: connect ECONNREFUSED 172.19.0.12:8000
2020-09-08 07:00:55 [32minfo[39m: Failed registration (Attempt #2). Attempting again in 30 seconds.
2020-09-08 07:01:04 [32minfo[39m: Execute liveness check
2020-09-08 07:01:14 [32minfo[39m: Execute liveness check
2020-09-08 07:01:24 [32minfo[39m: Execute liveness check
2020-09-08 07:01:25 [32minfo[39m: Attempting UI extension registration...
2020-09-08 07:01:25 [31merror[39m: connect ECONNREFUSED 172.19.0.12:8000
2020-09-08 07:01:25 [32minfo[39m: Failed registration (Attempt #3). Attempting again in 30 seconds.
2020-09-08 07:01:34 [32minfo[39m: Execute liveness check
2020-09-08 07:01:44 [32minfo[39m: Execute liveness check
2020-09-08 07:01:54 [32minfo[39m: Execute liveness check
2020-09-08 07:01:55 [32minfo[39m: Attempting UI extension registration...
2020-09-08 07:01:55 [31merror[39m: connect ECONNREFUSED 172.19.0.12:8000
2020-09-08 07:01:55 [32minfo[39m: Failed registration (Attempt #4). Attempting again in 30 seconds.
2020-09-08 07:02:04 [32minfo[39m: Execute liveness check
2020-09-08 07:02:15 [32minfo[39m: Execute liveness check
2020-09-08 07:02:25 [32minfo[39m: Execute liveness check
2020-09-08 07:02:25 [32minfo[39m: Attempting UI extension registration...
2020-09-08 07:02:25 [31merror[39m: connect ECONNREFUSED 172.19.0.12:8000
2020-09-08 07:02:25 [32minfo[39m: Failed registration (Attempt #5). Attempting again in 30 seconds.
2020-09-08 07:02:35 [32minfo[39m: Execute liveness check
2020-09-08 07:16:34 [32minfo[39m: Attempting UI extension registration...
2020-09-08 07:16:34 [32minfo[39m: Server is running version 2020.3.0, 0, 2020.3.0, 107, 11c4636, Fri Sep  4 20:44:33 UTC 2020
2020-09-08 07:16:34 [32minfo[39m: Node server started without a TLS certificate on port : 3000
2020-09-08 07:16:36 [31merror[39m: connect ECONNREFUSED 172.21.0.21:8000
2020-09-08 07:16:36 [32minfo[39m: Failed registration (Attempt #1). Attempting again in 30 seconds.
2020-09-08 07:16:42 [32minfo[39m: Execute liveness check
2020-09-08 07:16:52 [32minfo[39m: Execute liveness check
2020-09-08 07:17:02 [32minfo[39m: Execute liveness check
2020-09-08 07:17:06 [32minfo[39m: Attempting UI extension registration...
2020-09-08 07:17:06 [31merror[39m: connect ECONNREFUSED 172.21.0.7:8000
2020-09-08 07:17:06 [32minfo[39m: Failed registration (Attempt #2). Attempting again in 30 seconds.
2020-09-08 07:17:13 [32minfo[39m: Execute liveness check
2020-09-08 07:17:23 [32minfo[39m: Execute liveness check
2020-09-08 07:17:33 [32minfo[39m: Execute liveness check
2020-09-08 07:17:36 [32minfo[39m: Attempting UI extension registration...
2020-09-08 07:17:36 [31merror[39m: connect ECONNREFUSED 172.21.0.7:8000
2020-09-08 07:17:36 [32minfo[39m: Failed registration (Attempt #3). Attempting again in 30 seconds.
2020-09-08 07:17:43 [32minfo[39m: Execute liveness check
2020-09-08 07:17:53 [32minfo[39m: Execute liveness check
2020-09-08 07:18:03 [32minfo[39m: Execute liveness check
2020-09-08 07:18:06 [32minfo[39m: Attempting UI extension registration...
2020-09-08 07:18:06 [31merror[39m: connect ECONNREFUSED 172.21.0.7:8000
2020-09-08 07:18:06 [32minfo[39m: Failed registration (Attempt #4). Attempting again in 30 seconds.
2020-09-08 07:18:13 [32minfo[39m: Execute liveness check
2020-09-08 07:18:23 [32minfo[39m: Execute liveness check
2020-09-08 07:18:33 [32minfo[39m: Execute liveness check
2020-09-08 07:18:36 [32minfo[39m: Attempting UI extension registration...
2020-09-08 07:18:36 [31merror[39m: connect ECONNREFUSED 172.21.0.7:8000
2020-09-08 07:18:36 [32minfo[39m: Failed registration (Attempt #5). Attempting again in 30 seconds.
2020-09-08 07:18:44 [32minfo[39m: Execute liveness check
2020-09-08 07:18:54 [32minfo[39m: Execute liveness check
2020-09-08 07:19:04 [32minfo[39m: Execute liveness check
2020-09-08 07:19:06 [32minfo[39m: Attempting UI extension registration...
2020-09-08 07:19:06 [31merror[39m: connect ECONNREFUSED 172.21.0.7:8000
2020-09-08 07:19:06 [32minfo[39m: Failed registration (Attempt #6). Attempting again in 30 seconds.
2020-09-08 07:19:14 [32minfo[39m: Execute liveness check
2020-09-08 07:19:24 [32minfo[39m: Execute liveness check
2020-09-08 07:19:34 [32minfo[39m: Execute liveness check
2020-09-08 07:19:36 [32minfo[39m: Attempting UI extension registration...
2020-09-08 07:19:36 [31merror[39m: connect ECONNREFUSED 172.21.0.7:8000
2020-09-08 07:19:36 [32minfo[39m: Failed registration (Attempt #7). Attempting again in 30 seconds.
2020-09-08 07:19:45 [32minfo[39m: Execute liveness check
2020-09-08 07:19:55 [32minfo[39m: Execute liveness check
2020-09-08 07:20:04 [32minfo[39m: Attempting UI extension registration...
2020-09-08 07:20:04 [32minfo[39m: Server is running version 2020.3.0, 0, 2020.3.0, 107, 11c4636, Fri Sep  4 20:44:33 UTC 2020
2020-09-08 07:20:04 [32minfo[39m: Node server started without a TLS certificate on port : 3000
2020-09-08 07:20:04 [31merror[39m: connect ECONNREFUSED 172.21.0.9:8000
2020-09-08 07:20:04 [32minfo[39m: Failed registration (Attempt #1). Attempting again in 30 seconds.
2020-09-08 07:20:12 [32minfo[39m: Execute liveness check
2020-09-08 07:20:22 [32minfo[39m: Execute liveness check
2020-09-08 07:20:32 [32minfo[39m: Execute liveness check
2020-09-08 07:20:34 [32minfo[39m: Attempting UI extension registration...
2020-09-08 07:20:34 [31merror[39m: connect ECONNREFUSED 172.21.0.9:8000
2020-09-08 07:20:34 [32minfo[39m: Failed registration (Attempt #2). Attempting again in 30 seconds.
2020-09-08 07:20:42 [32minfo[39m: Execute liveness check
2020-09-08 07:20:52 [32minfo[39m: Execute liveness check
2020-09-08 07:21:02 [32minfo[39m: Execute liveness check
2020-09-08 07:21:04 [32minfo[39m: Attempting UI extension registration...
2020-09-08 07:21:04 [31merror[39m: connect ECONNREFUSED 172.21.0.9:8000
2020-09-08 07:21:04 [32minfo[39m: Failed registration (Attempt #3). Attempting again in 30 seconds.
2020-09-08 07:21:12 [32minfo[39m: Execute liveness check
2020-09-08 07:22:41 [32minfo[39m: Attempting UI extension registration...
2020-09-08 07:22:41 [32minfo[39m: Server is running version 2020.3.0, 0, 2020.3.0, 107, 11c4636, Fri Sep  4 20:44:33 UTC 2020
2020-09-08 07:22:41 [32minfo[39m: Node server started without a TLS certificate on port : 3000
2020-09-08 07:22:41 [31merror[39m: connect ECONNREFUSED 172.21.0.21:8000
2020-09-08 07:22:41 [32minfo[39m: Failed registration (Attempt #1). Attempting again in 30 seconds.
2020-09-08 07:22:48 [32minfo[39m: Execute liveness check
2020-09-08 07:22:59 [32minfo[39m: Execute liveness check
2020-09-08 07:23:09 [32minfo[39m: Execute liveness check
2020-09-08 07:23:11 [32minfo[39m: Attempting UI extension registration...
2020-09-08 07:23:11 [31merror[39m: connect ECONNREFUSED 172.21.0.21:8000
2020-09-08 07:23:11 [32minfo[39m: Failed registration (Attempt #2). Attempting again in 30 seconds.
2020-09-08 07:23:19 [32minfo[39m: Execute liveness check
2020-09-08 07:23:29 [32minfo[39m: Execute liveness check
2020-09-08 07:23:39 [32minfo[39m: Execute liveness check
2020-09-08 07:23:41 [32minfo[39m: Attempting UI extension registration...
2020-09-08 07:23:42 [31merror[39m: connect ECONNREFUSED 172.21.0.21:8000
2020-09-08 07:23:42 [32minfo[39m: Failed registration (Attempt #3). Attempting again in 30 seconds.
2020-09-08 07:23:49 [32minfo[39m: Execute liveness check
2020-09-08 07:23:59 [32minfo[39m: Execute liveness check
2020-09-08 07:24:10 [32minfo[39m: Execute liveness check
2020-09-08 07:24:12 [32minfo[39m: Attempting UI extension registration...
2020-09-08 07:24:12 [31merror[39m: connect ECONNREFUSED 172.21.0.21:8000
2020-09-08 07:24:12 [32minfo[39m: Failed registration (Attempt #4). Attempting again in 30 seconds.
2020-09-08 07:24:20 [32minfo[39m: Execute liveness check
2020-09-08 07:24:30 [32minfo[39m: Execute liveness check
2020-09-08 07:24:40 [32minfo[39m: Execute liveness check
2020-09-08 07:24:42 [32minfo[39m: Attempting UI extension registration...
2020-09-08 07:24:42 [31merror[39m: connect ECONNREFUSED 172.21.0.21:8000
2020-09-08 07:24:42 [32minfo[39m: Failed registration (Attempt #5). Attempting again in 30 seconds.
2020-09-08 07:24:50 [32minfo[39m: Execute liveness check
2020-09-08 07:25:00 [32minfo[39m: Execute liveness check
2020-09-08 07:25:10 [32minfo[39m: Execute liveness check
2020-09-08 07:25:12 [32minfo[39m: Attempting UI extension registration...
2020-09-08 07:25:12 [31merror[39m: connect ECONNREFUSED 172.21.0.21:8000
2020-09-08 07:25:12 [32minfo[39m: Failed registration (Attempt #6). Attempting again in 30 seconds.
2020-09-08 07:25:21 [32minfo[39m: Execute liveness check
2020-09-08 07:25:31 [32minfo[39m: Execute liveness check
2020-09-08 07:25:41 [32minfo[39m: Execute liveness check
2020-09-08 07:25:42 [32minfo[39m: Attempting UI extension registration...
2020-09-08 07:25:42 [31merror[39m: connect ECONNREFUSED 172.21.0.21:8000
2020-09-08 07:25:42 [32minfo[39m: Failed registration (Attempt #7). Attempting again in 30 seconds.
2020-09-08 07:27:11 [32minfo[39m: Attempting UI extension registration...
2020-09-08 07:27:11 [32minfo[39m: Server is running version 2020.3.0, 0, 2020.3.0, 107, 11c4636, Fri Sep  4 20:44:33 UTC 2020
2020-09-08 07:27:11 [32minfo[39m: Node server started without a TLS certificate on port : 3000
2020-09-08 07:27:12 [31merror[39m: connect ECONNREFUSED 172.22.0.20:8000
2020-09-08 07:27:12 [32minfo[39m: Failed registration (Attempt #1). Attempting again in 30 seconds.
2020-09-08 07:27:19 [32minfo[39m: Execute liveness check
2020-09-08 07:27:29 [32minfo[39m: Execute liveness check
2020-09-08 07:27:40 [32minfo[39m: Execute liveness check
2020-09-08 07:27:41 [32minfo[39m: Attempting UI extension registration...
2020-09-08 07:27:42 [31merror[39m: connect ECONNREFUSED 172.22.0.20:8000
2020-09-08 07:27:42 [32minfo[39m: Failed registration (Attempt #2). Attempting again in 30 seconds.
2020-09-08 07:27:50 [32minfo[39m: Execute liveness check
2020-09-08 07:28:00 [32minfo[39m: Execute liveness check
2020-09-08 07:28:10 [32minfo[39m: Execute liveness check
2020-09-08 07:28:11 [32minfo[39m: Attempting UI extension registration...
2020-09-08 07:28:11 [31merror[39m: connect ECONNREFUSED 172.22.0.20:8000
2020-09-08 07:28:11 [32minfo[39m: Failed registration (Attempt #3). Attempting again in 30 seconds.
2020-09-08 07:28:20 [32minfo[39m: Execute liveness check
2020-09-08 07:28:30 [32minfo[39m: Execute liveness check
2020-09-08 07:28:40 [32minfo[39m: Execute liveness check
2020-09-08 07:28:41 [32minfo[39m: Attempting UI extension registration...
2020-09-08 07:28:41 [31merror[39m: connect ECONNREFUSED 172.22.0.20:8000
2020-09-08 07:28:41 [32minfo[39m: Failed registration (Attempt #4). Attempting again in 30 seconds.
2020-09-08 07:28:50 [32minfo[39m: Execute liveness check
2020-09-08 07:29:00 [32minfo[39m: Execute liveness check
2020-09-08 07:29:11 [32minfo[39m: Execute liveness check
2020-09-08 07:29:11 [32minfo[39m: Attempting UI extension registration...
2020-09-08 07:29:11 [31merror[39m: connect ECONNREFUSED 172.22.0.20:8000
2020-09-08 07:29:11 [32minfo[39m: Failed registration (Attempt #5). Attempting again in 30 seconds.
2020-09-08 07:29:21 [32minfo[39m: Execute liveness check
2020-09-08 07:29:31 [32minfo[39m: Execute liveness check
2020-09-08 07:29:41 [32minfo[39m: Execute liveness check
2020-09-08 07:29:41 [32minfo[39m: Attempting UI extension registration...
2020-09-08 07:29:41 [31merror[39m: connect ECONNREFUSED 172.22.0.20:8000
2020-09-08 07:29:41 [32minfo[39m: Failed registration (Attempt #6). Attempting again in 30 seconds.
2020-09-08 07:29:51 [32minfo[39m: Execute liveness check
2020-09-08 07:30:01 [32minfo[39m: Execute liveness check
2020-09-08 07:30:11 [32minfo[39m: Attempting UI extension registration...
2020-09-08 07:30:11 [31merror[39m: connect ECONNREFUSED 172.22.0.20:8000
2020-09-08 07:30:11 [32minfo[39m: Failed registration (Attempt #7). Attempting again in 30 seconds.
2020-09-08 07:30:11 [32minfo[39m: Execute liveness check
2020-09-08 07:30:22 [32minfo[39m: Execute liveness check
2020-09-08 07:30:32 [32minfo[39m: Execute liveness check
2020-09-08 07:30:41 [32minfo[39m: Attempting UI extension registration...
2020-09-08 07:30:41 [31merror[39m: connect ECONNREFUSED 172.22.0.20:8000
2020-09-08 07:30:41 [32minfo[39m: Failed registration (Attempt #8). Attempting again in 30 seconds.
2020-09-08 07:30:42 [32minfo[39m: Execute liveness check
2020-09-08 07:30:52 [32minfo[39m: Execute liveness check
2020-09-08 07:31:02 [32minfo[39m: Execute liveness check
2020-09-08 07:31:11 [32minfo[39m: Attempting UI extension registration...
2020-09-08 07:31:11 [31merror[39m: connect ECONNREFUSED 172.22.0.20:8000
2020-09-08 07:31:11 [32minfo[39m: Failed registration (Attempt #9). Attempting again in 30 seconds.
2020-09-08 07:31:12 [32minfo[39m: Execute liveness check
2020-09-08 07:31:22 [32minfo[39m: Execute liveness check
2020-09-08 07:31:32 [32minfo[39m: Execute liveness check
2020-09-08 07:31:41 [32minfo[39m: Attempting UI extension registration...
2020-09-08 07:31:41 [31merror[39m: connect ECONNREFUSED 172.22.0.20:8000
2020-09-08 07:31:41 [32minfo[39m: Failed registration (Attempt #10). Attempting again in 30 seconds.
2020-09-08 07:31:42 [32minfo[39m: Execute liveness check
2020-09-08 07:31:53 [32minfo[39m: Execute liveness check
2020-09-08 07:32:03 [32minfo[39m: Execute liveness check
2020-09-08 07:32:11 [32minfo[39m: Attempting UI extension registration...
2020-09-08 07:32:11 [31merror[39m: connect ECONNREFUSED 172.22.0.20:8000
2020-09-08 07:32:11 [32minfo[39m: Failed registration (Attempt #11). Attempting again in 30 seconds.
2020-09-08 07:32:13 [32minfo[39m: Execute liveness check
2020-09-08 07:32:23 [32minfo[39m: Execute liveness check
2020-09-08 07:32:33 [32minfo[39m: Execute liveness check
2020-09-08 07:32:41 [32minfo[39m: Attempting UI extension registration...
2020-09-08 07:32:41 [31merror[39m: connect ECONNREFUSED 172.22.0.20:8000
2020-09-08 07:32:41 [32minfo[39m: Failed registration (Attempt #12). Attempting again in 30 seconds.
2020-09-08 07:32:43 [32minfo[39m: Execute liveness check
2020-09-08 07:32:53 [32minfo[39m: Execute liveness check
2020-09-08 07:33:03 [32minfo[39m: Execute liveness check
2020-09-08 07:33:11 [32minfo[39m: Attempting UI extension registration...
2020-09-08 07:33:11 [31merror[39m: connect ECONNREFUSED 172.22.0.20:8000
2020-09-08 07:33:11 [32minfo[39m: Failed registration (Attempt #13). Attempting again in 30 seconds.
2020-09-08 07:33:13 [32minfo[39m: Execute liveness check
2020-09-08 07:33:24 [32minfo[39m: Execute liveness check
2020-09-08 07:33:34 [32minfo[39m: Execute liveness check
2020-09-08 07:33:41 [32minfo[39m: Attempting UI extension registration...
2020-09-08 07:33:41 [31merror[39m: connect ECONNREFUSED 172.22.0.20:8000
2020-09-08 07:33:41 [32minfo[39m: Failed registration (Attempt #14). Attempting again in 30 seconds.
2020-09-08 07:33:44 [32minfo[39m: Execute liveness check
2020-09-08 07:33:54 [32minfo[39m: Execute liveness check
2020-09-08 07:34:04 [32minfo[39m: Execute liveness check
2020-09-08 07:34:11 [32minfo[39m: Attempting UI extension registration...
2020-09-08 07:34:11 [31merror[39m: connect ECONNREFUSED 172.22.0.20:8000
2020-09-08 07:34:11 [32minfo[39m: Failed registration (Attempt #15). Attempting again in 30 seconds.
2020-09-08 07:34:14 [32minfo[39m: Execute liveness check
2020-09-08 07:34:24 [32minfo[39m: Execute liveness check
2020-09-08 07:34:34 [32minfo[39m: Execute liveness check
2020-09-08 07:34:41 [32minfo[39m: Attempting UI extension registration...
2020-09-08 07:34:41 [31merror[39m: connect ECONNREFUSED 172.22.0.20:8000
2020-09-08 07:34:41 [32minfo[39m: Failed registration (Attempt #16). Attempting again in 30 seconds.
2020-09-08 07:34:45 [32minfo[39m: Execute liveness check
2020-09-08 07:34:55 [32minfo[39m: Execute liveness check
2020-09-08 07:35:05 [32minfo[39m: Execute liveness check
2020-09-08 07:35:11 [32minfo[39m: Attempting UI extension registration...
2020-09-08 07:35:11 [31merror[39m: connect ECONNREFUSED 172.22.0.20:8000
2020-09-08 07:35:11 [32minfo[39m: Failed registration (Attempt #17). Attempting again in 30 seconds.
2020-09-08 07:35:15 [32minfo[39m: Execute liveness check
2020-09-08 07:35:25 [32minfo[39m: Execute liveness check
2020-09-08 07:35:35 [32minfo[39m: Execute liveness check
2020-09-08 07:35:41 [32minfo[39m: Attempting UI extension registration...
2020-09-08 07:35:41 [31merror[39m: connect ECONNREFUSED 172.22.0.20:8000
2020-09-08 07:35:41 [32minfo[39m: Failed registration (Attempt #18). Attempting again in 30 seconds.
2020-09-08 07:35:46 [32minfo[39m: Execute liveness check
2020-09-08 07:35:56 [32minfo[39m: Execute liveness check
2020-09-08 07:36:06 [32minfo[39m: Execute liveness check
2020-09-08 07:36:11 [32minfo[39m: Attempting UI extension registration...
2020-09-08 07:36:11 [31merror[39m: connect ECONNREFUSED 172.22.0.20:8000
2020-09-08 07:36:11 [32minfo[39m: Failed registration (Attempt #19). Attempting again in 30 seconds.
2020-09-08 07:36:16 [32minfo[39m: Execute liveness check
2020-09-08 07:36:26 [32minfo[39m: Execute liveness check
2020-09-08 07:36:36 [32minfo[39m: Execute liveness check
2020-09-08 07:36:41 [32minfo[39m: Attempting UI extension registration...
2020-09-08 07:36:41 [31merror[39m: connect ECONNREFUSED 172.22.0.20:8000
2020-09-08 07:36:41 [32minfo[39m: Failed registration (Attempt #20). Attempting again in 30 seconds.
2020-09-08 07:36:46 [32minfo[39m: Execute liveness check
2020-09-08 07:36:57 [32minfo[39m: Execute liveness check
2020-09-08 07:37:07 [32minfo[39m: Execute liveness check
2020-09-08 07:37:11 [32minfo[39m: Attempting UI extension registration...
2020-09-08 07:37:11 [31merror[39m: connect ECONNREFUSED 172.22.0.20:8000
2020-09-08 07:37:11 [31merror[39m: Maximum number of attempts exceeded. Could not register UI extension.
2020-09-08 07:37:17 [32minfo[39m: Execute liveness check
2020-09-08 07:37:27 [32minfo[39m: Execute liveness check
2020-09-08 07:37:37 [32minfo[39m: Execute liveness check
2020-09-08 07:37:47 [32minfo[39m: Execute liveness check
2020-09-08 07:37:57 [32minfo[39m: Execute liveness check
2020-09-08 07:38:07 [32minfo[39m: Execute liveness check
2020-09-08 07:38:18 [32minfo[39m: Execute liveness check
2020-09-08 07:38:28 [32minfo[39m: Execute liveness check
2020-09-08 07:38:38 [32minfo[39m: Execute liveness check
2020-09-08 07:38:48 [32minfo[39m: Execute liveness check
2020-09-08 07:39:34 [32minfo[39m: Attempting UI extension registration...
2020-09-08 07:39:34 [32minfo[39m: Server is running version 2020.3.0, 0, 2020.3.0, 107, 11c4636, Fri Sep  4 20:44:33 UTC 2020
2020-09-08 07:39:34 [32minfo[39m: Node server started without a TLS certificate on port : 3000
2020-09-08 07:39:35 [31merror[39m: connect ECONNREFUSED 172.23.0.21:8000
2020-09-08 07:39:35 [32minfo[39m: Failed registration (Attempt #1). Attempting again in 30 seconds.
2020-09-08 07:39:42 [32minfo[39m: Execute liveness check
2020-09-08 07:39:52 [32minfo[39m: Execute liveness check
2020-09-08 07:40:02 [32minfo[39m: Execute liveness check
2020-09-08 07:40:05 [32minfo[39m: Attempting UI extension registration...
2020-09-08 07:40:05 [31merror[39m: connect ECONNREFUSED 172.23.0.21:8000
2020-09-08 07:40:05 [32minfo[39m: Failed registration (Attempt #2). Attempting again in 30 seconds.
2020-09-08 07:40:12 [32minfo[39m: Execute liveness check
2020-09-08 07:40:22 [32minfo[39m: Execute liveness check
2020-09-08 07:40:33 [32minfo[39m: Execute liveness check
2020-09-08 07:40:35 [32minfo[39m: Attempting UI extension registration...
2020-09-08 07:40:35 [31merror[39m: connect ECONNREFUSED 172.23.0.21:8000
2020-09-08 07:40:35 [32minfo[39m: Failed registration (Attempt #3). Attempting again in 30 seconds.
2020-09-08 07:40:43 [32minfo[39m: Execute liveness check
2020-09-08 07:40:53 [32minfo[39m: Execute liveness check
2020-09-08 07:41:03 [32minfo[39m: Execute liveness check
2020-09-08 07:41:05 [32minfo[39m: Attempting UI extension registration...
2020-09-08 07:41:05 [31merror[39m: connect ECONNREFUSED 172.23.0.21:8000
2020-09-08 07:41:05 [32minfo[39m: Failed registration (Attempt #4). Attempting again in 30 seconds.
2020-09-08 07:41:13 [32minfo[39m: Execute liveness check
2020-09-08 07:41:23 [32minfo[39m: Execute liveness check
2020-09-08 07:41:33 [32minfo[39m: Execute liveness check
2020-09-08 07:41:35 [32minfo[39m: Attempting UI extension registration...
2020-09-08 07:41:35 [31merror[39m: connect ECONNREFUSED 172.23.0.21:8000
2020-09-08 07:41:35 [32minfo[39m: Failed registration (Attempt #5). Attempting again in 30 seconds.
2020-09-08 07:41:43 [32minfo[39m: Execute liveness check
2020-09-08 07:41:53 [32minfo[39m: Execute liveness check
2020-09-08 07:42:04 [32minfo[39m: Execute liveness check
2020-09-08 07:42:05 [32minfo[39m: Attempting UI extension registration...
2020-09-08 07:42:05 [31merror[39m: connect ECONNREFUSED 172.23.0.21:8000
2020-09-08 07:42:05 [32minfo[39m: Failed registration (Attempt #6). Attempting again in 30 seconds.
2020-09-08 07:42:14 [32minfo[39m: Execute liveness check
2020-09-08 07:42:24 [32minfo[39m: Execute liveness check
2020-09-08 07:42:34 [32minfo[39m: Execute liveness check
2020-09-08 07:42:35 [32minfo[39m: Attempting UI extension registration...
2020-09-08 07:42:35 [31merror[39m: connect ECONNREFUSED 172.23.0.21:8000
2020-09-08 07:42:35 [32minfo[39m: Failed registration (Attempt #7). Attempting again in 30 seconds.
2020-09-08 07:42:44 [32minfo[39m: Execute liveness check
2020-09-08 07:42:54 [32minfo[39m: Execute liveness check
2020-09-08 07:43:04 [32minfo[39m: Execute liveness check
2020-09-08 07:43:05 [32minfo[39m: Attempting UI extension registration...
2020-09-08 07:43:05 [31merror[39m: connect ECONNREFUSED 172.23.0.21:8000
2020-09-08 07:43:05 [32minfo[39m: Failed registration (Attempt #8). Attempting again in 30 seconds.
2020-09-08 07:43:14 [32minfo[39m: Execute liveness check
2020-09-08 07:43:24 [32minfo[39m: Execute liveness check
2020-09-08 07:43:34 [32minfo[39m: Execute liveness check
2020-09-08 07:43:35 [32minfo[39m: Attempting UI extension registration...
2020-09-08 07:43:35 [31merror[39m: connect ECONNREFUSED 172.23.0.21:8000
2020-09-08 07:43:35 [32minfo[39m: Failed registration (Attempt #9). Attempting again in 30 seconds.
2020-09-08 07:43:45 [32minfo[39m: Execute liveness check
2020-09-08 07:43:55 [32minfo[39m: Execute liveness check
2020-09-08 07:44:05 [32minfo[39m: Execute liveness check
2020-09-08 07:44:05 [32minfo[39m: Attempting UI extension registration...
2020-09-08 07:44:05 [31merror[39m: connect ECONNREFUSED 172.23.0.21:8000
2020-09-08 07:44:05 [32minfo[39m: Failed registration (Attempt #10). Attempting again in 30 seconds.
2020-09-08 07:44:15 [32minfo[39m: Execute liveness check
2020-09-08 07:44:25 [32minfo[39m: Execute liveness check
2020-09-08 07:44:35 [32minfo[39m: Execute liveness check
2020-09-08 07:44:35 [32minfo[39m: Attempting UI extension registration...
2020-09-08 07:44:35 [31merror[39m: connect ECONNREFUSED 172.23.0.21:8000
2020-09-08 07:44:35 [32minfo[39m: Failed registration (Attempt #11). Attempting again in 30 seconds.
2020-09-08 07:44:45 [32minfo[39m: Execute liveness check
2020-09-08 07:44:56 [32minfo[39m: Execute liveness check
2020-09-08 07:45:05 [32minfo[39m: Attempting UI extension registration...
2020-09-08 07:45:05 [31merror[39m: connect ECONNREFUSED 172.23.0.21:8000
2020-09-08 07:45:05 [32minfo[39m: Failed registration (Attempt #12). Attempting again in 30 seconds.
2020-09-08 07:45:06 [32minfo[39m: Execute liveness check
2020-09-08 07:45:16 [32minfo[39m: Execute liveness check
2020-09-08 07:45:26 [32minfo[39m: Execute liveness check
2020-09-08 07:45:35 [32minfo[39m: Attempting UI extension registration...
2020-09-08 07:45:35 [31merror[39m: connect ECONNREFUSED 172.23.0.21:8000
2020-09-08 07:45:35 [32minfo[39m: Failed registration (Attempt #13). Attempting again in 30 seconds.
2020-09-08 07:45:36 [32minfo[39m: Execute liveness check
2020-09-08 07:45:46 [32minfo[39m: Execute liveness check
2020-09-08 07:45:56 [32minfo[39m: Execute liveness check
2020-09-08 07:46:05 [32minfo[39m: Attempting UI extension registration...
2020-09-08 07:46:05 [31merror[39m: connect ECONNREFUSED 172.23.0.21:8000
2020-09-08 07:46:05 [32minfo[39m: Failed registration (Attempt #14). Attempting again in 30 seconds.
2020-09-08 07:46:06 [32minfo[39m: Execute liveness check
2020-09-08 07:46:17 [32minfo[39m: Execute liveness check
2020-09-08 07:46:27 [32minfo[39m: Execute liveness check
2020-09-08 07:46:35 [32minfo[39m: Attempting UI extension registration...
2020-09-08 07:46:35 [31merror[39m: connect ECONNREFUSED 172.23.0.21:8000
2020-09-08 07:46:35 [32minfo[39m: Failed registration (Attempt #15). Attempting again in 30 seconds.
2020-09-08 07:46:37 [32minfo[39m: Execute liveness check
2020-09-08 07:46:47 [32minfo[39m: Execute liveness check
2020-09-08 07:46:57 [32minfo[39m: Execute liveness check
2020-09-08 07:47:05 [32minfo[39m: Attempting UI extension registration...
2020-09-08 07:47:05 [31merror[39m: connect ECONNREFUSED 172.23.0.21:8000
2020-09-08 07:47:05 [32minfo[39m: Failed registration (Attempt #16). Attempting again in 30 seconds.
2020-09-08 07:47:07 [32minfo[39m: Execute liveness check
2020-09-08 07:47:17 [32minfo[39m: Execute liveness check
2020-09-08 07:47:28 [32minfo[39m: Execute liveness check
2020-09-08 07:47:35 [32minfo[39m: Attempting UI extension registration...
2020-09-08 07:47:35 [31merror[39m: connect ECONNREFUSED 172.23.0.21:8000
2020-09-08 07:47:35 [32minfo[39m: Failed registration (Attempt #17). Attempting again in 30 seconds.
2020-09-08 07:47:38 [32minfo[39m: Execute liveness check
2020-09-08 07:47:48 [32minfo[39m: Execute liveness check
2020-09-08 07:47:58 [32minfo[39m: Execute liveness check
2020-09-08 07:48:05 [32minfo[39m: Attempting UI extension registration...
2020-09-08 07:48:05 [31merror[39m: connect ECONNREFUSED 172.23.0.21:8000
2020-09-08 07:48:05 [32minfo[39m: Failed registration (Attempt #18). Attempting again in 30 seconds.
2020-09-08 07:48:08 [32minfo[39m: Execute liveness check
2020-09-08 07:48:18 [32minfo[39m: Execute liveness check
2020-09-08 07:48:28 [32minfo[39m: Execute liveness check
2020-09-08 07:48:35 [32minfo[39m: Attempting UI extension registration...
2020-09-08 07:48:35 [31merror[39m: connect ECONNREFUSED 172.23.0.21:8000
2020-09-08 07:48:35 [32minfo[39m: Failed registration (Attempt #19). Attempting again in 30 seconds.
2020-09-08 07:48:38 [32minfo[39m: Execute liveness check
2020-09-08 07:48:49 [32minfo[39m: Execute liveness check
2020-09-08 07:48:59 [32minfo[39m: Execute liveness check
2020-09-08 07:49:05 [32minfo[39m: Attempting UI extension registration...
2020-09-08 07:49:05 [31merror[39m: connect ECONNREFUSED 172.23.0.21:8000
2020-09-08 07:49:05 [32minfo[39m: Failed registration (Attempt #20). Attempting again in 30 seconds.
2020-09-08 07:49:09 [32minfo[39m: Execute liveness check
2020-09-08 07:49:19 [32minfo[39m: Execute liveness check
2020-09-08 07:49:29 [32minfo[39m: Execute liveness check
2020-09-08 07:49:35 [32minfo[39m: Attempting UI extension registration...
2020-09-08 07:49:35 [31merror[39m: connect ECONNREFUSED 172.23.0.21:8000
2020-09-08 07:49:35 [31merror[39m: Maximum number of attempts exceeded. Could not register UI extension.
2020-09-08 07:49:39 [32minfo[39m: Execute liveness check
2020-09-08 07:49:49 [32minfo[39m: Execute liveness check
2020-09-08 07:49:59 [32minfo[39m: Execute liveness check
2020-09-08 07:50:09 [32minfo[39m: Execute liveness check
2020-09-08 07:50:20 [32minfo[39m: Execute liveness check
2020-09-08 07:50:30 [32minfo[39m: Execute liveness check
2020-09-08 07:50:40 [32minfo[39m: Execute liveness check
2020-09-08 07:50:50 [32minfo[39m: Execute liveness check
2020-09-08 07:51:00 [32minfo[39m: Execute liveness check
2020-09-08 07:51:10 [32minfo[39m: Execute liveness check
2020-09-08 07:51:20 [32minfo[39m: Execute liveness check
2020-09-08 07:51:30 [32minfo[39m: Execute liveness check
2020-09-08 07:51:40 [32minfo[39m: Execute liveness check
2020-09-08 07:51:51 [32minfo[39m: Execute liveness check
2020-09-08 07:52:01 [32minfo[39m: Execute liveness check
2020-09-08 07:52:11 [32minfo[39m: Execute liveness check
2020-09-08 07:52:21 [32minfo[39m: Execute liveness check
2020-09-08 07:52:31 [32minfo[39m: Execute liveness check
2020-09-08 07:52:41 [32minfo[39m: Execute liveness check
2020-09-08 07:52:51 [32minfo[39m: Execute liveness check
2020-09-08 07:53:01 [32minfo[39m: Execute liveness check
2020-09-08 07:53:11 [32minfo[39m: Execute liveness check
2020-09-08 07:53:21 [32minfo[39m: Execute liveness check
2020-09-08 07:53:32 [32minfo[39m: Execute liveness check
2020-09-08 07:53:42 [32minfo[39m: Execute liveness check
2020-09-08 07:53:52 [32minfo[39m: Execute liveness check
2020-09-08 07:54:02 [32minfo[39m: Execute liveness check
2020-09-08 07:54:12 [32minfo[39m: Execute liveness check
2020-09-08 07:54:22 [32minfo[39m: Execute liveness check
2020-09-08 07:54:32 [32minfo[39m: Execute liveness check
2020-09-08 07:54:42 [32minfo[39m: Execute liveness check
2020-09-08 07:54:52 [32minfo[39m: Execute liveness check
2020-09-08 07:55:03 [32minfo[39m: Execute liveness check
2020-09-08 07:55:13 [32minfo[39m: Execute liveness check
2020-09-08 07:55:23 [32minfo[39m: Execute liveness check
2020-09-08 07:55:33 [32minfo[39m: Execute liveness check
2020-09-08 07:55:43 [32minfo[39m: Execute liveness check
2020-09-08 07:55:53 [32minfo[39m: Execute liveness check
2020-09-08 07:56:03 [32minfo[39m: Execute liveness check
2020-09-08 07:56:13 [32minfo[39m: Execute liveness check
2020-09-08 07:56:23 [32minfo[39m: Execute liveness check
2020-09-08 07:56:33 [32minfo[39m: Execute liveness check
2020-09-08 07:56:43 [32minfo[39m: Execute liveness check
2020-09-08 07:56:54 [32minfo[39m: Execute liveness check
2020-09-08 07:57:04 [32minfo[39m: Execute liveness check
2020-09-08 07:57:14 [32minfo[39m: Execute liveness check
2020-09-08 07:57:24 [32minfo[39m: Execute liveness check
2020-09-08 07:57:34 [32minfo[39m: Execute liveness check
2020-09-08 07:57:44 [32minfo[39m: Execute liveness check
2020-09-08 07:57:54 [32minfo[39m: Execute liveness check
2020-09-08 07:58:04 [32minfo[39m: Execute liveness check
2020-09-08 07:58:14 [32minfo[39m: Execute liveness check
2020-09-08 07:58:25 [32minfo[39m: Execute liveness check
2020-09-08 07:58:35 [32minfo[39m: Execute liveness check
2020-09-08 07:58:45 [32minfo[39m: Execute liveness check
2020-09-08 07:58:55 [32minfo[39m: Execute liveness check
2020-09-08 07:59:05 [32minfo[39m: Execute liveness check
2020-09-08 07:59:15 [32minfo[39m: Execute liveness check
2020-09-08 07:59:25 [32minfo[39m: Execute liveness check
2020-09-08 07:59:35 [32minfo[39m: Execute liveness check
2020-09-08 07:59:45 [32minfo[39m: Execute liveness check
2020-09-08 07:59:55 [32minfo[39m: Execute liveness check
2020-09-08 08:00:06 [32minfo[39m: Execute liveness check
2020-09-08 08:00:16 [32minfo[39m: Execute liveness check
2020-09-08 08:00:27 [32minfo[39m: Execute liveness check
2020-09-08 08:00:38 [32minfo[39m: Execute liveness check
2020-09-08 08:14:06 [32minfo[39m: Execute liveness check
2020-09-08 08:14:17 [32minfo[39m: Execute liveness check
2020-09-08 08:14:27 [32minfo[39m: Execute liveness check
2020-09-08 08:14:37 [32minfo[39m: Execute liveness check
2020-09-08 08:14:48 [32minfo[39m: Execute liveness check
2020-09-08 08:14:58 [32minfo[39m: Execute liveness check
2020-09-08 08:15:08 [32minfo[39m: Execute liveness check
2020-09-08 08:15:18 [32minfo[39m: Execute liveness check
2020-09-08 08:15:28 [32minfo[39m: Execute liveness check
2020-09-08 08:15:38 [32minfo[39m: Execute liveness check
2020-09-08 08:15:48 [32minfo[39m: Execute liveness check
2020-09-08 08:15:58 [32minfo[39m: Execute liveness check
2020-09-08 08:16:09 [32minfo[39m: Execute liveness check
2020-09-08 08:16:19 [32minfo[39m: Execute liveness check
2020-09-08 08:16:29 [32minfo[39m: Execute liveness check
2020-09-08 08:16:39 [32minfo[39m: Execute liveness check
2020-09-08 08:16:49 [32minfo[39m: Execute liveness check
2020-09-08 08:16:59 [32minfo[39m: Execute liveness check
2020-09-08 08:17:09 [32minfo[39m: Execute liveness check
2020-09-08 08:17:19 [32minfo[39m: Execute liveness check
2020-09-08 08:17:29 [32minfo[39m: Execute liveness check
2020-09-08 08:17:40 [32minfo[39m: Execute liveness check
2020-09-08 08:17:50 [32minfo[39m: Execute liveness check
2020-09-08 08:18:00 [32minfo[39m: Execute liveness check
2020-09-08 08:18:10 [32minfo[39m: Execute liveness check
2020-09-08 08:18:20 [32minfo[39m: Execute liveness check
2020-09-08 08:18:30 [32minfo[39m: Execute liveness check
2020-09-08 08:18:41 [32minfo[39m: Execute liveness check
2020-09-08 08:18:51 [32minfo[39m: Execute liveness check
2020-09-08 08:19:01 [32minfo[39m: Execute liveness check
2020-09-08 08:19:11 [32minfo[39m: Execute liveness check
2020-09-08 08:19:25 [32minfo[39m: Attempting UI extension registration...
2020-09-08 08:19:25 [32minfo[39m: Server is running version 2020.3.0, 0, 2020.3.0, 107, 11c4636, Fri Sep  4 20:44:33 UTC 2020
2020-09-08 08:19:25 [32minfo[39m: Node server started without a TLS certificate on port : 3000
2020-09-08 08:19:26 [31merror[39m: connect ECONNREFUSED 172.24.0.20:8000
2020-09-08 08:19:26 [32minfo[39m: Failed registration (Attempt #1). Attempting again in 30 seconds.
2020-09-08 08:19:33 [32minfo[39m: Execute liveness check
2020-09-08 08:19:43 [32minfo[39m: Execute liveness check
2020-09-08 08:19:53 [32minfo[39m: Execute liveness check
2020-09-08 08:19:56 [32minfo[39m: Attempting UI extension registration...
2020-09-08 08:19:56 [31merror[39m: connect ECONNREFUSED 172.24.0.20:8000
2020-09-08 08:19:56 [32minfo[39m: Failed registration (Attempt #2). Attempting again in 30 seconds.
2020-09-08 08:20:04 [32minfo[39m: Execute liveness check
2020-09-08 08:20:14 [32minfo[39m: Execute liveness check
2020-09-08 08:20:24 [32minfo[39m: Execute liveness check
2020-09-08 08:20:26 [32minfo[39m: Attempting UI extension registration...
2020-09-08 08:20:26 [31merror[39m: connect ECONNREFUSED 172.24.0.20:8000
2020-09-08 08:20:26 [32minfo[39m: Failed registration (Attempt #3). Attempting again in 30 seconds.
2020-09-08 08:20:34 [32minfo[39m: Execute liveness check
2020-09-08 08:20:44 [32minfo[39m: Execute liveness check
2020-09-08 08:20:55 [32minfo[39m: Execute liveness check
2020-09-08 08:20:56 [32minfo[39m: Attempting UI extension registration...
2020-09-08 08:20:56 [31merror[39m: connect ECONNREFUSED 172.24.0.20:8000
2020-09-08 08:20:56 [32minfo[39m: Failed registration (Attempt #4). Attempting again in 30 seconds.
2020-09-08 08:21:05 [32minfo[39m: Execute liveness check
2020-09-08 08:21:15 [32minfo[39m: Execute liveness check
2020-09-08 08:21:25 [32minfo[39m: Execute liveness check
2020-09-08 08:21:26 [32minfo[39m: Attempting UI extension registration...
2020-09-08 08:21:26 [31merror[39m: connect ECONNREFUSED 172.24.0.20:8000
2020-09-08 08:21:26 [32minfo[39m: Failed registration (Attempt #5). Attempting again in 30 seconds.
2020-09-08 08:21:35 [32minfo[39m: Execute liveness check
2020-09-08 08:21:45 [32minfo[39m: Execute liveness check
2020-09-08 08:21:56 [32minfo[39m: Execute liveness check
2020-09-08 08:21:56 [32minfo[39m: Attempting UI extension registration...
2020-09-08 08:21:56 [31merror[39m: connect ECONNREFUSED 172.24.0.20:8000
2020-09-08 08:21:56 [32minfo[39m: Failed registration (Attempt #6). Attempting again in 30 seconds.
2020-09-08 08:22:06 [32minfo[39m: Execute liveness check
2020-09-08 08:22:16 [32minfo[39m: Execute liveness check
2020-09-08 08:22:26 [32minfo[39m: Attempting UI extension registration...
2020-09-08 08:22:26 [31merror[39m: connect ECONNREFUSED 172.24.0.20:8000
2020-09-08 08:22:26 [32minfo[39m: Failed registration (Attempt #7). Attempting again in 30 seconds.
2020-09-08 08:22:26 [32minfo[39m: Execute liveness check
2020-09-08 08:22:36 [32minfo[39m: Execute liveness check
2020-09-08 08:22:46 [32minfo[39m: Execute liveness check
