2020-09-08 07:00:26 [32minfo[39m: Server is running version 2020.3.0, 0, 2020.3.0, 630, c4a0e12, Fri Sep  4 17:58:06 UTC 2020
2020-09-08 07:00:26 [32minfo[39m: Node server started without a TLS certificate on port : 3000
2020-09-08 07:00:34 [32minfo[39m: Execute liveness check
2020-09-08 07:00:44 [32minfo[39m: Execute liveness check
2020-09-08 07:00:54 [32minfo[39m: Execute liveness check
2020-09-08 07:01:04 [32minfo[39m: Execute liveness check
2020-09-08 07:01:14 [32minfo[39m: Execute liveness check
2020-09-08 07:01:24 [32minfo[39m: Execute liveness check
2020-09-08 07:01:35 [32minfo[39m: Execute liveness check
2020-09-08 07:01:45 [32minfo[39m: Execute liveness check
2020-09-08 07:01:55 [32minfo[39m: Execute liveness check
2020-09-08 07:02:05 [32minfo[39m: Execute liveness check
2020-09-08 07:02:15 [32minfo[39m: Execute liveness check
2020-09-08 07:02:25 [32minfo[39m: Execute liveness check
2020-09-08 07:02:35 [32minfo[39m: Execute liveness check
2020-09-08 07:16:37 [32minfo[39m: Server is running version 2020.3.0, 0, 2020.3.0, 630, c4a0e12, Fri Sep  4 17:58:06 UTC 2020
2020-09-08 07:16:37 [32minfo[39m: Node server started without a TLS certificate on port : 3000
2020-09-08 07:16:44 [32minfo[39m: Execute liveness check
2020-09-08 07:16:54 [32minfo[39m: Execute liveness check
2020-09-08 07:17:05 [32minfo[39m: Execute liveness check
2020-09-08 07:17:15 [32minfo[39m: Execute liveness check
2020-09-08 07:17:25 [32minfo[39m: Execute liveness check
2020-09-08 07:17:35 [32minfo[39m: Execute liveness check
2020-09-08 07:17:45 [32minfo[39m: Execute liveness check
2020-09-08 07:17:55 [32minfo[39m: Execute liveness check
2020-09-08 07:18:05 [32minfo[39m: Execute liveness check
2020-09-08 07:18:15 [32minfo[39m: Execute liveness check
2020-09-08 07:18:25 [32minfo[39m: Execute liveness check
2020-09-08 07:18:36 [32minfo[39m: Execute liveness check
2020-09-08 07:18:46 [32minfo[39m: Execute liveness check
2020-09-08 07:18:56 [32minfo[39m: Execute liveness check
2020-09-08 07:19:06 [32minfo[39m: Execute liveness check
2020-09-08 07:19:16 [32minfo[39m: Execute liveness check
2020-09-08 07:19:26 [32minfo[39m: Execute liveness check
2020-09-08 07:19:36 [32minfo[39m: Execute liveness check
2020-09-08 07:19:47 [32minfo[39m: Execute liveness check
2020-09-08 07:19:57 [32minfo[39m: Execute liveness check
2020-09-08 07:20:04 [32minfo[39m: Server is running version 2020.3.0, 0, 2020.3.0, 630, c4a0e12, Fri Sep  4 17:58:06 UTC 2020
2020-09-08 07:20:04 [32minfo[39m: Node server started without a TLS certificate on port : 3000
2020-09-08 07:20:12 [32minfo[39m: Execute liveness check
2020-09-08 07:20:22 [32minfo[39m: Execute liveness check
2020-09-08 07:20:32 [32minfo[39m: Execute liveness check
2020-09-08 07:20:42 [32minfo[39m: Execute liveness check
2020-09-08 07:20:53 [32minfo[39m: Execute liveness check
2020-09-08 07:21:03 [32minfo[39m: Execute liveness check
2020-09-08 07:21:13 [32minfo[39m: Execute liveness check
2020-09-08 07:22:39 [32minfo[39m: Server is running version 2020.3.0, 0, 2020.3.0, 630, c4a0e12, Fri Sep  4 17:58:06 UTC 2020
2020-09-08 07:22:39 [32minfo[39m: Node server started without a TLS certificate on port : 3000
2020-09-08 07:22:47 [32minfo[39m: Execute liveness check
2020-09-08 07:22:57 [32minfo[39m: Execute liveness check
2020-09-08 07:23:08 [32minfo[39m: Execute liveness check
2020-09-08 07:23:18 [32minfo[39m: Execute liveness check
2020-09-08 07:23:28 [32minfo[39m: Execute liveness check
2020-09-08 07:23:38 [32minfo[39m: Execute liveness check
2020-09-08 07:23:48 [32minfo[39m: Execute liveness check
2020-09-08 07:23:58 [32minfo[39m: Execute liveness check
2020-09-08 07:24:08 [32minfo[39m: Execute liveness check
2020-09-08 07:24:18 [32minfo[39m: Execute liveness check
2020-09-08 07:24:29 [32minfo[39m: Execute liveness check
2020-09-08 07:24:39 [32minfo[39m: Execute liveness check
2020-09-08 07:24:49 [32minfo[39m: Execute liveness check
2020-09-08 07:24:59 [32minfo[39m: Execute liveness check
2020-09-08 07:25:09 [32minfo[39m: Execute liveness check
2020-09-08 07:25:19 [32minfo[39m: Execute liveness check
2020-09-08 07:25:29 [32minfo[39m: Execute liveness check
2020-09-08 07:25:40 [32minfo[39m: Execute liveness check
2020-09-08 07:27:11 [32minfo[39m: Server is running version 2020.3.0, 0, 2020.3.0, 630, c4a0e12, Fri Sep  4 17:58:06 UTC 2020
2020-09-08 07:27:11 [32minfo[39m: Node server started without a TLS certificate on port : 3000
2020-09-08 07:27:19 [32minfo[39m: Execute liveness check
2020-09-08 07:27:29 [32minfo[39m: Execute liveness check
2020-09-08 07:27:39 [32minfo[39m: Execute liveness check
2020-09-08 07:27:49 [32minfo[39m: Execute liveness check
2020-09-08 07:28:00 [32minfo[39m: Execute liveness check
2020-09-08 07:28:10 [32minfo[39m: Execute liveness check
2020-09-08 07:28:20 [32minfo[39m: Execute liveness check
2020-09-08 07:28:30 [32minfo[39m: Execute liveness check
2020-09-08 07:28:40 [32minfo[39m: Execute liveness check
2020-09-08 07:28:50 [32minfo[39m: Execute liveness check
2020-09-08 07:29:00 [32minfo[39m: Execute liveness check
2020-09-08 07:29:10 [32minfo[39m: Execute liveness check
2020-09-08 07:29:21 [32minfo[39m: Execute liveness check
2020-09-08 07:29:31 [32minfo[39m: Execute liveness check
2020-09-08 07:29:40 [34mdebug[39m: Executing routes.get
2020-09-08 07:29:40 [34mdebug[39m: Executing routes.get
2020-09-08 07:29:41 [34mdebug[39m: Executing allApi
2020-09-08 07:29:41 [34mdebug[39m: Executing allApi
2020-09-08 07:29:41 [31merror[39m: uncaughtException: connect ECONNREFUSED 172.22.0.20:8000
Error: connect ECONNREFUSED 172.22.0.20:8000
    at TCPConnectWrap.afterConnect [as oncomplete] (net.js:1137:16)
2020-09-08 07:29:41 [34mdebug[39m: Caught exception: Error: connect ECONNREFUSED 172.22.0.20:8000
2020-09-08 07:29:41 [34mdebug[39m: Exception origin: uncaughtException
2020-09-08 07:29:41 [34mdebug[39m: Executing getUserInfo
2020-09-08 07:29:46 [32minfo[39m: Server is running version 2020.3.0, 0, 2020.3.0, 630, c4a0e12, Fri Sep  4 17:58:06 UTC 2020
2020-09-08 07:29:46 [32minfo[39m: Node server started without a TLS certificate on port : 3000
2020-09-08 07:29:55 [32minfo[39m: Execute liveness check
2020-09-08 07:30:05 [32minfo[39m: Execute liveness check
2020-09-08 07:30:15 [32minfo[39m: Execute liveness check
2020-09-08 07:30:25 [32minfo[39m: Execute liveness check
2020-09-08 07:30:35 [32minfo[39m: Execute liveness check
2020-09-08 07:30:45 [32minfo[39m: Execute liveness check
2020-09-08 07:30:55 [32minfo[39m: Execute liveness check
2020-09-08 07:31:05 [32minfo[39m: Execute liveness check
2020-09-08 07:31:16 [32minfo[39m: Execute liveness check
2020-09-08 07:31:26 [32minfo[39m: Execute liveness check
2020-09-08 07:31:36 [32minfo[39m: Execute liveness check
2020-09-08 07:31:46 [32minfo[39m: Execute liveness check
2020-09-08 07:31:56 [32minfo[39m: Execute liveness check
2020-09-08 07:32:06 [32minfo[39m: Execute liveness check
2020-09-08 07:32:16 [32minfo[39m: Execute liveness check
2020-09-08 07:32:26 [32minfo[39m: Execute liveness check
2020-09-08 07:32:36 [32minfo[39m: Execute liveness check
2020-09-08 07:32:47 [32minfo[39m: Execute liveness check
2020-09-08 07:32:57 [32minfo[39m: Execute liveness check
2020-09-08 07:33:07 [32minfo[39m: Execute liveness check
2020-09-08 07:33:17 [32minfo[39m: Execute liveness check
2020-09-08 07:33:27 [32minfo[39m: Execute liveness check
2020-09-08 07:33:37 [32minfo[39m: Execute liveness check
2020-09-08 07:33:47 [32minfo[39m: Execute liveness check
2020-09-08 07:33:57 [32minfo[39m: Execute liveness check
2020-09-08 07:34:07 [32minfo[39m: Execute liveness check
2020-09-08 07:34:18 [32minfo[39m: Execute liveness check
2020-09-08 07:34:28 [32minfo[39m: Execute liveness check
2020-09-08 07:34:38 [32minfo[39m: Execute liveness check
2020-09-08 07:34:48 [32minfo[39m: Execute liveness check
2020-09-08 07:34:58 [32minfo[39m: Execute liveness check
2020-09-08 07:34:59 [34mdebug[39m: Executing routes.get
2020-09-08 07:34:59 [34mdebug[39m: Executing routes.get
2020-09-08 07:35:08 [32minfo[39m: Execute liveness check
2020-09-08 07:35:18 [32minfo[39m: Execute liveness check
2020-09-08 07:35:28 [32minfo[39m: Execute liveness check
2020-09-08 07:35:39 [32minfo[39m: Execute liveness check
2020-09-08 07:35:49 [32minfo[39m: Execute liveness check
2020-09-08 07:35:59 [32minfo[39m: Execute liveness check
2020-09-08 07:36:09 [32minfo[39m: Execute liveness check
2020-09-08 07:36:19 [32minfo[39m: Execute liveness check
2020-09-08 07:36:29 [32minfo[39m: Execute liveness check
2020-09-08 07:36:39 [32minfo[39m: Execute liveness check
2020-09-08 07:36:49 [32minfo[39m: Execute liveness check
2020-09-08 07:37:00 [32minfo[39m: Execute liveness check
2020-09-08 07:37:10 [32minfo[39m: Execute liveness check
2020-09-08 07:37:20 [32minfo[39m: Execute liveness check
2020-09-08 07:37:30 [32minfo[39m: Execute liveness check
2020-09-08 07:37:40 [32minfo[39m: Execute liveness check
2020-09-08 07:37:50 [32minfo[39m: Execute liveness check
2020-09-08 07:38:00 [32minfo[39m: Execute liveness check
2020-09-08 07:38:10 [32minfo[39m: Execute liveness check
2020-09-08 07:38:20 [32minfo[39m: Execute liveness check
2020-09-08 07:38:30 [32minfo[39m: Execute liveness check
2020-09-08 07:38:41 [32minfo[39m: Execute liveness check
2020-09-08 07:39:35 [32minfo[39m: Server is running version 2020.3.0, 0, 2020.3.0, 630, c4a0e12, Fri Sep  4 17:58:06 UTC 2020
2020-09-08 07:39:35 [32minfo[39m: Node server started without a TLS certificate on port : 3000
2020-09-08 07:39:42 [32minfo[39m: Execute liveness check
2020-09-08 07:39:52 [32minfo[39m: Execute liveness check
2020-09-08 07:40:03 [32minfo[39m: Execute liveness check
2020-09-08 07:40:13 [32minfo[39m: Execute liveness check
2020-09-08 07:40:23 [32minfo[39m: Execute liveness check
2020-09-08 07:40:33 [32minfo[39m: Execute liveness check
2020-09-08 07:40:43 [32minfo[39m: Execute liveness check
2020-09-08 07:40:53 [32minfo[39m: Execute liveness check
2020-09-08 07:41:03 [32minfo[39m: Execute liveness check
2020-09-08 07:41:13 [32minfo[39m: Execute liveness check
2020-09-08 07:41:24 [32minfo[39m: Execute liveness check
2020-09-08 07:41:34 [32minfo[39m: Execute liveness check
2020-09-08 07:41:44 [32minfo[39m: Execute liveness check
2020-09-08 07:41:54 [32minfo[39m: Execute liveness check
2020-09-08 07:42:04 [32minfo[39m: Execute liveness check
2020-09-08 07:42:14 [32minfo[39m: Execute liveness check
2020-09-08 07:42:24 [32minfo[39m: Execute liveness check
2020-09-08 07:42:34 [32minfo[39m: Execute liveness check
2020-09-08 07:42:45 [32minfo[39m: Execute liveness check
2020-09-08 07:42:55 [32minfo[39m: Execute liveness check
2020-09-08 07:43:05 [32minfo[39m: Execute liveness check
2020-09-08 07:43:15 [32minfo[39m: Execute liveness check
2020-09-08 07:43:25 [32minfo[39m: Execute liveness check
2020-09-08 07:43:35 [32minfo[39m: Execute liveness check
2020-09-08 07:43:45 [32minfo[39m: Execute liveness check
2020-09-08 07:43:55 [32minfo[39m: Execute liveness check
2020-09-08 07:44:05 [32minfo[39m: Execute liveness check
2020-09-08 07:44:15 [32minfo[39m: Execute liveness check
2020-09-08 07:44:26 [32minfo[39m: Execute liveness check
2020-09-08 07:44:36 [32minfo[39m: Execute liveness check
2020-09-08 07:44:46 [32minfo[39m: Execute liveness check
2020-09-08 07:44:56 [32minfo[39m: Execute liveness check
2020-09-08 07:45:06 [32minfo[39m: Execute liveness check
2020-09-08 07:45:16 [32minfo[39m: Execute liveness check
2020-09-08 07:45:26 [32minfo[39m: Execute liveness check
2020-09-08 07:45:36 [32minfo[39m: Execute liveness check
2020-09-08 07:45:47 [32minfo[39m: Execute liveness check
2020-09-08 07:45:57 [32minfo[39m: Execute liveness check
2020-09-08 07:46:07 [32minfo[39m: Execute liveness check
2020-09-08 07:46:17 [32minfo[39m: Execute liveness check
2020-09-08 07:46:27 [32minfo[39m: Execute liveness check
2020-09-08 07:46:37 [32minfo[39m: Execute liveness check
2020-09-08 07:46:47 [32minfo[39m: Execute liveness check
2020-09-08 07:46:57 [32minfo[39m: Execute liveness check
2020-09-08 07:47:08 [32minfo[39m: Execute liveness check
2020-09-08 07:47:18 [32minfo[39m: Execute liveness check
2020-09-08 07:47:28 [32minfo[39m: Execute liveness check
2020-09-08 07:47:38 [32minfo[39m: Execute liveness check
2020-09-08 07:47:48 [32minfo[39m: Execute liveness check
2020-09-08 07:47:58 [32minfo[39m: Execute liveness check
2020-09-08 07:48:08 [32minfo[39m: Execute liveness check
2020-09-08 07:48:18 [32minfo[39m: Execute liveness check
2020-09-08 07:48:29 [32minfo[39m: Execute liveness check
2020-09-08 07:48:39 [32minfo[39m: Execute liveness check
2020-09-08 07:48:49 [32minfo[39m: Execute liveness check
2020-09-08 07:48:59 [32minfo[39m: Execute liveness check
2020-09-08 07:49:09 [32minfo[39m: Execute liveness check
2020-09-08 07:49:19 [32minfo[39m: Execute liveness check
2020-09-08 07:49:29 [32minfo[39m: Execute liveness check
2020-09-08 07:49:39 [32minfo[39m: Execute liveness check
2020-09-08 07:49:49 [32minfo[39m: Execute liveness check
2020-09-08 07:50:00 [32minfo[39m: Execute liveness check
2020-09-08 07:50:10 [32minfo[39m: Execute liveness check
2020-09-08 07:50:20 [32minfo[39m: Execute liveness check
2020-09-08 07:50:30 [32minfo[39m: Execute liveness check
2020-09-08 07:50:40 [32minfo[39m: Execute liveness check
2020-09-08 07:50:50 [32minfo[39m: Execute liveness check
2020-09-08 07:51:00 [32minfo[39m: Execute liveness check
2020-09-08 07:51:10 [32minfo[39m: Execute liveness check
2020-09-08 07:51:20 [32minfo[39m: Execute liveness check
2020-09-08 07:51:31 [32minfo[39m: Execute liveness check
2020-09-08 07:51:41 [32minfo[39m: Execute liveness check
2020-09-08 07:51:51 [32minfo[39m: Execute liveness check
2020-09-08 07:52:01 [32minfo[39m: Execute liveness check
2020-09-08 07:52:11 [32minfo[39m: Execute liveness check
2020-09-08 07:52:21 [32minfo[39m: Execute liveness check
2020-09-08 07:52:31 [32minfo[39m: Execute liveness check
2020-09-08 07:52:41 [32minfo[39m: Execute liveness check
2020-09-08 07:52:51 [32minfo[39m: Execute liveness check
2020-09-08 07:53:02 [32minfo[39m: Execute liveness check
2020-09-08 07:53:12 [32minfo[39m: Execute liveness check
2020-09-08 07:53:22 [32minfo[39m: Execute liveness check
2020-09-08 07:53:32 [32minfo[39m: Execute liveness check
2020-09-08 07:53:42 [32minfo[39m: Execute liveness check
2020-09-08 07:53:52 [32minfo[39m: Execute liveness check
2020-09-08 07:54:02 [32minfo[39m: Execute liveness check
2020-09-08 07:54:13 [32minfo[39m: Execute liveness check
2020-09-08 07:54:23 [32minfo[39m: Execute liveness check
2020-09-08 07:54:33 [32minfo[39m: Execute liveness check
2020-09-08 07:54:43 [32minfo[39m: Execute liveness check
2020-09-08 07:54:53 [32minfo[39m: Execute liveness check
2020-09-08 07:55:03 [32minfo[39m: Execute liveness check
2020-09-08 07:55:13 [32minfo[39m: Execute liveness check
2020-09-08 07:55:23 [32minfo[39m: Execute liveness check
2020-09-08 07:55:33 [32minfo[39m: Execute liveness check
2020-09-08 07:55:43 [32minfo[39m: Execute liveness check
2020-09-08 07:55:54 [32minfo[39m: Execute liveness check
2020-09-08 07:56:04 [32minfo[39m: Execute liveness check
2020-09-08 07:56:14 [32minfo[39m: Execute liveness check
2020-09-08 07:56:24 [32minfo[39m: Execute liveness check
2020-09-08 07:56:34 [32minfo[39m: Execute liveness check
2020-09-08 07:56:44 [32minfo[39m: Execute liveness check
2020-09-08 07:56:54 [32minfo[39m: Execute liveness check
2020-09-08 07:57:04 [32minfo[39m: Execute liveness check
2020-09-08 07:57:14 [32minfo[39m: Execute liveness check
2020-09-08 07:57:25 [32minfo[39m: Execute liveness check
2020-09-08 07:57:35 [32minfo[39m: Execute liveness check
2020-09-08 07:57:45 [32minfo[39m: Execute liveness check
2020-09-08 07:57:55 [32minfo[39m: Execute liveness check
2020-09-08 07:58:05 [32minfo[39m: Execute liveness check
2020-09-08 07:58:15 [32minfo[39m: Execute liveness check
2020-09-08 07:58:25 [32minfo[39m: Execute liveness check
2020-09-08 07:58:35 [32minfo[39m: Execute liveness check
2020-09-08 07:58:45 [32minfo[39m: Execute liveness check
2020-09-08 07:58:55 [32minfo[39m: Execute liveness check
2020-09-08 07:59:06 [32minfo[39m: Execute liveness check
2020-09-08 07:59:16 [32minfo[39m: Execute liveness check
2020-09-08 07:59:26 [32minfo[39m: Execute liveness check
2020-09-08 07:59:36 [32minfo[39m: Execute liveness check
2020-09-08 07:59:46 [32minfo[39m: Execute liveness check
2020-09-08 07:59:56 [32minfo[39m: Execute liveness check
2020-09-08 08:00:06 [32minfo[39m: Execute liveness check
2020-09-08 08:00:16 [32minfo[39m: Execute liveness check
2020-09-08 08:00:27 [32minfo[39m: Execute liveness check
2020-09-08 08:00:38 [32minfo[39m: Execute liveness check
2020-09-08 08:14:06 [32minfo[39m: Execute liveness check
2020-09-08 08:14:16 [32minfo[39m: Execute liveness check
2020-09-08 08:14:27 [32minfo[39m: Execute liveness check
2020-09-08 08:14:37 [32minfo[39m: Execute liveness check
2020-09-08 08:14:47 [32minfo[39m: Execute liveness check
2020-09-08 08:14:57 [32minfo[39m: Execute liveness check
2020-09-08 08:15:08 [32minfo[39m: Execute liveness check
2020-09-08 08:15:18 [32minfo[39m: Execute liveness check
2020-09-08 08:15:28 [32minfo[39m: Execute liveness check
2020-09-08 08:15:38 [32minfo[39m: Execute liveness check
2020-09-08 08:15:48 [32minfo[39m: Execute liveness check
2020-09-08 08:15:58 [32minfo[39m: Execute liveness check
2020-09-08 08:16:08 [32minfo[39m: Execute liveness check
2020-09-08 08:16:18 [32minfo[39m: Execute liveness check
2020-09-08 08:16:29 [32minfo[39m: Execute liveness check
2020-09-08 08:16:39 [32minfo[39m: Execute liveness check
2020-09-08 08:16:49 [32minfo[39m: Execute liveness check
2020-09-08 08:16:59 [32minfo[39m: Execute liveness check
2020-09-08 08:17:09 [32minfo[39m: Execute liveness check
2020-09-08 08:17:19 [32minfo[39m: Execute liveness check
2020-09-08 08:17:29 [32minfo[39m: Execute liveness check
2020-09-08 08:17:40 [32minfo[39m: Execute liveness check
2020-09-08 08:17:50 [32minfo[39m: Execute liveness check
2020-09-08 08:18:00 [32minfo[39m: Execute liveness check
2020-09-08 08:18:10 [32minfo[39m: Execute liveness check
2020-09-08 08:18:20 [32minfo[39m: Execute liveness check
2020-09-08 08:18:30 [32minfo[39m: Execute liveness check
2020-09-08 08:18:41 [32minfo[39m: Execute liveness check
2020-09-08 08:18:51 [32minfo[39m: Execute liveness check
2020-09-08 08:19:01 [32minfo[39m: Execute liveness check
2020-09-08 08:19:11 [32minfo[39m: Execute liveness check
2020-09-08 08:19:26 [32minfo[39m: Server is running version 2020.3.0, 0, 2020.3.0, 630, c4a0e12, Fri Sep  4 17:58:06 UTC 2020
2020-09-08 08:19:26 [32minfo[39m: Node server started without a TLS certificate on port : 3000
2020-09-08 08:19:33 [32minfo[39m: Execute liveness check
2020-09-08 08:19:43 [32minfo[39m: Execute liveness check
2020-09-08 08:19:53 [32minfo[39m: Execute liveness check
2020-09-08 08:20:04 [32minfo[39m: Execute liveness check
2020-09-08 08:20:14 [32minfo[39m: Execute liveness check
2020-09-08 08:20:24 [32minfo[39m: Execute liveness check
2020-09-08 08:20:34 [32minfo[39m: Execute liveness check
2020-09-08 08:20:44 [34mdebug[39m: Executing routes.get
2020-09-08 08:20:44 [34mdebug[39m: Executing routes.get
2020-09-08 08:20:44 [32minfo[39m: Execute liveness check
2020-09-08 08:20:45 [34mdebug[39m: Executing getUserInfo
2020-09-08 08:20:45 [34mdebug[39m: Executing allApi
2020-09-08 08:20:45 [31merror[39m: uncaughtException: connect ECONNREFUSED 172.24.0.20:8000
Error: connect ECONNREFUSED 172.24.0.20:8000
    at TCPConnectWrap.afterConnect [as oncomplete] (net.js:1137:16)
2020-09-08 08:20:45 [34mdebug[39m: Caught exception: Error: connect ECONNREFUSED 172.24.0.20:8000
2020-09-08 08:20:45 [34mdebug[39m: Exception origin: uncaughtException
2020-09-08 08:20:50 [32minfo[39m: Server is running version 2020.3.0, 0, 2020.3.0, 630, c4a0e12, Fri Sep  4 17:58:06 UTC 2020
2020-09-08 08:20:50 [32minfo[39m: Node server started without a TLS certificate on port : 3000
2020-09-08 08:20:51 [34mdebug[39m: Executing allApi
2020-09-08 08:20:52 [31merror[39m: uncaughtException: connect ECONNREFUSED 172.24.0.20:8000
Error: connect ECONNREFUSED 172.24.0.20:8000
    at TCPConnectWrap.afterConnect [as oncomplete] (net.js:1137:16)
2020-09-08 08:20:52 [34mdebug[39m: Caught exception: Error: connect ECONNREFUSED 172.24.0.20:8000
2020-09-08 08:20:52 [34mdebug[39m: Exception origin: uncaughtException
2020-09-08 08:20:56 [32minfo[39m: Server is running version 2020.3.0, 0, 2020.3.0, 630, c4a0e12, Fri Sep  4 17:58:06 UTC 2020
2020-09-08 08:20:56 [32minfo[39m: Node server started without a TLS certificate on port : 3000
2020-09-08 08:20:58 [34mdebug[39m: Executing routes.get
2020-09-08 08:20:58 [34mdebug[39m: Executing routes.get
2020-09-08 08:20:59 [34mdebug[39m: Executing allApi
2020-09-08 08:20:59 [34mdebug[39m: Executing getUserInfo
2020-09-08 08:20:59 [31merror[39m: uncaughtException: connect ECONNREFUSED 172.24.0.20:8000
Error: connect ECONNREFUSED 172.24.0.20:8000
    at TCPConnectWrap.afterConnect [as oncomplete] (net.js:1137:16)
2020-09-08 08:20:59 [34mdebug[39m: Caught exception: Error: connect ECONNREFUSED 172.24.0.20:8000
2020-09-08 08:20:59 [34mdebug[39m: Exception origin: uncaughtException
2020-09-08 08:21:04 [32minfo[39m: Server is running version 2020.3.0, 0, 2020.3.0, 630, c4a0e12, Fri Sep  4 17:58:06 UTC 2020
2020-09-08 08:21:04 [32minfo[39m: Node server started without a TLS certificate on port : 3000
2020-09-08 08:21:08 [34mdebug[39m: Executing allApi
2020-09-08 08:21:08 [31merror[39m: uncaughtException: connect ECONNREFUSED 172.24.0.20:8000
Error: connect ECONNREFUSED 172.24.0.20:8000
    at TCPConnectWrap.afterConnect [as oncomplete] (net.js:1137:16)
2020-09-08 08:21:08 [34mdebug[39m: Caught exception: Error: connect ECONNREFUSED 172.24.0.20:8000
2020-09-08 08:21:08 [34mdebug[39m: Exception origin: uncaughtException
2020-09-08 08:21:12 [32minfo[39m: Server is running version 2020.3.0, 0, 2020.3.0, 630, c4a0e12, Fri Sep  4 17:58:06 UTC 2020
2020-09-08 08:21:12 [32minfo[39m: Node server started without a TLS certificate on port : 3000
2020-09-08 08:21:22 [32minfo[39m: Execute liveness check
2020-09-08 08:21:32 [32minfo[39m: Execute liveness check
2020-09-08 08:21:42 [32minfo[39m: Execute liveness check
2020-09-08 08:21:52 [32minfo[39m: Execute liveness check
2020-09-08 08:22:02 [32minfo[39m: Execute liveness check
2020-09-08 08:22:13 [32minfo[39m: Execute liveness check
2020-09-08 08:22:23 [32minfo[39m: Execute liveness check
2020-09-08 08:22:33 [32minfo[39m: Execute liveness check
2020-09-08 08:22:43 [32minfo[39m: Execute liveness check
