2020-09-08 06:44:19 [32minfo[39m: Attempting UI extension registration...
2020-09-08 06:44:19 [32minfo[39m: Server is running version 2020.2.0, 0, 2020.3.0, 109, c0bc235, Fri Sep  4 12:10:27 UTC 2020
2020-09-08 06:44:19 [32minfo[39m: Node server started without a TLS certificate on port : 3000
2020-09-08 06:44:19 [31merror[39m: connect ECONNREFUSED 172.18.0.20:8000
2020-09-08 06:44:19 [32minfo[39m: Failed registration (Attempt #1). Attempting again in 30 seconds.
2020-09-08 06:44:27 [32minfo[39m: Execute liveness check
2020-09-08 06:44:37 [32minfo[39m: Execute liveness check
2020-09-08 06:44:47 [32minfo[39m: Execute liveness check
2020-09-08 06:44:49 [32minfo[39m: Attempting UI extension registration...
2020-09-08 06:44:49 [31merror[39m: connect ECONNREFUSED 172.18.0.7:8000
2020-09-08 06:44:49 [32minfo[39m: Failed registration (Attempt #2). Attempting again in 30 seconds.
2020-09-08 06:44:57 [32minfo[39m: Execute liveness check
2020-09-08 06:45:07 [32minfo[39m: Execute liveness check
2020-09-08 06:45:17 [32minfo[39m: Execute liveness check
2020-09-08 06:45:19 [32minfo[39m: Attempting UI extension registration...
2020-09-08 06:45:19 [31merror[39m: connect ECONNREFUSED 172.18.0.7:8000
2020-09-08 06:45:19 [32minfo[39m: Failed registration (Attempt #3). Attempting again in 30 seconds.
2020-09-08 06:45:28 [32minfo[39m: Execute liveness check
2020-09-08 06:45:38 [32minfo[39m: Execute liveness check
2020-09-08 06:45:48 [32minfo[39m: Execute liveness check
2020-09-08 06:45:49 [32minfo[39m: Attempting UI extension registration...
2020-09-08 06:45:49 [31merror[39m: connect ECONNREFUSED 172.18.0.7:8000
2020-09-08 06:45:49 [32minfo[39m: Failed registration (Attempt #4). Attempting again in 30 seconds.
2020-09-08 06:45:58 [32minfo[39m: Execute liveness check
2020-09-08 06:46:08 [32minfo[39m: Execute liveness check
2020-09-08 06:46:18 [32minfo[39m: Execute liveness check
2020-09-08 06:46:19 [32minfo[39m: Attempting UI extension registration...
2020-09-08 06:46:19 [31merror[39m: connect ECONNREFUSED 172.18.0.7:8000
2020-09-08 06:46:19 [32minfo[39m: Failed registration (Attempt #5). Attempting again in 30 seconds.
2020-09-08 06:46:28 [32minfo[39m: Execute liveness check
2020-09-08 06:46:38 [32minfo[39m: Execute liveness check
2020-09-08 06:46:49 [32minfo[39m: Execute liveness check
2020-09-08 06:46:49 [32minfo[39m: Attempting UI extension registration...
2020-09-08 06:46:49 [31merror[39m: connect ECONNREFUSED 172.18.0.7:8000
2020-09-08 06:46:49 [32minfo[39m: Failed registration (Attempt #6). Attempting again in 30 seconds.
2020-09-08 06:46:59 [32minfo[39m: Execute liveness check
2020-09-08 06:47:09 [32minfo[39m: Execute liveness check
2020-09-08 06:47:19 [32minfo[39m: Attempting UI extension registration...
2020-09-08 06:47:19 [31merror[39m: connect ECONNREFUSED 172.18.0.7:8000
2020-09-08 06:47:19 [32minfo[39m: Failed registration (Attempt #7). Attempting again in 30 seconds.
2020-09-08 06:47:19 [32minfo[39m: Execute liveness check
2020-09-08 06:47:29 [32minfo[39m: Execute liveness check
2020-09-08 06:47:39 [32minfo[39m: Execute liveness check
2020-09-08 06:47:49 [32minfo[39m: Attempting UI extension registration...
2020-09-08 06:47:49 [31merror[39m: connect ECONNREFUSED 172.18.0.7:8000
2020-09-08 06:47:49 [32minfo[39m: Failed registration (Attempt #8). Attempting again in 30 seconds.
2020-09-08 06:47:49 [32minfo[39m: Execute liveness check
2020-09-08 06:48:00 [32minfo[39m: Execute liveness check
2020-09-08 06:48:10 [32minfo[39m: Execute liveness check
2020-09-08 06:48:19 [32minfo[39m: Attempting UI extension registration...
2020-09-08 06:48:19 [31merror[39m: connect ECONNREFUSED 172.18.0.7:8000
2020-09-08 06:48:19 [32minfo[39m: Failed registration (Attempt #9). Attempting again in 30 seconds.
2020-09-08 06:48:20 [32minfo[39m: Execute liveness check
2020-09-08 06:48:30 [32minfo[39m: Execute liveness check
2020-09-08 06:48:40 [32minfo[39m: Execute liveness check
2020-09-08 06:48:49 [32minfo[39m: Attempting UI extension registration...
2020-09-08 06:48:50 [31merror[39m: connect ECONNREFUSED 172.18.0.7:8000
2020-09-08 06:48:50 [32minfo[39m: Failed registration (Attempt #10). Attempting again in 30 seconds.
2020-09-08 06:48:50 [32minfo[39m: Execute liveness check
2020-09-08 06:49:00 [32minfo[39m: Execute liveness check
2020-09-08 06:49:10 [32minfo[39m: Execute liveness check
2020-09-08 06:49:20 [32minfo[39m: Attempting UI extension registration...
2020-09-08 06:49:20 [31merror[39m: connect ECONNREFUSED 172.18.0.7:8000
2020-09-08 06:49:20 [32minfo[39m: Failed registration (Attempt #11). Attempting again in 30 seconds.
2020-09-08 06:49:21 [32minfo[39m: Execute liveness check
2020-09-08 06:49:31 [32minfo[39m: Execute liveness check
2020-09-08 06:49:41 [32minfo[39m: Execute liveness check
2020-09-08 06:49:50 [32minfo[39m: Attempting UI extension registration...
2020-09-08 06:49:50 [31merror[39m: connect ECONNREFUSED 172.18.0.7:8000
2020-09-08 06:49:50 [32minfo[39m: Failed registration (Attempt #12). Attempting again in 30 seconds.
2020-09-08 06:49:51 [32minfo[39m: Execute liveness check
2020-09-08 06:50:01 [32minfo[39m: Execute liveness check
2020-09-08 06:50:11 [32minfo[39m: Execute liveness check
2020-09-08 06:50:20 [32minfo[39m: Attempting UI extension registration...
2020-09-08 06:50:20 [31merror[39m: connect ECONNREFUSED 172.18.0.7:8000
2020-09-08 06:50:20 [32minfo[39m: Failed registration (Attempt #13). Attempting again in 30 seconds.
2020-09-08 06:50:21 [32minfo[39m: Execute liveness check
2020-09-08 06:50:31 [32minfo[39m: Execute liveness check
2020-09-08 06:50:42 [32minfo[39m: Execute liveness check
2020-09-08 06:50:50 [32minfo[39m: Attempting UI extension registration...
2020-09-08 06:50:50 [31merror[39m: connect ECONNREFUSED 172.18.0.7:8000
2020-09-08 06:50:50 [32minfo[39m: Failed registration (Attempt #14). Attempting again in 30 seconds.
2020-09-08 06:50:52 [32minfo[39m: Execute liveness check
2020-09-08 06:51:02 [32minfo[39m: Execute liveness check
2020-09-08 06:51:12 [32minfo[39m: Execute liveness check
2020-09-08 06:51:20 [32minfo[39m: Attempting UI extension registration...
2020-09-08 06:51:20 [31merror[39m: connect ECONNREFUSED 172.18.0.7:8000
2020-09-08 06:51:20 [32minfo[39m: Failed registration (Attempt #15). Attempting again in 30 seconds.
2020-09-08 06:51:22 [32minfo[39m: Execute liveness check
2020-09-08 06:51:32 [32minfo[39m: Execute liveness check
2020-09-08 06:51:42 [32minfo[39m: Execute liveness check
2020-09-08 06:51:50 [32minfo[39m: Attempting UI extension registration...
2020-09-08 06:51:50 [31merror[39m: connect ECONNREFUSED 172.18.0.7:8000
2020-09-08 06:51:50 [32minfo[39m: Failed registration (Attempt #16). Attempting again in 30 seconds.
2020-09-08 06:51:52 [32minfo[39m: Execute liveness check
2020-09-08 06:52:02 [32minfo[39m: Execute liveness check
2020-09-08 06:52:13 [32minfo[39m: Execute liveness check
2020-09-08 06:52:20 [32minfo[39m: Attempting UI extension registration...
2020-09-08 06:52:20 [31merror[39m: connect ECONNREFUSED 172.18.0.7:8000
2020-09-08 06:52:20 [32minfo[39m: Failed registration (Attempt #17). Attempting again in 30 seconds.
2020-09-08 06:52:23 [32minfo[39m: Execute liveness check
2020-09-08 06:52:33 [32minfo[39m: Execute liveness check
2020-09-08 06:52:43 [32minfo[39m: Execute liveness check
2020-09-08 06:52:50 [32minfo[39m: Attempting UI extension registration...
2020-09-08 06:52:50 [31merror[39m: connect ECONNREFUSED 172.18.0.7:8000
2020-09-08 06:52:50 [32minfo[39m: Failed registration (Attempt #18). Attempting again in 30 seconds.
2020-09-08 06:52:53 [32minfo[39m: Execute liveness check
2020-09-08 06:53:03 [32minfo[39m: Execute liveness check
2020-09-08 06:53:13 [32minfo[39m: Execute liveness check
2020-09-08 06:53:20 [32minfo[39m: Attempting UI extension registration...
2020-09-08 06:53:20 [31merror[39m: connect ECONNREFUSED 172.18.0.7:8000
2020-09-08 06:53:20 [32minfo[39m: Failed registration (Attempt #19). Attempting again in 30 seconds.
2020-09-08 06:53:23 [32minfo[39m: Execute liveness check
2020-09-08 06:53:33 [32minfo[39m: Execute liveness check
2020-09-08 06:53:44 [32minfo[39m: Execute liveness check
2020-09-08 06:53:50 [32minfo[39m: Attempting UI extension registration...
2020-09-08 06:53:50 [31merror[39m: connect ECONNREFUSED 172.18.0.7:8000
2020-09-08 06:53:50 [32minfo[39m: Failed registration (Attempt #20). Attempting again in 30 seconds.
2020-09-08 06:53:54 [32minfo[39m: Execute liveness check
2020-09-08 06:54:04 [32minfo[39m: Execute liveness check
2020-09-08 06:54:14 [32minfo[39m: Execute liveness check
2020-09-08 06:54:20 [32minfo[39m: Attempting UI extension registration...
2020-09-08 06:54:20 [31merror[39m: connect ECONNREFUSED 172.18.0.7:8000
2020-09-08 06:54:20 [31merror[39m: Maximum number of attempts exceeded. Could not register UI extension.
2020-09-08 06:54:24 [32minfo[39m: Execute liveness check
2020-09-08 06:54:34 [32minfo[39m: Execute liveness check
2020-09-08 06:54:44 [32minfo[39m: Execute liveness check
2020-09-08 06:54:54 [32minfo[39m: Execute liveness check
2020-09-08 06:55:05 [32minfo[39m: Execute liveness check
2020-09-08 06:55:15 [32minfo[39m: Execute liveness check
2020-09-08 06:55:25 [32minfo[39m: Execute liveness check
2020-09-08 06:55:35 [32minfo[39m: Execute liveness check
2020-09-08 06:55:45 [32minfo[39m: Execute liveness check
2020-09-08 06:55:55 [32minfo[39m: Execute liveness check
2020-09-08 06:56:05 [32minfo[39m: Execute liveness check
2020-09-08 06:56:15 [32minfo[39m: Execute liveness check
2020-09-08 06:56:25 [32minfo[39m: Execute liveness check
2020-09-08 06:56:36 [32minfo[39m: Execute liveness check
2020-09-08 06:56:46 [32minfo[39m: Execute liveness check
2020-09-08 06:56:56 [32minfo[39m: Execute liveness check
2020-09-08 06:57:06 [32minfo[39m: Execute liveness check
2020-09-08 06:57:16 [32minfo[39m: Execute liveness check
2020-09-08 06:57:26 [32minfo[39m: Execute liveness check
2020-09-08 06:57:36 [32minfo[39m: Execute liveness check
2020-09-08 06:57:46 [32minfo[39m: Execute liveness check
2020-09-08 06:57:57 [32minfo[39m: Execute liveness check
2020-09-08 06:58:07 [32minfo[39m: Execute liveness check
2020-09-08 06:58:17 [32minfo[39m: Execute liveness check
2020-09-08 06:58:27 [32minfo[39m: Execute liveness check
2020-09-08 06:58:37 [32minfo[39m: Execute liveness check
2020-09-08 06:58:47 [32minfo[39m: Execute liveness check
2020-09-08 06:58:57 [32minfo[39m: Execute liveness check
2020-09-08 06:59:07 [32minfo[39m: Execute liveness check
2020-09-08 06:59:17 [32minfo[39m: Execute liveness check
2020-09-08 06:59:27 [32minfo[39m: Execute liveness check
2020-09-08 06:59:38 [32minfo[39m: Execute liveness check
2020-09-08 06:59:48 [32minfo[39m: Execute liveness check
2020-09-08 06:59:58 [32minfo[39m: Execute liveness check
2020-09-08 07:00:23 [32minfo[39m: Attempting UI extension registration...
2020-09-08 07:00:24 [32minfo[39m: Server is running version 2020.2.0, 0, 2020.3.0, 109, c0bc235, Fri Sep  4 12:10:27 UTC 2020
2020-09-08 07:00:24 [32minfo[39m: Node server started without a TLS certificate on port : 3000
2020-09-08 07:00:25 [31merror[39m: connect ECONNREFUSED 172.19.0.20:8000
2020-09-08 07:00:25 [32minfo[39m: Failed registration (Attempt #1). Attempting again in 30 seconds.
2020-09-08 07:00:31 [32minfo[39m: Execute liveness check
2020-09-08 07:00:42 [32minfo[39m: Execute liveness check
2020-09-08 07:00:52 [32minfo[39m: Execute liveness check
2020-09-08 07:00:55 [32minfo[39m: Attempting UI extension registration...
2020-09-08 07:00:55 [31merror[39m: connect ECONNREFUSED 172.19.0.12:8000
2020-09-08 07:00:55 [32minfo[39m: Failed registration (Attempt #2). Attempting again in 30 seconds.
2020-09-08 07:01:02 [32minfo[39m: Execute liveness check
2020-09-08 07:01:12 [32minfo[39m: Execute liveness check
2020-09-08 07:01:22 [32minfo[39m: Execute liveness check
2020-09-08 07:01:25 [32minfo[39m: Attempting UI extension registration...
2020-09-08 07:01:25 [31merror[39m: connect ECONNREFUSED 172.19.0.12:8000
2020-09-08 07:01:25 [32minfo[39m: Failed registration (Attempt #3). Attempting again in 30 seconds.
2020-09-08 07:01:32 [32minfo[39m: Execute liveness check
2020-09-08 07:01:43 [32minfo[39m: Execute liveness check
2020-09-08 07:01:53 [32minfo[39m: Execute liveness check
2020-09-08 07:01:55 [32minfo[39m: Attempting UI extension registration...
2020-09-08 07:01:55 [31merror[39m: connect ECONNREFUSED 172.19.0.12:8000
2020-09-08 07:01:55 [32minfo[39m: Failed registration (Attempt #4). Attempting again in 30 seconds.
2020-09-08 07:02:03 [32minfo[39m: Execute liveness check
2020-09-08 07:02:13 [32minfo[39m: Execute liveness check
2020-09-08 07:02:23 [32minfo[39m: Execute liveness check
2020-09-08 07:02:25 [32minfo[39m: Attempting UI extension registration...
2020-09-08 07:02:25 [31merror[39m: connect ECONNREFUSED 172.19.0.12:8000
2020-09-08 07:02:25 [32minfo[39m: Failed registration (Attempt #5). Attempting again in 30 seconds.
2020-09-08 07:02:33 [32minfo[39m: Execute liveness check
2020-09-08 07:16:36 [32minfo[39m: Attempting UI extension registration...
2020-09-08 07:16:36 [32minfo[39m: Server is running version 2020.2.0, 0, 2020.3.0, 109, c0bc235, Fri Sep  4 12:10:27 UTC 2020
2020-09-08 07:16:36 [32minfo[39m: Node server started without a TLS certificate on port : 3000
2020-09-08 07:16:36 [31merror[39m: connect ECONNREFUSED 172.21.0.21:8000
2020-09-08 07:16:36 [32minfo[39m: Failed registration (Attempt #1). Attempting again in 30 seconds.
2020-09-08 07:16:44 [32minfo[39m: Execute liveness check
2020-09-08 07:16:54 [32minfo[39m: Execute liveness check
2020-09-08 07:17:04 [32minfo[39m: Execute liveness check
2020-09-08 07:17:06 [32minfo[39m: Attempting UI extension registration...
2020-09-08 07:17:06 [31merror[39m: connect ECONNREFUSED 172.21.0.7:8000
2020-09-08 07:17:06 [32minfo[39m: Failed registration (Attempt #2). Attempting again in 30 seconds.
2020-09-08 07:17:14 [32minfo[39m: Execute liveness check
2020-09-08 07:17:24 [32minfo[39m: Execute liveness check
2020-09-08 07:17:34 [32minfo[39m: Execute liveness check
2020-09-08 07:17:36 [32minfo[39m: Attempting UI extension registration...
2020-09-08 07:17:36 [31merror[39m: connect ECONNREFUSED 172.21.0.7:8000
2020-09-08 07:17:36 [32minfo[39m: Failed registration (Attempt #3). Attempting again in 30 seconds.
2020-09-08 07:17:45 [32minfo[39m: Execute liveness check
2020-09-08 07:17:55 [32minfo[39m: Execute liveness check
2020-09-08 07:18:05 [32minfo[39m: Execute liveness check
2020-09-08 07:18:06 [32minfo[39m: Attempting UI extension registration...
2020-09-08 07:18:06 [31merror[39m: connect ECONNREFUSED 172.21.0.7:8000
2020-09-08 07:18:06 [32minfo[39m: Failed registration (Attempt #4). Attempting again in 30 seconds.
2020-09-08 07:18:15 [32minfo[39m: Execute liveness check
2020-09-08 07:18:25 [32minfo[39m: Execute liveness check
2020-09-08 07:18:35 [32minfo[39m: Execute liveness check
2020-09-08 07:18:36 [32minfo[39m: Attempting UI extension registration...
2020-09-08 07:18:36 [31merror[39m: connect ECONNREFUSED 172.21.0.7:8000
2020-09-08 07:18:36 [32minfo[39m: Failed registration (Attempt #5). Attempting again in 30 seconds.
2020-09-08 07:18:45 [32minfo[39m: Execute liveness check
2020-09-08 07:18:55 [32minfo[39m: Execute liveness check
2020-09-08 07:19:06 [32minfo[39m: Execute liveness check
2020-09-08 07:19:06 [32minfo[39m: Attempting UI extension registration...
2020-09-08 07:19:06 [31merror[39m: connect ECONNREFUSED 172.21.0.7:8000
2020-09-08 07:19:06 [32minfo[39m: Failed registration (Attempt #6). Attempting again in 30 seconds.
2020-09-08 07:19:16 [32minfo[39m: Execute liveness check
2020-09-08 07:19:26 [32minfo[39m: Execute liveness check
2020-09-08 07:19:36 [32minfo[39m: Attempting UI extension registration...
2020-09-08 07:19:36 [31merror[39m: connect ECONNREFUSED 172.21.0.7:8000
2020-09-08 07:19:36 [32minfo[39m: Failed registration (Attempt #7). Attempting again in 30 seconds.
2020-09-08 07:19:36 [32minfo[39m: Execute liveness check
2020-09-08 07:19:46 [32minfo[39m: Execute liveness check
2020-09-08 07:19:56 [32minfo[39m: Execute liveness check
2020-09-08 07:20:04 [32minfo[39m: Attempting UI extension registration...
2020-09-08 07:20:04 [32minfo[39m: Server is running version 2020.2.0, 0, 2020.3.0, 109, c0bc235, Fri Sep  4 12:10:27 UTC 2020
2020-09-08 07:20:04 [32minfo[39m: Node server started without a TLS certificate on port : 3000
2020-09-08 07:20:04 [31merror[39m: connect ECONNREFUSED 172.21.0.9:8000
2020-09-08 07:20:04 [32minfo[39m: Failed registration (Attempt #1). Attempting again in 30 seconds.
2020-09-08 07:20:12 [32minfo[39m: Execute liveness check
2020-09-08 07:20:22 [32minfo[39m: Execute liveness check
2020-09-08 07:20:32 [32minfo[39m: Execute liveness check
2020-09-08 07:20:34 [32minfo[39m: Attempting UI extension registration...
2020-09-08 07:20:34 [31merror[39m: connect ECONNREFUSED 172.21.0.9:8000
2020-09-08 07:20:34 [32minfo[39m: Failed registration (Attempt #2). Attempting again in 30 seconds.
2020-09-08 07:20:43 [32minfo[39m: Execute liveness check
2020-09-08 07:20:53 [32minfo[39m: Execute liveness check
2020-09-08 07:21:03 [32minfo[39m: Execute liveness check
2020-09-08 07:21:04 [32minfo[39m: Attempting UI extension registration...
2020-09-08 07:21:04 [31merror[39m: connect ECONNREFUSED 172.21.0.9:8000
2020-09-08 07:21:04 [32minfo[39m: Failed registration (Attempt #3). Attempting again in 30 seconds.
2020-09-08 07:21:13 [32minfo[39m: Execute liveness check
2020-09-08 07:22:39 [32minfo[39m: Attempting UI extension registration...
2020-09-08 07:22:40 [32minfo[39m: Server is running version 2020.2.0, 0, 2020.3.0, 109, c0bc235, Fri Sep  4 12:10:27 UTC 2020
2020-09-08 07:22:40 [32minfo[39m: Node server started without a TLS certificate on port : 3000
2020-09-08 07:22:41 [31merror[39m: connect ECONNREFUSED 172.21.0.21:8000
2020-09-08 07:22:41 [32minfo[39m: Failed registration (Attempt #1). Attempting again in 30 seconds.
2020-09-08 07:22:47 [32minfo[39m: Execute liveness check
2020-09-08 07:22:57 [32minfo[39m: Execute liveness check
2020-09-08 07:23:08 [32minfo[39m: Execute liveness check
2020-09-08 07:23:11 [32minfo[39m: Attempting UI extension registration...
2020-09-08 07:23:11 [31merror[39m: connect ECONNREFUSED 172.21.0.21:8000
2020-09-08 07:23:11 [32minfo[39m: Failed registration (Attempt #2). Attempting again in 30 seconds.
2020-09-08 07:23:18 [32minfo[39m: Execute liveness check
2020-09-08 07:23:28 [32minfo[39m: Execute liveness check
2020-09-08 07:23:38 [32minfo[39m: Execute liveness check
2020-09-08 07:23:41 [32minfo[39m: Attempting UI extension registration...
2020-09-08 07:23:42 [31merror[39m: connect ECONNREFUSED 172.21.0.21:8000
2020-09-08 07:23:42 [32minfo[39m: Failed registration (Attempt #3). Attempting again in 30 seconds.
2020-09-08 07:23:48 [32minfo[39m: Execute liveness check
2020-09-08 07:23:58 [32minfo[39m: Execute liveness check
2020-09-08 07:24:08 [32minfo[39m: Execute liveness check
2020-09-08 07:24:12 [32minfo[39m: Attempting UI extension registration...
2020-09-08 07:24:12 [31merror[39m: connect ECONNREFUSED 172.21.0.21:8000
2020-09-08 07:24:12 [32minfo[39m: Failed registration (Attempt #4). Attempting again in 30 seconds.
2020-09-08 07:24:18 [32minfo[39m: Execute liveness check
2020-09-08 07:24:29 [32minfo[39m: Execute liveness check
2020-09-08 07:24:39 [32minfo[39m: Execute liveness check
2020-09-08 07:24:42 [32minfo[39m: Attempting UI extension registration...
2020-09-08 07:24:42 [31merror[39m: connect ECONNREFUSED 172.21.0.21:8000
2020-09-08 07:24:42 [32minfo[39m: Failed registration (Attempt #5). Attempting again in 30 seconds.
2020-09-08 07:24:49 [32minfo[39m: Execute liveness check
2020-09-08 07:24:59 [32minfo[39m: Execute liveness check
2020-09-08 07:25:09 [32minfo[39m: Execute liveness check
2020-09-08 07:25:11 [32minfo[39m: Attempting UI extension registration...
2020-09-08 07:25:11 [31merror[39m: connect ECONNREFUSED 172.21.0.21:8000
2020-09-08 07:25:11 [32minfo[39m: Failed registration (Attempt #6). Attempting again in 30 seconds.
2020-09-08 07:25:19 [32minfo[39m: Execute liveness check
2020-09-08 07:25:29 [32minfo[39m: Execute liveness check
2020-09-08 07:25:39 [32minfo[39m: Execute liveness check
2020-09-08 07:25:41 [32minfo[39m: Attempting UI extension registration...
2020-09-08 07:25:41 [31merror[39m: connect ECONNREFUSED 172.21.0.21:8000
2020-09-08 07:25:41 [32minfo[39m: Failed registration (Attempt #7). Attempting again in 30 seconds.
2020-09-08 07:27:11 [32minfo[39m: Attempting UI extension registration...
2020-09-08 07:27:11 [32minfo[39m: Server is running version 2020.2.0, 0, 2020.3.0, 109, c0bc235, Fri Sep  4 12:10:27 UTC 2020
2020-09-08 07:27:11 [32minfo[39m: Node server started without a TLS certificate on port : 3000
2020-09-08 07:27:12 [31merror[39m: connect ECONNREFUSED 172.22.0.20:8000
2020-09-08 07:27:12 [32minfo[39m: Failed registration (Attempt #1). Attempting again in 30 seconds.
2020-09-08 07:27:19 [32minfo[39m: Execute liveness check
2020-09-08 07:27:29 [32minfo[39m: Execute liveness check
2020-09-08 07:27:39 [32minfo[39m: Execute liveness check
2020-09-08 07:27:42 [32minfo[39m: Attempting UI extension registration...
2020-09-08 07:27:42 [31merror[39m: connect ECONNREFUSED 172.22.0.20:8000
2020-09-08 07:27:42 [32minfo[39m: Failed registration (Attempt #2). Attempting again in 30 seconds.
2020-09-08 07:27:49 [32minfo[39m: Execute liveness check
2020-09-08 07:28:00 [32minfo[39m: Execute liveness check
2020-09-08 07:28:10 [32minfo[39m: Execute liveness check
2020-09-08 07:28:12 [32minfo[39m: Attempting UI extension registration...
2020-09-08 07:28:12 [31merror[39m: connect ECONNREFUSED 172.22.0.20:8000
2020-09-08 07:28:12 [32minfo[39m: Failed registration (Attempt #3). Attempting again in 30 seconds.
2020-09-08 07:28:20 [32minfo[39m: Execute liveness check
2020-09-08 07:28:30 [32minfo[39m: Execute liveness check
2020-09-08 07:28:40 [32minfo[39m: Execute liveness check
2020-09-08 07:28:42 [32minfo[39m: Attempting UI extension registration...
2020-09-08 07:28:42 [31merror[39m: connect ECONNREFUSED 172.22.0.20:8000
2020-09-08 07:28:42 [32minfo[39m: Failed registration (Attempt #4). Attempting again in 30 seconds.
2020-09-08 07:28:50 [32minfo[39m: Execute liveness check
2020-09-08 07:29:00 [32minfo[39m: Execute liveness check
2020-09-08 07:29:10 [32minfo[39m: Execute liveness check
2020-09-08 07:29:12 [32minfo[39m: Attempting UI extension registration...
2020-09-08 07:29:12 [31merror[39m: connect ECONNREFUSED 172.22.0.20:8000
2020-09-08 07:29:12 [32minfo[39m: Failed registration (Attempt #5). Attempting again in 30 seconds.
2020-09-08 07:29:20 [32minfo[39m: Execute liveness check
2020-09-08 07:29:31 [32minfo[39m: Execute liveness check
2020-09-08 07:29:41 [32minfo[39m: Execute liveness check
2020-09-08 07:29:42 [32minfo[39m: Attempting UI extension registration...
2020-09-08 07:29:42 [31merror[39m: connect ECONNREFUSED 172.22.0.20:8000
2020-09-08 07:29:42 [32minfo[39m: Failed registration (Attempt #6). Attempting again in 30 seconds.
2020-09-08 07:29:51 [32minfo[39m: Execute liveness check
2020-09-08 07:30:01 [32minfo[39m: Execute liveness check
2020-09-08 07:30:11 [32minfo[39m: Execute liveness check
2020-09-08 07:30:12 [32minfo[39m: Attempting UI extension registration...
2020-09-08 07:30:12 [31merror[39m: connect ECONNREFUSED 172.22.0.20:8000
2020-09-08 07:30:12 [32minfo[39m: Failed registration (Attempt #7). Attempting again in 30 seconds.
2020-09-08 07:30:21 [32minfo[39m: Execute liveness check
2020-09-08 07:30:31 [32minfo[39m: Execute liveness check
2020-09-08 07:30:42 [32minfo[39m: Execute liveness check
2020-09-08 07:30:42 [32minfo[39m: Attempting UI extension registration...
2020-09-08 07:30:42 [31merror[39m: connect ECONNREFUSED 172.22.0.20:8000
2020-09-08 07:30:42 [32minfo[39m: Failed registration (Attempt #8). Attempting again in 30 seconds.
2020-09-08 07:30:52 [32minfo[39m: Execute liveness check
2020-09-08 07:31:02 [32minfo[39m: Execute liveness check
2020-09-08 07:31:12 [32minfo[39m: Execute liveness check
2020-09-08 07:31:12 [32minfo[39m: Attempting UI extension registration...
2020-09-08 07:31:12 [31merror[39m: connect ECONNREFUSED 172.22.0.20:8000
2020-09-08 07:31:12 [32minfo[39m: Failed registration (Attempt #9). Attempting again in 30 seconds.
2020-09-08 07:31:22 [32minfo[39m: Execute liveness check
2020-09-08 07:31:32 [32minfo[39m: Execute liveness check
2020-09-08 07:31:42 [32minfo[39m: Attempting UI extension registration...
2020-09-08 07:31:42 [31merror[39m: connect ECONNREFUSED 172.22.0.20:8000
2020-09-08 07:31:42 [32minfo[39m: Failed registration (Attempt #10). Attempting again in 30 seconds.
2020-09-08 07:31:42 [32minfo[39m: Execute liveness check
2020-09-08 07:31:52 [32minfo[39m: Execute liveness check
2020-09-08 07:32:02 [32minfo[39m: Execute liveness check
2020-09-08 07:32:12 [32minfo[39m: Attempting UI extension registration...
2020-09-08 07:32:12 [31merror[39m: connect ECONNREFUSED 172.22.0.20:8000
2020-09-08 07:32:12 [32minfo[39m: Failed registration (Attempt #11). Attempting again in 30 seconds.
2020-09-08 07:32:13 [32minfo[39m: Execute liveness check
2020-09-08 07:32:23 [32minfo[39m: Execute liveness check
2020-09-08 07:32:33 [32minfo[39m: Execute liveness check
2020-09-08 07:32:42 [32minfo[39m: Attempting UI extension registration...
2020-09-08 07:32:42 [31merror[39m: connect ECONNREFUSED 172.22.0.20:8000
2020-09-08 07:32:42 [32minfo[39m: Failed registration (Attempt #12). Attempting again in 30 seconds.
2020-09-08 07:32:43 [32minfo[39m: Execute liveness check
2020-09-08 07:32:53 [32minfo[39m: Execute liveness check
2020-09-08 07:33:03 [32minfo[39m: Execute liveness check
2020-09-08 07:33:12 [32minfo[39m: Attempting UI extension registration...
2020-09-08 07:33:12 [31merror[39m: connect ECONNREFUSED 172.22.0.20:8000
2020-09-08 07:33:12 [32minfo[39m: Failed registration (Attempt #13). Attempting again in 30 seconds.
2020-09-08 07:33:13 [32minfo[39m: Execute liveness check
2020-09-08 07:33:23 [32minfo[39m: Execute liveness check
2020-09-08 07:33:33 [32minfo[39m: Execute liveness check
2020-09-08 07:33:42 [32minfo[39m: Attempting UI extension registration...
2020-09-08 07:33:42 [31merror[39m: connect ECONNREFUSED 172.22.0.20:8000
2020-09-08 07:33:42 [32minfo[39m: Failed registration (Attempt #14). Attempting again in 30 seconds.
2020-09-08 07:33:44 [32minfo[39m: Execute liveness check
2020-09-08 07:33:54 [32minfo[39m: Execute liveness check
2020-09-08 07:34:04 [32minfo[39m: Execute liveness check
2020-09-08 07:34:12 [32minfo[39m: Attempting UI extension registration...
2020-09-08 07:34:12 [31merror[39m: connect ECONNREFUSED 172.22.0.20:8000
2020-09-08 07:34:12 [32minfo[39m: Failed registration (Attempt #15). Attempting again in 30 seconds.
2020-09-08 07:34:14 [32minfo[39m: Execute liveness check
2020-09-08 07:34:24 [32minfo[39m: Execute liveness check
2020-09-08 07:34:34 [32minfo[39m: Execute liveness check
2020-09-08 07:34:42 [32minfo[39m: Attempting UI extension registration...
2020-09-08 07:34:42 [31merror[39m: connect ECONNREFUSED 172.22.0.20:8000
2020-09-08 07:34:42 [32minfo[39m: Failed registration (Attempt #16). Attempting again in 30 seconds.
2020-09-08 07:34:44 [32minfo[39m: Execute liveness check
2020-09-08 07:34:54 [32minfo[39m: Execute liveness check
2020-09-08 07:35:04 [32minfo[39m: Execute liveness check
2020-09-08 07:35:12 [32minfo[39m: Attempting UI extension registration...
2020-09-08 07:35:12 [31merror[39m: connect ECONNREFUSED 172.22.0.20:8000
2020-09-08 07:35:12 [32minfo[39m: Failed registration (Attempt #17). Attempting again in 30 seconds.
2020-09-08 07:35:14 [32minfo[39m: Execute liveness check
2020-09-08 07:35:25 [32minfo[39m: Execute liveness check
2020-09-08 07:35:35 [32minfo[39m: Execute liveness check
2020-09-08 07:35:42 [32minfo[39m: Attempting UI extension registration...
2020-09-08 07:35:42 [31merror[39m: connect ECONNREFUSED 172.22.0.20:8000
2020-09-08 07:35:42 [32minfo[39m: Failed registration (Attempt #18). Attempting again in 30 seconds.
2020-09-08 07:35:45 [32minfo[39m: Execute liveness check
2020-09-08 07:35:55 [32minfo[39m: Execute liveness check
2020-09-08 07:36:05 [32minfo[39m: Execute liveness check
2020-09-08 07:36:12 [32minfo[39m: Attempting UI extension registration...
2020-09-08 07:36:12 [31merror[39m: connect ECONNREFUSED 172.22.0.20:8000
2020-09-08 07:36:12 [32minfo[39m: Failed registration (Attempt #19). Attempting again in 30 seconds.
2020-09-08 07:36:15 [32minfo[39m: Execute liveness check
2020-09-08 07:36:25 [32minfo[39m: Execute liveness check
2020-09-08 07:36:35 [32minfo[39m: Execute liveness check
2020-09-08 07:36:42 [32minfo[39m: Attempting UI extension registration...
2020-09-08 07:36:42 [31merror[39m: connect ECONNREFUSED 172.22.0.20:8000
2020-09-08 07:36:42 [32minfo[39m: Failed registration (Attempt #20). Attempting again in 30 seconds.
2020-09-08 07:36:45 [32minfo[39m: Execute liveness check
2020-09-08 07:36:55 [32minfo[39m: Execute liveness check
2020-09-08 07:37:06 [32minfo[39m: Execute liveness check
2020-09-08 07:37:12 [32minfo[39m: Attempting UI extension registration...
2020-09-08 07:37:12 [31merror[39m: connect ECONNREFUSED 172.22.0.20:8000
2020-09-08 07:37:12 [31merror[39m: Maximum number of attempts exceeded. Could not register UI extension.
2020-09-08 07:37:16 [32minfo[39m: Execute liveness check
2020-09-08 07:37:26 [32minfo[39m: Execute liveness check
2020-09-08 07:37:36 [32minfo[39m: Execute liveness check
2020-09-08 07:37:46 [32minfo[39m: Execute liveness check
2020-09-08 07:37:56 [32minfo[39m: Execute liveness check
2020-09-08 07:38:06 [32minfo[39m: Execute liveness check
2020-09-08 07:38:16 [32minfo[39m: Execute liveness check
2020-09-08 07:38:26 [32minfo[39m: Execute liveness check
2020-09-08 07:38:37 [32minfo[39m: Execute liveness check
2020-09-08 07:38:47 [32minfo[39m: Execute liveness check
2020-09-08 07:39:34 [32minfo[39m: Attempting UI extension registration...
2020-09-08 07:39:34 [32minfo[39m: Server is running version 2020.2.0, 0, 2020.3.0, 109, c0bc235, Fri Sep  4 12:10:27 UTC 2020
2020-09-08 07:39:34 [32minfo[39m: Node server started without a TLS certificate on port : 3000
2020-09-08 07:39:35 [31merror[39m: connect ECONNREFUSED 172.23.0.21:8000
2020-09-08 07:39:35 [32minfo[39m: Failed registration (Attempt #1). Attempting again in 30 seconds.
2020-09-08 07:39:42 [32minfo[39m: Execute liveness check
2020-09-08 07:39:53 [32minfo[39m: Execute liveness check
2020-09-08 07:40:03 [32minfo[39m: Execute liveness check
2020-09-08 07:40:05 [32minfo[39m: Attempting UI extension registration...
2020-09-08 07:40:05 [31merror[39m: connect ECONNREFUSED 172.23.0.21:8000
2020-09-08 07:40:05 [32minfo[39m: Failed registration (Attempt #2). Attempting again in 30 seconds.
2020-09-08 07:40:13 [32minfo[39m: Execute liveness check
2020-09-08 07:40:23 [32minfo[39m: Execute liveness check
2020-09-08 07:40:33 [32minfo[39m: Execute liveness check
2020-09-08 07:40:35 [32minfo[39m: Attempting UI extension registration...
2020-09-08 07:40:35 [31merror[39m: connect ECONNREFUSED 172.23.0.21:8000
2020-09-08 07:40:35 [32minfo[39m: Failed registration (Attempt #3). Attempting again in 30 seconds.
2020-09-08 07:40:43 [32minfo[39m: Execute liveness check
2020-09-08 07:40:53 [32minfo[39m: Execute liveness check
2020-09-08 07:41:03 [32minfo[39m: Execute liveness check
2020-09-08 07:41:05 [32minfo[39m: Attempting UI extension registration...
2020-09-08 07:41:05 [31merror[39m: connect ECONNREFUSED 172.23.0.21:8000
2020-09-08 07:41:05 [32minfo[39m: Failed registration (Attempt #4). Attempting again in 30 seconds.
2020-09-08 07:41:14 [32minfo[39m: Execute liveness check
2020-09-08 07:41:24 [32minfo[39m: Execute liveness check
2020-09-08 07:41:34 [32minfo[39m: Execute liveness check
2020-09-08 07:41:35 [32minfo[39m: Attempting UI extension registration...
2020-09-08 07:41:35 [31merror[39m: connect ECONNREFUSED 172.23.0.21:8000
2020-09-08 07:41:35 [32minfo[39m: Failed registration (Attempt #5). Attempting again in 30 seconds.
2020-09-08 07:41:44 [32minfo[39m: Execute liveness check
2020-09-08 07:41:54 [32minfo[39m: Execute liveness check
2020-09-08 07:42:04 [32minfo[39m: Execute liveness check
2020-09-08 07:42:05 [32minfo[39m: Attempting UI extension registration...
2020-09-08 07:42:05 [31merror[39m: connect ECONNREFUSED 172.23.0.21:8000
2020-09-08 07:42:05 [32minfo[39m: Failed registration (Attempt #6). Attempting again in 30 seconds.
2020-09-08 07:42:14 [32minfo[39m: Execute liveness check
2020-09-08 07:42:24 [32minfo[39m: Execute liveness check
2020-09-08 07:42:34 [32minfo[39m: Execute liveness check
2020-09-08 07:42:35 [32minfo[39m: Attempting UI extension registration...
2020-09-08 07:42:35 [31merror[39m: connect ECONNREFUSED 172.23.0.21:8000
2020-09-08 07:42:35 [32minfo[39m: Failed registration (Attempt #7). Attempting again in 30 seconds.
2020-09-08 07:42:45 [32minfo[39m: Execute liveness check
2020-09-08 07:42:55 [32minfo[39m: Execute liveness check
2020-09-08 07:43:05 [32minfo[39m: Execute liveness check
2020-09-08 07:43:05 [32minfo[39m: Attempting UI extension registration...
2020-09-08 07:43:05 [31merror[39m: connect ECONNREFUSED 172.23.0.21:8000
2020-09-08 07:43:05 [32minfo[39m: Failed registration (Attempt #8). Attempting again in 30 seconds.
2020-09-08 07:43:15 [32minfo[39m: Execute liveness check
2020-09-08 07:43:25 [32minfo[39m: Execute liveness check
2020-09-08 07:43:35 [32minfo[39m: Execute liveness check
2020-09-08 07:43:35 [32minfo[39m: Attempting UI extension registration...
2020-09-08 07:43:35 [31merror[39m: connect ECONNREFUSED 172.23.0.21:8000
2020-09-08 07:43:35 [32minfo[39m: Failed registration (Attempt #9). Attempting again in 30 seconds.
2020-09-08 07:43:45 [32minfo[39m: Execute liveness check
2020-09-08 07:43:55 [32minfo[39m: Execute liveness check
2020-09-08 07:44:05 [32minfo[39m: Attempting UI extension registration...
2020-09-08 07:44:05 [31merror[39m: connect ECONNREFUSED 172.23.0.21:8000
2020-09-08 07:44:05 [32minfo[39m: Failed registration (Attempt #10). Attempting again in 30 seconds.
2020-09-08 07:44:05 [32minfo[39m: Execute liveness check
2020-09-08 07:44:16 [32minfo[39m: Execute liveness check
2020-09-08 07:44:26 [32minfo[39m: Execute liveness check
2020-09-08 07:44:35 [32minfo[39m: Attempting UI extension registration...
2020-09-08 07:44:35 [31merror[39m: connect ECONNREFUSED 172.23.0.21:8000
2020-09-08 07:44:35 [32minfo[39m: Failed registration (Attempt #11). Attempting again in 30 seconds.
2020-09-08 07:44:36 [32minfo[39m: Execute liveness check
2020-09-08 07:44:46 [32minfo[39m: Execute liveness check
2020-09-08 07:44:56 [32minfo[39m: Execute liveness check
2020-09-08 07:45:05 [32minfo[39m: Attempting UI extension registration...
2020-09-08 07:45:05 [31merror[39m: connect ECONNREFUSED 172.23.0.21:8000
2020-09-08 07:45:05 [32minfo[39m: Failed registration (Attempt #12). Attempting again in 30 seconds.
2020-09-08 07:45:06 [32minfo[39m: Execute liveness check
2020-09-08 07:45:16 [32minfo[39m: Execute liveness check
2020-09-08 07:45:27 [32minfo[39m: Execute liveness check
2020-09-08 07:45:35 [32minfo[39m: Attempting UI extension registration...
2020-09-08 07:45:35 [31merror[39m: connect ECONNREFUSED 172.23.0.21:8000
2020-09-08 07:45:35 [32minfo[39m: Failed registration (Attempt #13). Attempting again in 30 seconds.
2020-09-08 07:45:37 [32minfo[39m: Execute liveness check
2020-09-08 07:45:47 [32minfo[39m: Execute liveness check
2020-09-08 07:45:57 [32minfo[39m: Execute liveness check
2020-09-08 07:46:05 [32minfo[39m: Attempting UI extension registration...
2020-09-08 07:46:05 [31merror[39m: connect ECONNREFUSED 172.23.0.21:8000
2020-09-08 07:46:05 [32minfo[39m: Failed registration (Attempt #14). Attempting again in 30 seconds.
2020-09-08 07:46:07 [32minfo[39m: Execute liveness check
2020-09-08 07:46:17 [32minfo[39m: Execute liveness check
2020-09-08 07:46:27 [32minfo[39m: Execute liveness check
2020-09-08 07:46:35 [32minfo[39m: Attempting UI extension registration...
2020-09-08 07:46:35 [31merror[39m: connect ECONNREFUSED 172.23.0.21:8000
2020-09-08 07:46:35 [32minfo[39m: Failed registration (Attempt #15). Attempting again in 30 seconds.
2020-09-08 07:46:37 [32minfo[39m: Execute liveness check
2020-09-08 07:46:47 [32minfo[39m: Execute liveness check
2020-09-08 07:46:58 [32minfo[39m: Execute liveness check
2020-09-08 07:47:05 [32minfo[39m: Attempting UI extension registration...
2020-09-08 07:47:05 [31merror[39m: connect ECONNREFUSED 172.23.0.21:8000
2020-09-08 07:47:05 [32minfo[39m: Failed registration (Attempt #16). Attempting again in 30 seconds.
2020-09-08 07:47:08 [32minfo[39m: Execute liveness check
2020-09-08 07:47:18 [32minfo[39m: Execute liveness check
2020-09-08 07:47:28 [32minfo[39m: Execute liveness check
2020-09-08 07:47:35 [32minfo[39m: Attempting UI extension registration...
2020-09-08 07:47:35 [31merror[39m: connect ECONNREFUSED 172.23.0.21:8000
2020-09-08 07:47:35 [32minfo[39m: Failed registration (Attempt #17). Attempting again in 30 seconds.
2020-09-08 07:47:38 [32minfo[39m: Execute liveness check
2020-09-08 07:47:48 [32minfo[39m: Execute liveness check
2020-09-08 07:47:58 [32minfo[39m: Execute liveness check
2020-09-08 07:48:05 [32minfo[39m: Attempting UI extension registration...
2020-09-08 07:48:05 [31merror[39m: connect ECONNREFUSED 172.23.0.21:8000
2020-09-08 07:48:05 [32minfo[39m: Failed registration (Attempt #18). Attempting again in 30 seconds.
2020-09-08 07:48:08 [32minfo[39m: Execute liveness check
2020-09-08 07:48:19 [32minfo[39m: Execute liveness check
2020-09-08 07:48:29 [32minfo[39m: Execute liveness check
2020-09-08 07:48:35 [32minfo[39m: Attempting UI extension registration...
2020-09-08 07:48:35 [31merror[39m: connect ECONNREFUSED 172.23.0.21:8000
2020-09-08 07:48:35 [32minfo[39m: Failed registration (Attempt #19). Attempting again in 30 seconds.
2020-09-08 07:48:39 [32minfo[39m: Execute liveness check
2020-09-08 07:48:49 [32minfo[39m: Execute liveness check
2020-09-08 07:48:59 [32minfo[39m: Execute liveness check
2020-09-08 07:49:05 [32minfo[39m: Attempting UI extension registration...
2020-09-08 07:49:05 [31merror[39m: connect ECONNREFUSED 172.23.0.21:8000
2020-09-08 07:49:05 [32minfo[39m: Failed registration (Attempt #20). Attempting again in 30 seconds.
2020-09-08 07:49:09 [32minfo[39m: Execute liveness check
2020-09-08 07:49:19 [32minfo[39m: Execute liveness check
2020-09-08 07:49:29 [32minfo[39m: Execute liveness check
2020-09-08 07:49:35 [32minfo[39m: Attempting UI extension registration...
2020-09-08 07:49:35 [31merror[39m: connect ECONNREFUSED 172.23.0.21:8000
2020-09-08 07:49:35 [31merror[39m: Maximum number of attempts exceeded. Could not register UI extension.
2020-09-08 07:49:39 [32minfo[39m: Execute liveness check
2020-09-08 07:49:50 [32minfo[39m: Execute liveness check
2020-09-08 07:50:00 [32minfo[39m: Execute liveness check
2020-09-08 07:50:10 [32minfo[39m: Execute liveness check
2020-09-08 07:50:20 [32minfo[39m: Execute liveness check
2020-09-08 07:50:30 [32minfo[39m: Execute liveness check
2020-09-08 07:50:40 [32minfo[39m: Execute liveness check
2020-09-08 07:50:50 [32minfo[39m: Execute liveness check
2020-09-08 07:51:00 [32minfo[39m: Execute liveness check
2020-09-08 07:51:10 [32minfo[39m: Execute liveness check
2020-09-08 07:51:21 [32minfo[39m: Execute liveness check
2020-09-08 07:51:31 [32minfo[39m: Execute liveness check
2020-09-08 07:51:41 [32minfo[39m: Execute liveness check
2020-09-08 07:51:51 [32minfo[39m: Execute liveness check
2020-09-08 07:52:01 [32minfo[39m: Execute liveness check
2020-09-08 07:52:11 [32minfo[39m: Execute liveness check
2020-09-08 07:52:21 [32minfo[39m: Execute liveness check
2020-09-08 07:52:31 [32minfo[39m: Execute liveness check
2020-09-08 07:52:41 [32minfo[39m: Execute liveness check
2020-09-08 07:52:52 [32minfo[39m: Execute liveness check
2020-09-08 07:53:02 [32minfo[39m: Execute liveness check
2020-09-08 07:53:12 [32minfo[39m: Execute liveness check
2020-09-08 07:53:22 [32minfo[39m: Execute liveness check
2020-09-08 07:53:32 [32minfo[39m: Execute liveness check
2020-09-08 07:53:42 [32minfo[39m: Execute liveness check
2020-09-08 07:53:52 [32minfo[39m: Execute liveness check
2020-09-08 07:54:02 [32minfo[39m: Execute liveness check
2020-09-08 07:54:13 [32minfo[39m: Execute liveness check
2020-09-08 07:54:23 [32minfo[39m: Execute liveness check
2020-09-08 07:54:33 [32minfo[39m: Execute liveness check
2020-09-08 07:54:43 [32minfo[39m: Execute liveness check
2020-09-08 07:54:53 [32minfo[39m: Execute liveness check
2020-09-08 07:55:03 [32minfo[39m: Execute liveness check
2020-09-08 07:55:13 [32minfo[39m: Execute liveness check
2020-09-08 07:55:23 [32minfo[39m: Execute liveness check
2020-09-08 07:55:34 [32minfo[39m: Execute liveness check
2020-09-08 07:55:44 [32minfo[39m: Execute liveness check
2020-09-08 07:55:54 [32minfo[39m: Execute liveness check
2020-09-08 07:56:04 [32minfo[39m: Execute liveness check
2020-09-08 07:56:14 [32minfo[39m: Execute liveness check
2020-09-08 07:56:24 [32minfo[39m: Execute liveness check
2020-09-08 07:56:34 [32minfo[39m: Execute liveness check
2020-09-08 07:56:44 [32minfo[39m: Execute liveness check
2020-09-08 07:56:54 [32minfo[39m: Execute liveness check
2020-09-08 07:57:04 [32minfo[39m: Execute liveness check
2020-09-08 07:57:15 [32minfo[39m: Execute liveness check
2020-09-08 07:57:25 [32minfo[39m: Execute liveness check
2020-09-08 07:57:35 [32minfo[39m: Execute liveness check
2020-09-08 07:57:45 [32minfo[39m: Execute liveness check
2020-09-08 07:57:55 [32minfo[39m: Execute liveness check
2020-09-08 07:58:05 [32minfo[39m: Execute liveness check
2020-09-08 07:58:15 [32minfo[39m: Execute liveness check
2020-09-08 07:58:25 [32minfo[39m: Execute liveness check
2020-09-08 07:58:35 [32minfo[39m: Execute liveness check
2020-09-08 07:58:45 [32minfo[39m: Execute liveness check
2020-09-08 07:58:56 [32minfo[39m: Execute liveness check
2020-09-08 07:59:06 [32minfo[39m: Execute liveness check
2020-09-08 07:59:16 [32minfo[39m: Execute liveness check
2020-09-08 07:59:26 [32minfo[39m: Execute liveness check
2020-09-08 07:59:36 [32minfo[39m: Execute liveness check
2020-09-08 07:59:46 [32minfo[39m: Execute liveness check
2020-09-08 07:59:56 [32minfo[39m: Execute liveness check
2020-09-08 08:00:06 [32minfo[39m: Execute liveness check
2020-09-08 08:00:16 [32minfo[39m: Execute liveness check
2020-09-08 08:00:28 [32minfo[39m: Execute liveness check
2020-09-08 08:00:46 [32minfo[39m: Execute liveness check
2020-09-08 08:14:07 [32minfo[39m: Execute liveness check
2020-09-08 08:14:17 [32minfo[39m: Execute liveness check
2020-09-08 08:14:28 [32minfo[39m: Execute liveness check
2020-09-08 08:14:38 [32minfo[39m: Execute liveness check
2020-09-08 08:14:48 [32minfo[39m: Execute liveness check
2020-09-08 08:14:58 [32minfo[39m: Execute liveness check
2020-09-08 08:15:09 [32minfo[39m: Execute liveness check
2020-09-08 08:15:19 [32minfo[39m: Execute liveness check
2020-09-08 08:15:29 [32minfo[39m: Execute liveness check
2020-09-08 08:15:39 [32minfo[39m: Execute liveness check
2020-09-08 08:15:49 [32minfo[39m: Execute liveness check
2020-09-08 08:15:59 [32minfo[39m: Execute liveness check
2020-09-08 08:16:09 [32minfo[39m: Execute liveness check
2020-09-08 08:16:19 [32minfo[39m: Execute liveness check
2020-09-08 08:16:29 [32minfo[39m: Execute liveness check
2020-09-08 08:16:40 [32minfo[39m: Execute liveness check
2020-09-08 08:16:50 [32minfo[39m: Execute liveness check
2020-09-08 08:17:00 [32minfo[39m: Execute liveness check
2020-09-08 08:17:10 [32minfo[39m: Execute liveness check
2020-09-08 08:17:20 [32minfo[39m: Execute liveness check
2020-09-08 08:17:30 [32minfo[39m: Execute liveness check
2020-09-08 08:17:40 [32minfo[39m: Execute liveness check
2020-09-08 08:17:50 [32minfo[39m: Execute liveness check
2020-09-08 08:18:01 [32minfo[39m: Execute liveness check
2020-09-08 08:18:11 [32minfo[39m: Execute liveness check
2020-09-08 08:18:21 [32minfo[39m: Execute liveness check
2020-09-08 08:18:31 [32minfo[39m: Execute liveness check
2020-09-08 08:18:41 [32minfo[39m: Execute liveness check
2020-09-08 08:18:51 [32minfo[39m: Execute liveness check
2020-09-08 08:19:01 [32minfo[39m: Execute liveness check
2020-09-08 08:19:11 [32minfo[39m: Execute liveness check
2020-09-08 08:19:26 [32minfo[39m: Attempting UI extension registration...
2020-09-08 08:19:26 [32minfo[39m: Server is running version 2020.2.0, 0, 2020.3.0, 109, c0bc235, Fri Sep  4 12:10:27 UTC 2020
2020-09-08 08:19:26 [32minfo[39m: Node server started without a TLS certificate on port : 3000
2020-09-08 08:19:26 [31merror[39m: connect ECONNREFUSED 172.24.0.20:8000
2020-09-08 08:19:26 [32minfo[39m: Failed registration (Attempt #1). Attempting again in 30 seconds.
2020-09-08 08:19:34 [32minfo[39m: Execute liveness check
2020-09-08 08:19:44 [32minfo[39m: Execute liveness check
2020-09-08 08:19:54 [32minfo[39m: Execute liveness check
2020-09-08 08:19:56 [32minfo[39m: Attempting UI extension registration...
2020-09-08 08:19:56 [31merror[39m: connect ECONNREFUSED 172.24.0.20:8000
2020-09-08 08:19:56 [32minfo[39m: Failed registration (Attempt #2). Attempting again in 30 seconds.
2020-09-08 08:20:05 [32minfo[39m: Execute liveness check
2020-09-08 08:20:15 [32minfo[39m: Execute liveness check
2020-09-08 08:20:25 [32minfo[39m: Execute liveness check
2020-09-08 08:20:26 [32minfo[39m: Attempting UI extension registration...
2020-09-08 08:20:26 [31merror[39m: connect ECONNREFUSED 172.24.0.20:8000
2020-09-08 08:20:26 [32minfo[39m: Failed registration (Attempt #3). Attempting again in 30 seconds.
2020-09-08 08:20:35 [32minfo[39m: Execute liveness check
2020-09-08 08:20:45 [32minfo[39m: Execute liveness check
2020-09-08 08:20:55 [32minfo[39m: Execute liveness check
2020-09-08 08:20:56 [32minfo[39m: Attempting UI extension registration...
2020-09-08 08:20:56 [31merror[39m: connect ECONNREFUSED 172.24.0.20:8000
2020-09-08 08:20:56 [32minfo[39m: Failed registration (Attempt #4). Attempting again in 30 seconds.
2020-09-08 08:21:05 [32minfo[39m: Execute liveness check
2020-09-08 08:21:16 [32minfo[39m: Execute liveness check
2020-09-08 08:21:26 [32minfo[39m: Execute liveness check
2020-09-08 08:21:26 [32minfo[39m: Attempting UI extension registration...
2020-09-08 08:21:26 [31merror[39m: connect ECONNREFUSED 172.24.0.20:8000
2020-09-08 08:21:26 [32minfo[39m: Failed registration (Attempt #5). Attempting again in 30 seconds.
2020-09-08 08:21:36 [32minfo[39m: Execute liveness check
2020-09-08 08:21:46 [32minfo[39m: Execute liveness check
2020-09-08 08:21:56 [32minfo[39m: Execute liveness check
2020-09-08 08:21:56 [32minfo[39m: Attempting UI extension registration...
2020-09-08 08:21:56 [31merror[39m: connect ECONNREFUSED 172.24.0.20:8000
2020-09-08 08:21:56 [32minfo[39m: Failed registration (Attempt #6). Attempting again in 30 seconds.
2020-09-08 08:22:06 [32minfo[39m: Execute liveness check
2020-09-08 08:22:16 [32minfo[39m: Execute liveness check
2020-09-08 08:22:26 [32minfo[39m: Attempting UI extension registration...
2020-09-08 08:22:26 [31merror[39m: connect ECONNREFUSED 172.24.0.20:8000
2020-09-08 08:22:26 [32minfo[39m: Failed registration (Attempt #7). Attempting again in 30 seconds.
2020-09-08 08:22:26 [32minfo[39m: Execute liveness check
2020-09-08 08:22:36 [32minfo[39m: Execute liveness check
2020-09-08 08:22:47 [32minfo[39m: Execute liveness check
