2020-09-08 06:44:18 [32minfo[39m: Attempting UI extension registration...
2020-09-08 06:44:18 [32minfo[39m: Server is running version 2020.3.0, 0, 2020.3.0, 37, d048229, Fri Sep  4 22:06:07 UTC 2020
2020-09-08 06:44:18 [32minfo[39m: Node server started without a TLS certificate on port : 3000
2020-09-08 06:44:18 [31merror[39m: connect ECONNREFUSED 172.18.0.20:8000
2020-09-08 06:44:18 [32minfo[39m: Failed registration (Attempt #1). Attempting again in 30 seconds.
2020-09-08 06:44:26 [32minfo[39m: Execute liveness check
2020-09-08 06:44:36 [32minfo[39m: Execute liveness check
2020-09-08 06:44:46 [32minfo[39m: Execute liveness check
2020-09-08 06:44:48 [32minfo[39m: Attempting UI extension registration...
2020-09-08 06:44:48 [31merror[39m: connect ECONNREFUSED 172.18.0.7:8000
2020-09-08 06:44:48 [32minfo[39m: Failed registration (Attempt #2). Attempting again in 30 seconds.
2020-09-08 06:44:56 [32minfo[39m: Execute liveness check
2020-09-08 06:45:06 [32minfo[39m: Execute liveness check
2020-09-08 06:45:16 [32minfo[39m: Execute liveness check
2020-09-08 06:45:18 [32minfo[39m: Attempting UI extension registration...
2020-09-08 06:45:18 [31merror[39m: connect ECONNREFUSED 172.18.0.7:8000
2020-09-08 06:45:18 [32minfo[39m: Failed registration (Attempt #3). Attempting again in 30 seconds.
2020-09-08 06:45:27 [32minfo[39m: Execute liveness check
2020-09-08 06:45:37 [32minfo[39m: Execute liveness check
2020-09-08 06:45:47 [32minfo[39m: Execute liveness check
2020-09-08 06:45:48 [32minfo[39m: Attempting UI extension registration...
2020-09-08 06:45:48 [31merror[39m: connect ECONNREFUSED 172.18.0.7:8000
2020-09-08 06:45:48 [32minfo[39m: Failed registration (Attempt #4). Attempting again in 30 seconds.
2020-09-08 06:45:57 [32minfo[39m: Execute liveness check
2020-09-08 06:46:07 [32minfo[39m: Execute liveness check
2020-09-08 06:46:17 [32minfo[39m: Execute liveness check
2020-09-08 06:46:18 [32minfo[39m: Attempting UI extension registration...
2020-09-08 06:46:18 [31merror[39m: connect ECONNREFUSED 172.18.0.7:8000
2020-09-08 06:46:18 [32minfo[39m: Failed registration (Attempt #5). Attempting again in 30 seconds.
2020-09-08 06:46:27 [32minfo[39m: Execute liveness check
2020-09-08 06:46:37 [32minfo[39m: Execute liveness check
2020-09-08 06:46:47 [32minfo[39m: Execute liveness check
2020-09-08 06:46:48 [32minfo[39m: Attempting UI extension registration...
2020-09-08 06:46:48 [31merror[39m: connect ECONNREFUSED 172.18.0.7:8000
2020-09-08 06:46:48 [32minfo[39m: Failed registration (Attempt #6). Attempting again in 30 seconds.
2020-09-08 06:46:58 [32minfo[39m: Execute liveness check
2020-09-08 06:47:08 [32minfo[39m: Execute liveness check
2020-09-08 06:47:18 [32minfo[39m: Execute liveness check
2020-09-08 06:47:18 [32minfo[39m: Attempting UI extension registration...
2020-09-08 06:47:18 [31merror[39m: connect ECONNREFUSED 172.18.0.7:8000
2020-09-08 06:47:18 [32minfo[39m: Failed registration (Attempt #7). Attempting again in 30 seconds.
2020-09-08 06:47:28 [32minfo[39m: Execute liveness check
2020-09-08 06:47:38 [32minfo[39m: Execute liveness check
2020-09-08 06:47:48 [32minfo[39m: Attempting UI extension registration...
2020-09-08 06:47:48 [31merror[39m: connect ECONNREFUSED 172.18.0.7:8000
2020-09-08 06:47:48 [32minfo[39m: Failed registration (Attempt #8). Attempting again in 30 seconds.
2020-09-08 06:47:48 [32minfo[39m: Execute liveness check
2020-09-08 06:47:58 [32minfo[39m: Execute liveness check
2020-09-08 06:48:08 [32minfo[39m: Execute liveness check
2020-09-08 06:48:18 [32minfo[39m: Attempting UI extension registration...
2020-09-08 06:48:18 [31merror[39m: connect ECONNREFUSED 172.18.0.7:8000
2020-09-08 06:48:18 [32minfo[39m: Failed registration (Attempt #9). Attempting again in 30 seconds.
2020-09-08 06:48:19 [32minfo[39m: Execute liveness check
2020-09-08 06:48:29 [32minfo[39m: Execute liveness check
2020-09-08 06:48:39 [32minfo[39m: Execute liveness check
2020-09-08 06:48:48 [32minfo[39m: Attempting UI extension registration...
2020-09-08 06:48:48 [31merror[39m: connect ECONNREFUSED 172.18.0.7:8000
2020-09-08 06:48:48 [32minfo[39m: Failed registration (Attempt #10). Attempting again in 30 seconds.
2020-09-08 06:48:49 [32minfo[39m: Execute liveness check
2020-09-08 06:48:59 [32minfo[39m: Execute liveness check
2020-09-08 06:49:09 [32minfo[39m: Execute liveness check
2020-09-08 06:49:18 [32minfo[39m: Attempting UI extension registration...
2020-09-08 06:49:18 [31merror[39m: connect ECONNREFUSED 172.18.0.7:8000
2020-09-08 06:49:18 [32minfo[39m: Failed registration (Attempt #11). Attempting again in 30 seconds.
2020-09-08 06:49:19 [32minfo[39m: Execute liveness check
2020-09-08 06:49:29 [32minfo[39m: Execute liveness check
2020-09-08 06:49:40 [32minfo[39m: Execute liveness check
2020-09-08 06:49:48 [32minfo[39m: Attempting UI extension registration...
2020-09-08 06:49:48 [31merror[39m: connect ECONNREFUSED 172.18.0.7:8000
2020-09-08 06:49:48 [32minfo[39m: Failed registration (Attempt #12). Attempting again in 30 seconds.
2020-09-08 06:49:50 [32minfo[39m: Execute liveness check
2020-09-08 06:50:00 [32minfo[39m: Execute liveness check
2020-09-08 06:50:10 [32minfo[39m: Execute liveness check
2020-09-08 06:50:18 [32minfo[39m: Attempting UI extension registration...
2020-09-08 06:50:18 [31merror[39m: connect ECONNREFUSED 172.18.0.7:8000
2020-09-08 06:50:18 [32minfo[39m: Failed registration (Attempt #13). Attempting again in 30 seconds.
2020-09-08 06:50:20 [32minfo[39m: Execute liveness check
2020-09-08 06:50:30 [32minfo[39m: Execute liveness check
2020-09-08 06:50:40 [32minfo[39m: Execute liveness check
2020-09-08 06:50:48 [32minfo[39m: Attempting UI extension registration...
2020-09-08 06:50:48 [31merror[39m: connect ECONNREFUSED 172.18.0.7:8000
2020-09-08 06:50:48 [32minfo[39m: Failed registration (Attempt #14). Attempting again in 30 seconds.
2020-09-08 06:50:50 [32minfo[39m: Execute liveness check
2020-09-08 06:51:00 [32minfo[39m: Execute liveness check
2020-09-08 06:51:11 [32minfo[39m: Execute liveness check
2020-09-08 06:51:18 [32minfo[39m: Attempting UI extension registration...
2020-09-08 06:51:18 [31merror[39m: connect ECONNREFUSED 172.18.0.7:8000
2020-09-08 06:51:18 [32minfo[39m: Failed registration (Attempt #15). Attempting again in 30 seconds.
2020-09-08 06:51:21 [32minfo[39m: Execute liveness check
2020-09-08 06:51:31 [32minfo[39m: Execute liveness check
2020-09-08 06:51:41 [32minfo[39m: Execute liveness check
2020-09-08 06:51:48 [32minfo[39m: Attempting UI extension registration...
2020-09-08 06:51:48 [31merror[39m: connect ECONNREFUSED 172.18.0.7:8000
2020-09-08 06:51:48 [32minfo[39m: Failed registration (Attempt #16). Attempting again in 30 seconds.
2020-09-08 06:51:51 [32minfo[39m: Execute liveness check
2020-09-08 06:52:01 [32minfo[39m: Execute liveness check
2020-09-08 06:52:11 [32minfo[39m: Execute liveness check
2020-09-08 06:52:18 [32minfo[39m: Attempting UI extension registration...
2020-09-08 06:52:18 [31merror[39m: connect ECONNREFUSED 172.18.0.7:8000
2020-09-08 06:52:18 [32minfo[39m: Failed registration (Attempt #17). Attempting again in 30 seconds.
2020-09-08 06:52:21 [32minfo[39m: Execute liveness check
2020-09-08 06:52:32 [32minfo[39m: Execute liveness check
2020-09-08 06:52:42 [32minfo[39m: Execute liveness check
2020-09-08 06:52:48 [32minfo[39m: Attempting UI extension registration...
2020-09-08 06:52:48 [31merror[39m: connect ECONNREFUSED 172.18.0.7:8000
2020-09-08 06:52:48 [32minfo[39m: Failed registration (Attempt #18). Attempting again in 30 seconds.
2020-09-08 06:52:52 [32minfo[39m: Execute liveness check
2020-09-08 06:53:02 [32minfo[39m: Execute liveness check
2020-09-08 06:53:12 [32minfo[39m: Execute liveness check
2020-09-08 06:53:18 [32minfo[39m: Attempting UI extension registration...
2020-09-08 06:53:18 [31merror[39m: connect ECONNREFUSED 172.18.0.7:8000
2020-09-08 06:53:18 [32minfo[39m: Failed registration (Attempt #19). Attempting again in 30 seconds.
2020-09-08 06:53:22 [32minfo[39m: Execute liveness check
2020-09-08 06:53:32 [32minfo[39m: Execute liveness check
2020-09-08 06:53:42 [32minfo[39m: Execute liveness check
2020-09-08 06:53:48 [32minfo[39m: Attempting UI extension registration...
2020-09-08 06:53:48 [31merror[39m: connect ECONNREFUSED 172.18.0.7:8000
2020-09-08 06:53:48 [32minfo[39m: Failed registration (Attempt #20). Attempting again in 30 seconds.
2020-09-08 06:53:52 [32minfo[39m: Execute liveness check
2020-09-08 06:54:02 [32minfo[39m: Execute liveness check
2020-09-08 06:54:13 [32minfo[39m: Execute liveness check
2020-09-08 06:54:18 [32minfo[39m: Attempting UI extension registration...
2020-09-08 06:54:18 [31merror[39m: connect ECONNREFUSED 172.18.0.7:8000
2020-09-08 06:54:18 [31merror[39m: Maximum number of attempts exceeded. Could not register UI extension.
2020-09-08 06:54:23 [32minfo[39m: Execute liveness check
2020-09-08 06:54:33 [32minfo[39m: Execute liveness check
2020-09-08 06:54:43 [32minfo[39m: Execute liveness check
2020-09-08 06:54:53 [32minfo[39m: Execute liveness check
2020-09-08 06:55:03 [32minfo[39m: Execute liveness check
2020-09-08 06:55:13 [32minfo[39m: Execute liveness check
2020-09-08 06:55:24 [32minfo[39m: Execute liveness check
2020-09-08 06:55:34 [32minfo[39m: Execute liveness check
2020-09-08 06:55:44 [32minfo[39m: Execute liveness check
2020-09-08 06:55:54 [32minfo[39m: Execute liveness check
2020-09-08 06:56:04 [32minfo[39m: Execute liveness check
2020-09-08 06:56:14 [32minfo[39m: Execute liveness check
2020-09-08 06:56:24 [32minfo[39m: Execute liveness check
2020-09-08 06:56:34 [32minfo[39m: Execute liveness check
2020-09-08 06:56:45 [32minfo[39m: Execute liveness check
2020-09-08 06:56:55 [32minfo[39m: Execute liveness check
2020-09-08 06:57:05 [32minfo[39m: Execute liveness check
2020-09-08 06:57:15 [32minfo[39m: Execute liveness check
2020-09-08 06:57:25 [32minfo[39m: Execute liveness check
2020-09-08 06:57:35 [32minfo[39m: Execute liveness check
2020-09-08 06:57:45 [32minfo[39m: Execute liveness check
2020-09-08 06:57:55 [32minfo[39m: Execute liveness check
2020-09-08 06:58:05 [32minfo[39m: Execute liveness check
2020-09-08 06:58:16 [32minfo[39m: Execute liveness check
2020-09-08 06:58:26 [32minfo[39m: Execute liveness check
2020-09-08 06:58:36 [32minfo[39m: Execute liveness check
2020-09-08 06:58:46 [32minfo[39m: Execute liveness check
2020-09-08 06:58:56 [32minfo[39m: Execute liveness check
2020-09-08 06:59:06 [32minfo[39m: Execute liveness check
2020-09-08 06:59:16 [32minfo[39m: Execute liveness check
2020-09-08 06:59:26 [32minfo[39m: Execute liveness check
2020-09-08 06:59:36 [32minfo[39m: Execute liveness check
2020-09-08 06:59:46 [32minfo[39m: Execute liveness check
2020-09-08 06:59:57 [32minfo[39m: Execute liveness check
2020-09-08 07:00:24 [32minfo[39m: Attempting UI extension registration...
2020-09-08 07:00:24 [32minfo[39m: Server is running version 2020.3.0, 0, 2020.3.0, 37, d048229, Fri Sep  4 22:06:07 UTC 2020
2020-09-08 07:00:24 [32minfo[39m: Node server started without a TLS certificate on port : 3000
2020-09-08 07:00:25 [31merror[39m: connect ECONNREFUSED 172.19.0.20:8000
2020-09-08 07:00:25 [32minfo[39m: Failed registration (Attempt #1). Attempting again in 30 seconds.
2020-09-08 07:00:32 [32minfo[39m: Execute liveness check
2020-09-08 07:00:42 [32minfo[39m: Execute liveness check
2020-09-08 07:00:52 [32minfo[39m: Execute liveness check
2020-09-08 07:00:55 [32minfo[39m: Attempting UI extension registration...
2020-09-08 07:00:55 [31merror[39m: connect ECONNREFUSED 172.19.0.12:8000
2020-09-08 07:00:55 [32minfo[39m: Failed registration (Attempt #2). Attempting again in 30 seconds.
2020-09-08 07:01:02 [32minfo[39m: Execute liveness check
2020-09-08 07:01:13 [32minfo[39m: Execute liveness check
2020-09-08 07:01:23 [32minfo[39m: Execute liveness check
2020-09-08 07:01:25 [32minfo[39m: Attempting UI extension registration...
2020-09-08 07:01:25 [31merror[39m: connect ECONNREFUSED 172.19.0.12:8000
2020-09-08 07:01:25 [32minfo[39m: Failed registration (Attempt #3). Attempting again in 30 seconds.
2020-09-08 07:01:33 [32minfo[39m: Execute liveness check
2020-09-08 07:01:43 [32minfo[39m: Execute liveness check
2020-09-08 07:01:53 [32minfo[39m: Execute liveness check
2020-09-08 07:01:54 [32minfo[39m: Attempting UI extension registration...
2020-09-08 07:01:54 [31merror[39m: connect ECONNREFUSED 172.19.0.12:8000
2020-09-08 07:01:54 [32minfo[39m: Failed registration (Attempt #4). Attempting again in 30 seconds.
2020-09-08 07:02:04 [32minfo[39m: Execute liveness check
2020-09-08 07:02:14 [32minfo[39m: Execute liveness check
2020-09-08 07:02:24 [32minfo[39m: Execute liveness check
2020-09-08 07:02:24 [32minfo[39m: Attempting UI extension registration...
2020-09-08 07:02:24 [31merror[39m: connect ECONNREFUSED 172.19.0.12:8000
2020-09-08 07:02:24 [32minfo[39m: Failed registration (Attempt #5). Attempting again in 30 seconds.
2020-09-08 07:02:34 [32minfo[39m: Execute liveness check
2020-09-08 07:16:36 [32minfo[39m: Attempting UI extension registration...
2020-09-08 07:16:36 [32minfo[39m: Server is running version 2020.3.0, 0, 2020.3.0, 37, d048229, Fri Sep  4 22:06:07 UTC 2020
2020-09-08 07:16:36 [32minfo[39m: Node server started without a TLS certificate on port : 3000
2020-09-08 07:16:36 [31merror[39m: connect ECONNREFUSED 172.21.0.21:8000
2020-09-08 07:16:36 [32minfo[39m: Failed registration (Attempt #1). Attempting again in 30 seconds.
2020-09-08 07:16:43 [32minfo[39m: Execute liveness check
2020-09-08 07:16:53 [32minfo[39m: Execute liveness check
2020-09-08 07:17:04 [32minfo[39m: Execute liveness check
2020-09-08 07:17:06 [32minfo[39m: Attempting UI extension registration...
2020-09-08 07:17:06 [31merror[39m: connect ECONNREFUSED 172.21.0.7:8000
2020-09-08 07:17:06 [32minfo[39m: Failed registration (Attempt #2). Attempting again in 30 seconds.
2020-09-08 07:17:14 [32minfo[39m: Execute liveness check
2020-09-08 07:17:24 [32minfo[39m: Execute liveness check
2020-09-08 07:17:34 [32minfo[39m: Execute liveness check
2020-09-08 07:17:36 [32minfo[39m: Attempting UI extension registration...
2020-09-08 07:17:36 [31merror[39m: connect ECONNREFUSED 172.21.0.7:8000
2020-09-08 07:17:36 [32minfo[39m: Failed registration (Attempt #3). Attempting again in 30 seconds.
2020-09-08 07:17:44 [32minfo[39m: Execute liveness check
2020-09-08 07:17:54 [32minfo[39m: Execute liveness check
2020-09-08 07:18:04 [32minfo[39m: Execute liveness check
2020-09-08 07:18:06 [32minfo[39m: Attempting UI extension registration...
2020-09-08 07:18:06 [31merror[39m: connect ECONNREFUSED 172.21.0.7:8000
2020-09-08 07:18:06 [32minfo[39m: Failed registration (Attempt #4). Attempting again in 30 seconds.
2020-09-08 07:18:14 [32minfo[39m: Execute liveness check
2020-09-08 07:18:25 [32minfo[39m: Execute liveness check
2020-09-08 07:18:35 [32minfo[39m: Execute liveness check
2020-09-08 07:18:36 [32minfo[39m: Attempting UI extension registration...
2020-09-08 07:18:36 [31merror[39m: connect ECONNREFUSED 172.21.0.7:8000
2020-09-08 07:18:36 [32minfo[39m: Failed registration (Attempt #5). Attempting again in 30 seconds.
2020-09-08 07:18:45 [32minfo[39m: Execute liveness check
2020-09-08 07:18:55 [32minfo[39m: Execute liveness check
2020-09-08 07:19:05 [32minfo[39m: Execute liveness check
2020-09-08 07:19:06 [32minfo[39m: Attempting UI extension registration...
2020-09-08 07:19:06 [31merror[39m: connect ECONNREFUSED 172.21.0.7:8000
2020-09-08 07:19:06 [32minfo[39m: Failed registration (Attempt #6). Attempting again in 30 seconds.
2020-09-08 07:19:15 [32minfo[39m: Execute liveness check
2020-09-08 07:19:25 [32minfo[39m: Execute liveness check
2020-09-08 07:19:36 [32minfo[39m: Execute liveness check
2020-09-08 07:19:36 [32minfo[39m: Attempting UI extension registration...
2020-09-08 07:19:36 [31merror[39m: connect ECONNREFUSED 172.21.0.7:8000
2020-09-08 07:19:36 [32minfo[39m: Failed registration (Attempt #7). Attempting again in 30 seconds.
2020-09-08 07:19:46 [32minfo[39m: Execute liveness check
2020-09-08 07:19:56 [32minfo[39m: Execute liveness check
2020-09-08 07:20:04 [32minfo[39m: Attempting UI extension registration...
2020-09-08 07:20:04 [32minfo[39m: Server is running version 2020.3.0, 0, 2020.3.0, 37, d048229, Fri Sep  4 22:06:07 UTC 2020
2020-09-08 07:20:04 [32minfo[39m: Node server started without a TLS certificate on port : 3000
2020-09-08 07:20:04 [31merror[39m: connect ECONNREFUSED 172.21.0.9:8000
2020-09-08 07:20:04 [32minfo[39m: Failed registration (Attempt #1). Attempting again in 30 seconds.
2020-09-08 07:20:12 [32minfo[39m: Execute liveness check
2020-09-08 07:20:22 [32minfo[39m: Execute liveness check
2020-09-08 07:20:32 [32minfo[39m: Execute liveness check
2020-09-08 07:20:34 [32minfo[39m: Attempting UI extension registration...
2020-09-08 07:20:34 [31merror[39m: connect ECONNREFUSED 172.21.0.9:8000
2020-09-08 07:20:34 [32minfo[39m: Failed registration (Attempt #2). Attempting again in 30 seconds.
2020-09-08 07:20:42 [32minfo[39m: Execute liveness check
2020-09-08 07:20:53 [32minfo[39m: Execute liveness check
2020-09-08 07:21:03 [32minfo[39m: Execute liveness check
2020-09-08 07:21:04 [32minfo[39m: Attempting UI extension registration...
2020-09-08 07:21:04 [31merror[39m: connect ECONNREFUSED 172.21.0.9:8000
2020-09-08 07:21:04 [32minfo[39m: Failed registration (Attempt #3). Attempting again in 30 seconds.
2020-09-08 07:21:13 [32minfo[39m: Execute liveness check
2020-09-08 07:22:40 [32minfo[39m: Attempting UI extension registration...
2020-09-08 07:22:40 [32minfo[39m: Server is running version 2020.3.0, 0, 2020.3.0, 37, d048229, Fri Sep  4 22:06:07 UTC 2020
2020-09-08 07:22:40 [32minfo[39m: Node server started without a TLS certificate on port : 3000
2020-09-08 07:22:41 [31merror[39m: connect ECONNREFUSED 172.21.0.21:8000
2020-09-08 07:22:41 [32minfo[39m: Failed registration (Attempt #1). Attempting again in 30 seconds.
2020-09-08 07:22:48 [32minfo[39m: Execute liveness check
2020-09-08 07:22:58 [32minfo[39m: Execute liveness check
2020-09-08 07:23:08 [32minfo[39m: Execute liveness check
2020-09-08 07:23:11 [32minfo[39m: Attempting UI extension registration...
2020-09-08 07:23:11 [31merror[39m: connect ECONNREFUSED 172.21.0.21:8000
2020-09-08 07:23:11 [32minfo[39m: Failed registration (Attempt #2). Attempting again in 30 seconds.
2020-09-08 07:23:18 [32minfo[39m: Execute liveness check
2020-09-08 07:23:29 [32minfo[39m: Execute liveness check
2020-09-08 07:23:39 [32minfo[39m: Execute liveness check
2020-09-08 07:23:40 [32minfo[39m: Attempting UI extension registration...
2020-09-08 07:23:42 [31merror[39m: connect ECONNREFUSED 172.21.0.21:8000
2020-09-08 07:23:42 [32minfo[39m: Failed registration (Attempt #3). Attempting again in 30 seconds.
2020-09-08 07:23:49 [32minfo[39m: Execute liveness check
2020-09-08 07:23:59 [32minfo[39m: Execute liveness check
2020-09-08 07:24:09 [32minfo[39m: Execute liveness check
2020-09-08 07:24:11 [32minfo[39m: Attempting UI extension registration...
2020-09-08 07:24:11 [31merror[39m: connect ECONNREFUSED 172.21.0.21:8000
2020-09-08 07:24:11 [32minfo[39m: Failed registration (Attempt #4). Attempting again in 30 seconds.
2020-09-08 07:24:19 [32minfo[39m: Execute liveness check
2020-09-08 07:24:29 [32minfo[39m: Execute liveness check
2020-09-08 07:24:40 [32minfo[39m: Execute liveness check
2020-09-08 07:24:41 [32minfo[39m: Attempting UI extension registration...
2020-09-08 07:24:41 [31merror[39m: connect ECONNREFUSED 172.21.0.21:8000
2020-09-08 07:24:41 [32minfo[39m: Failed registration (Attempt #5). Attempting again in 30 seconds.
2020-09-08 07:24:50 [32minfo[39m: Execute liveness check
2020-09-08 07:25:00 [32minfo[39m: Execute liveness check
2020-09-08 07:25:10 [32minfo[39m: Execute liveness check
2020-09-08 07:25:11 [32minfo[39m: Attempting UI extension registration...
2020-09-08 07:25:11 [31merror[39m: connect ECONNREFUSED 172.21.0.21:8000
2020-09-08 07:25:11 [32minfo[39m: Failed registration (Attempt #6). Attempting again in 30 seconds.
2020-09-08 07:25:20 [32minfo[39m: Execute liveness check
2020-09-08 07:25:30 [32minfo[39m: Execute liveness check
2020-09-08 07:25:40 [32minfo[39m: Execute liveness check
2020-09-08 07:25:41 [32minfo[39m: Attempting UI extension registration...
2020-09-08 07:25:41 [31merror[39m: connect ECONNREFUSED 172.21.0.21:8000
2020-09-08 07:25:41 [32minfo[39m: Failed registration (Attempt #7). Attempting again in 30 seconds.
2020-09-08 07:27:10 [32minfo[39m: Attempting UI extension registration...
2020-09-08 07:27:10 [32minfo[39m: Server is running version 2020.3.0, 0, 2020.3.0, 37, d048229, Fri Sep  4 22:06:07 UTC 2020
2020-09-08 07:27:10 [32minfo[39m: Node server started without a TLS certificate on port : 3000
2020-09-08 07:27:10 [31merror[39m: getaddrinfo ENOTFOUND servicebackend
2020-09-08 07:27:10 [32minfo[39m: Failed registration (Attempt #1). Attempting again in 30 seconds.
2020-09-08 07:27:40 [32minfo[39m: Attempting UI extension registration...
2020-09-08 07:27:40 [31merror[39m: connect ECONNREFUSED 172.22.0.20:8000
2020-09-08 07:27:40 [32minfo[39m: Failed registration (Attempt #2). Attempting again in 30 seconds.
2020-09-08 07:28:10 [32minfo[39m: Attempting UI extension registration...
2020-09-08 07:28:10 [31merror[39m: connect ECONNREFUSED 172.22.0.20:8000
2020-09-08 07:28:10 [32minfo[39m: Failed registration (Attempt #3). Attempting again in 30 seconds.
2020-09-08 07:28:40 [32minfo[39m: Attempting UI extension registration...
2020-09-08 07:28:40 [31merror[39m: connect ECONNREFUSED 172.22.0.20:8000
2020-09-08 07:28:40 [32minfo[39m: Failed registration (Attempt #4). Attempting again in 30 seconds.
2020-09-08 07:29:10 [32minfo[39m: Attempting UI extension registration...
2020-09-08 07:29:10 [31merror[39m: connect ECONNREFUSED 172.22.0.20:8000
2020-09-08 07:29:10 [32minfo[39m: Failed registration (Attempt #5). Attempting again in 30 seconds.
2020-09-08 07:29:40 [32minfo[39m: Attempting UI extension registration...
2020-09-08 07:29:40 [31merror[39m: connect ECONNREFUSED 172.22.0.20:8000
2020-09-08 07:29:40 [32minfo[39m: Failed registration (Attempt #6). Attempting again in 30 seconds.
2020-09-08 07:30:10 [32minfo[39m: Attempting UI extension registration...
2020-09-08 07:30:10 [31merror[39m: connect ECONNREFUSED 172.22.0.20:8000
2020-09-08 07:30:10 [32minfo[39m: Failed registration (Attempt #7). Attempting again in 30 seconds.
2020-09-08 07:30:40 [32minfo[39m: Attempting UI extension registration...
2020-09-08 07:30:40 [31merror[39m: connect ECONNREFUSED 172.22.0.20:8000
2020-09-08 07:30:40 [32minfo[39m: Failed registration (Attempt #8). Attempting again in 30 seconds.
2020-09-08 07:31:10 [32minfo[39m: Attempting UI extension registration...
2020-09-08 07:31:10 [31merror[39m: connect ECONNREFUSED 172.22.0.20:8000
2020-09-08 07:31:10 [32minfo[39m: Failed registration (Attempt #9). Attempting again in 30 seconds.
2020-09-08 07:31:40 [32minfo[39m: Attempting UI extension registration...
2020-09-08 07:31:40 [31merror[39m: connect ECONNREFUSED 172.22.0.20:8000
2020-09-08 07:31:40 [32minfo[39m: Failed registration (Attempt #10). Attempting again in 30 seconds.
2020-09-08 07:32:10 [32minfo[39m: Attempting UI extension registration...
2020-09-08 07:32:10 [31merror[39m: connect ECONNREFUSED 172.22.0.20:8000
2020-09-08 07:32:10 [32minfo[39m: Failed registration (Attempt #11). Attempting again in 30 seconds.
2020-09-08 07:32:40 [32minfo[39m: Attempting UI extension registration...
2020-09-08 07:32:40 [31merror[39m: connect ECONNREFUSED 172.22.0.20:8000
2020-09-08 07:32:40 [32minfo[39m: Failed registration (Attempt #12). Attempting again in 30 seconds.
2020-09-08 07:33:10 [32minfo[39m: Attempting UI extension registration...
2020-09-08 07:33:10 [31merror[39m: connect ECONNREFUSED 172.22.0.20:8000
2020-09-08 07:33:10 [32minfo[39m: Failed registration (Attempt #13). Attempting again in 30 seconds.
2020-09-08 07:33:40 [32minfo[39m: Attempting UI extension registration...
2020-09-08 07:33:40 [31merror[39m: connect ECONNREFUSED 172.22.0.20:8000
2020-09-08 07:33:40 [32minfo[39m: Failed registration (Attempt #14). Attempting again in 30 seconds.
2020-09-08 07:34:10 [32minfo[39m: Attempting UI extension registration...
2020-09-08 07:34:10 [31merror[39m: connect ECONNREFUSED 172.22.0.20:8000
2020-09-08 07:34:10 [32minfo[39m: Failed registration (Attempt #15). Attempting again in 30 seconds.
2020-09-08 07:34:40 [32minfo[39m: Attempting UI extension registration...
2020-09-08 07:34:40 [31merror[39m: connect ECONNREFUSED 172.22.0.20:8000
2020-09-08 07:34:40 [32minfo[39m: Failed registration (Attempt #16). Attempting again in 30 seconds.
2020-09-08 07:35:10 [32minfo[39m: Attempting UI extension registration...
2020-09-08 07:35:10 [31merror[39m: connect ECONNREFUSED 172.22.0.20:8000
2020-09-08 07:35:10 [32minfo[39m: Failed registration (Attempt #17). Attempting again in 30 seconds.
2020-09-08 07:35:40 [32minfo[39m: Attempting UI extension registration...
2020-09-08 07:35:40 [31merror[39m: connect ECONNREFUSED 172.22.0.20:8000
2020-09-08 07:35:40 [32minfo[39m: Failed registration (Attempt #18). Attempting again in 30 seconds.
2020-09-08 07:36:10 [32minfo[39m: Attempting UI extension registration...
2020-09-08 07:36:10 [31merror[39m: connect ECONNREFUSED 172.22.0.20:8000
2020-09-08 07:36:10 [32minfo[39m: Failed registration (Attempt #19). Attempting again in 30 seconds.
2020-09-08 07:36:40 [32minfo[39m: Attempting UI extension registration...
2020-09-08 07:36:40 [31merror[39m: connect ECONNREFUSED 172.22.0.20:8000
2020-09-08 07:36:40 [32minfo[39m: Failed registration (Attempt #20). Attempting again in 30 seconds.
2020-09-08 07:37:10 [32minfo[39m: Attempting UI extension registration...
2020-09-08 07:37:10 [31merror[39m: connect ECONNREFUSED 172.22.0.20:8000
2020-09-08 07:37:10 [31merror[39m: Maximum number of attempts exceeded. Could not register UI extension.
2020-09-08 07:39:35 [32minfo[39m: Attempting UI extension registration...
2020-09-08 07:39:35 [32minfo[39m: Server is running version 2020.3.0, 0, 2020.3.0, 37, d048229, Fri Sep  4 22:06:07 UTC 2020
2020-09-08 07:39:35 [32minfo[39m: Node server started without a TLS certificate on port : 3000
2020-09-08 07:39:35 [31merror[39m: connect ECONNREFUSED 172.23.0.21:8000
2020-09-08 07:39:35 [32minfo[39m: Failed registration (Attempt #1). Attempting again in 30 seconds.
2020-09-08 07:40:05 [32minfo[39m: Attempting UI extension registration...
2020-09-08 07:40:05 [31merror[39m: connect ECONNREFUSED 172.23.0.21:8000
2020-09-08 07:40:05 [32minfo[39m: Failed registration (Attempt #2). Attempting again in 30 seconds.
2020-09-08 07:40:35 [32minfo[39m: Attempting UI extension registration...
2020-09-08 07:40:35 [31merror[39m: connect ECONNREFUSED 172.23.0.21:8000
2020-09-08 07:40:35 [32minfo[39m: Failed registration (Attempt #3). Attempting again in 30 seconds.
2020-09-08 07:41:05 [32minfo[39m: Attempting UI extension registration...
2020-09-08 07:41:05 [31merror[39m: connect ECONNREFUSED 172.23.0.21:8000
2020-09-08 07:41:05 [32minfo[39m: Failed registration (Attempt #4). Attempting again in 30 seconds.
2020-09-08 07:41:35 [32minfo[39m: Attempting UI extension registration...
2020-09-08 07:41:35 [31merror[39m: connect ECONNREFUSED 172.23.0.21:8000
2020-09-08 07:41:35 [32minfo[39m: Failed registration (Attempt #5). Attempting again in 30 seconds.
2020-09-08 07:42:05 [32minfo[39m: Attempting UI extension registration...
2020-09-08 07:42:05 [31merror[39m: connect ECONNREFUSED 172.23.0.21:8000
2020-09-08 07:42:05 [32minfo[39m: Failed registration (Attempt #6). Attempting again in 30 seconds.
2020-09-08 07:42:35 [32minfo[39m: Attempting UI extension registration...
2020-09-08 07:42:35 [31merror[39m: connect ECONNREFUSED 172.23.0.21:8000
2020-09-08 07:42:35 [32minfo[39m: Failed registration (Attempt #7). Attempting again in 30 seconds.
2020-09-08 07:43:05 [32minfo[39m: Attempting UI extension registration...
2020-09-08 07:43:05 [31merror[39m: connect ECONNREFUSED 172.23.0.21:8000
2020-09-08 07:43:05 [32minfo[39m: Failed registration (Attempt #8). Attempting again in 30 seconds.
2020-09-08 07:43:35 [32minfo[39m: Attempting UI extension registration...
2020-09-08 07:43:35 [31merror[39m: connect ECONNREFUSED 172.23.0.21:8000
2020-09-08 07:43:35 [32minfo[39m: Failed registration (Attempt #9). Attempting again in 30 seconds.
2020-09-08 07:44:05 [32minfo[39m: Attempting UI extension registration...
2020-09-08 07:44:05 [31merror[39m: connect ECONNREFUSED 172.23.0.21:8000
2020-09-08 07:44:05 [32minfo[39m: Failed registration (Attempt #10). Attempting again in 30 seconds.
2020-09-08 07:44:35 [32minfo[39m: Attempting UI extension registration...
2020-09-08 07:44:35 [31merror[39m: connect ECONNREFUSED 172.23.0.21:8000
2020-09-08 07:44:35 [32minfo[39m: Failed registration (Attempt #11). Attempting again in 30 seconds.
2020-09-08 07:45:05 [32minfo[39m: Attempting UI extension registration...
2020-09-08 07:45:05 [31merror[39m: connect ECONNREFUSED 172.23.0.21:8000
2020-09-08 07:45:05 [32minfo[39m: Failed registration (Attempt #12). Attempting again in 30 seconds.
2020-09-08 07:45:35 [32minfo[39m: Attempting UI extension registration...
2020-09-08 07:45:35 [31merror[39m: connect ECONNREFUSED 172.23.0.21:8000
2020-09-08 07:45:35 [32minfo[39m: Failed registration (Attempt #13). Attempting again in 30 seconds.
2020-09-08 07:46:04 [32minfo[39m: Attempting UI extension registration...
2020-09-08 07:46:04 [31merror[39m: connect ECONNREFUSED 172.23.0.21:8000
2020-09-08 07:46:04 [32minfo[39m: Failed registration (Attempt #14). Attempting again in 30 seconds.
2020-09-08 07:46:34 [32minfo[39m: Attempting UI extension registration...
2020-09-08 07:46:34 [31merror[39m: connect ECONNREFUSED 172.23.0.21:8000
2020-09-08 07:46:34 [32minfo[39m: Failed registration (Attempt #15). Attempting again in 30 seconds.
2020-09-08 07:47:04 [32minfo[39m: Attempting UI extension registration...
2020-09-08 07:47:04 [31merror[39m: connect ECONNREFUSED 172.23.0.21:8000
2020-09-08 07:47:04 [32minfo[39m: Failed registration (Attempt #16). Attempting again in 30 seconds.
2020-09-08 07:47:34 [32minfo[39m: Attempting UI extension registration...
2020-09-08 07:47:34 [31merror[39m: connect ECONNREFUSED 172.23.0.21:8000
2020-09-08 07:47:34 [32minfo[39m: Failed registration (Attempt #17). Attempting again in 30 seconds.
2020-09-08 07:48:04 [32minfo[39m: Attempting UI extension registration...
2020-09-08 07:48:04 [31merror[39m: connect ECONNREFUSED 172.23.0.21:8000
2020-09-08 07:48:04 [32minfo[39m: Failed registration (Attempt #18). Attempting again in 30 seconds.
2020-09-08 07:48:34 [32minfo[39m: Attempting UI extension registration...
2020-09-08 07:48:34 [31merror[39m: connect ECONNREFUSED 172.23.0.21:8000
2020-09-08 07:48:34 [32minfo[39m: Failed registration (Attempt #19). Attempting again in 30 seconds.
2020-09-08 07:49:04 [32minfo[39m: Attempting UI extension registration...
2020-09-08 07:49:04 [31merror[39m: connect ECONNREFUSED 172.23.0.21:8000
2020-09-08 07:49:04 [32minfo[39m: Failed registration (Attempt #20). Attempting again in 30 seconds.
2020-09-08 07:49:34 [32minfo[39m: Attempting UI extension registration...
2020-09-08 07:49:34 [31merror[39m: connect ECONNREFUSED 172.23.0.21:8000
2020-09-08 07:49:34 [31merror[39m: Maximum number of attempts exceeded. Could not register UI extension.
2020-09-08 08:19:25 [32minfo[39m: Attempting UI extension registration...
2020-09-08 08:19:25 [32minfo[39m: Server is running version 2020.3.0, 0, 2020.3.0, 37, d048229, Fri Sep  4 22:06:07 UTC 2020
2020-09-08 08:19:25 [32minfo[39m: Node server started without a TLS certificate on port : 3000
2020-09-08 08:19:26 [31merror[39m: connect ECONNREFUSED 172.24.0.20:8000
2020-09-08 08:19:26 [32minfo[39m: Failed registration (Attempt #1). Attempting again in 30 seconds.
2020-09-08 08:19:56 [32minfo[39m: Attempting UI extension registration...
2020-09-08 08:19:56 [31merror[39m: connect ECONNREFUSED 172.24.0.20:8000
2020-09-08 08:19:56 [32minfo[39m: Failed registration (Attempt #2). Attempting again in 30 seconds.
2020-09-08 08:20:26 [32minfo[39m: Attempting UI extension registration...
2020-09-08 08:20:26 [31merror[39m: connect ECONNREFUSED 172.24.0.20:8000
2020-09-08 08:20:26 [32minfo[39m: Failed registration (Attempt #3). Attempting again in 30 seconds.
2020-09-08 08:20:56 [32minfo[39m: Attempting UI extension registration...
2020-09-08 08:20:56 [31merror[39m: connect ECONNREFUSED 172.24.0.20:8000
2020-09-08 08:20:56 [32minfo[39m: Failed registration (Attempt #4). Attempting again in 30 seconds.
2020-09-08 08:21:26 [32minfo[39m: Attempting UI extension registration...
2020-09-08 08:21:26 [31merror[39m: connect ECONNREFUSED 172.24.0.20:8000
2020-09-08 08:21:26 [32minfo[39m: Failed registration (Attempt #5). Attempting again in 30 seconds.
2020-09-08 08:21:56 [32minfo[39m: Attempting UI extension registration...
2020-09-08 08:21:56 [31merror[39m: connect ECONNREFUSED 172.24.0.20:8000
2020-09-08 08:21:56 [32minfo[39m: Failed registration (Attempt #6). Attempting again in 30 seconds.
2020-09-08 08:22:26 [32minfo[39m: Attempting UI extension registration...
2020-09-08 08:22:26 [31merror[39m: connect ECONNREFUSED 172.24.0.20:8000
2020-09-08 08:22:26 [32minfo[39m: Failed registration (Attempt #7). Attempting again in 30 seconds.
2020-09-08 08:27:32 [32minfo[39m: Attempting UI extension registration...
2020-09-08 08:27:32 [32minfo[39m: Server is running version 2020.3.0, 0, 2020.3.0, 37, d048229, Fri Sep  4 22:06:07 UTC 2020
2020-09-08 08:27:32 [32minfo[39m: Node server started without a TLS certificate on port : 3000
2020-09-08 08:27:32 [31merror[39m: connect ECONNREFUSED 172.25.0.11:8000
2020-09-08 08:27:32 [32minfo[39m: Failed registration (Attempt #1). Attempting again in 30 seconds.
2020-09-08 08:27:40 [32minfo[39m: Execute liveness check
2020-09-08 08:27:50 [32minfo[39m: Execute liveness check
2020-09-08 08:28:00 [32minfo[39m: Execute liveness check
2020-09-08 08:28:02 [32minfo[39m: Attempting UI extension registration...
2020-09-08 08:28:02 [31merror[39m: connect ECONNREFUSED 172.25.0.11:8000
2020-09-08 08:28:02 [32minfo[39m: Failed registration (Attempt #2). Attempting again in 30 seconds.
2020-09-08 08:28:11 [32minfo[39m: Execute liveness check
2020-09-08 08:28:21 [32minfo[39m: Execute liveness check
2020-09-08 08:28:31 [32minfo[39m: Execute liveness check
2020-09-08 08:28:32 [32minfo[39m: Attempting UI extension registration...
2020-09-08 08:28:32 [31merror[39m: connect ECONNREFUSED 172.25.0.11:8000
2020-09-08 08:28:32 [32minfo[39m: Failed registration (Attempt #3). Attempting again in 30 seconds.
2020-09-08 08:28:41 [32minfo[39m: Execute liveness check
2020-09-08 08:28:51 [32minfo[39m: Execute liveness check
2020-09-08 08:29:01 [32minfo[39m: Execute liveness check
2020-09-08 08:29:02 [32minfo[39m: Attempting UI extension registration...
2020-09-08 08:29:02 [31merror[39m: connect ECONNREFUSED 172.25.0.11:8000
2020-09-08 08:29:02 [32minfo[39m: Failed registration (Attempt #4). Attempting again in 30 seconds.
2020-09-08 08:29:11 [32minfo[39m: Execute liveness check
2020-09-08 08:29:21 [32minfo[39m: Execute liveness check
2020-09-08 08:29:31 [32minfo[39m: Execute liveness check
2020-09-08 08:29:32 [32minfo[39m: Attempting UI extension registration...
2020-09-08 08:29:32 [31merror[39m: connect ECONNREFUSED 172.25.0.11:8000
2020-09-08 08:29:32 [32minfo[39m: Failed registration (Attempt #5). Attempting again in 30 seconds.
2020-09-08 08:29:42 [32minfo[39m: Execute liveness check
2020-09-08 08:29:52 [32minfo[39m: Execute liveness check
2020-09-08 08:30:02 [32minfo[39m: Execute liveness check
2020-09-08 08:30:02 [32minfo[39m: Attempting UI extension registration...
2020-09-08 08:30:02 [31merror[39m: connect ECONNREFUSED 172.25.0.11:8000
2020-09-08 08:30:02 [32minfo[39m: Failed registration (Attempt #6). Attempting again in 30 seconds.
2020-09-08 08:30:12 [32minfo[39m: Execute liveness check
2020-09-08 08:30:22 [32minfo[39m: Execute liveness check
2020-09-08 08:30:32 [32minfo[39m: Attempting UI extension registration...
2020-09-08 08:30:32 [31merror[39m: connect ECONNREFUSED 172.25.0.11:8000
2020-09-08 08:30:32 [32minfo[39m: Failed registration (Attempt #7). Attempting again in 30 seconds.
2020-09-08 08:30:32 [32minfo[39m: Execute liveness check
2020-09-08 08:30:42 [32minfo[39m: Execute liveness check
2020-09-08 08:30:52 [32minfo[39m: Execute liveness check
2020-09-08 08:31:02 [32minfo[39m: Attempting UI extension registration...
2020-09-08 08:31:02 [31merror[39m: connect ECONNREFUSED 172.25.0.11:8000
2020-09-08 08:31:02 [32minfo[39m: Failed registration (Attempt #8). Attempting again in 30 seconds.
2020-09-08 08:31:02 [32minfo[39m: Execute liveness check
2020-09-08 08:31:13 [32minfo[39m: Execute liveness check
2020-09-08 08:31:23 [32minfo[39m: Execute liveness check
2020-09-08 08:31:32 [32minfo[39m: Attempting UI extension registration...
2020-09-08 08:31:32 [31merror[39m: connect ECONNREFUSED 172.25.0.11:8000
2020-09-08 08:31:32 [32minfo[39m: Failed registration (Attempt #9). Attempting again in 30 seconds.
2020-09-08 08:31:33 [32minfo[39m: Execute liveness check
2020-09-08 08:31:43 [32minfo[39m: Execute liveness check
2020-09-08 08:31:53 [32minfo[39m: Execute liveness check
2020-09-08 08:32:02 [32minfo[39m: Attempting UI extension registration...
2020-09-08 08:32:02 [31merror[39m: connect ECONNREFUSED 172.25.0.11:8000
2020-09-08 08:32:02 [32minfo[39m: Failed registration (Attempt #10). Attempting again in 30 seconds.
2020-09-08 08:32:03 [32minfo[39m: Execute liveness check
2020-09-08 08:32:13 [32minfo[39m: Execute liveness check
2020-09-08 08:32:23 [32minfo[39m: Execute liveness check
2020-09-08 08:32:32 [32minfo[39m: Attempting UI extension registration...
2020-09-08 08:32:32 [31merror[39m: connect ECONNREFUSED 172.25.0.11:8000
2020-09-08 08:32:32 [32minfo[39m: Failed registration (Attempt #11). Attempting again in 30 seconds.
2020-09-08 08:32:34 [32minfo[39m: Execute liveness check
2020-09-08 08:32:44 [32minfo[39m: Execute liveness check
2020-09-08 08:32:54 [32minfo[39m: Execute liveness check
2020-09-08 08:33:02 [32minfo[39m: Attempting UI extension registration...
2020-09-08 08:33:02 [31merror[39m: connect ECONNREFUSED 172.25.0.11:8000
2020-09-08 08:33:02 [32minfo[39m: Failed registration (Attempt #12). Attempting again in 30 seconds.
2020-09-08 08:33:04 [32minfo[39m: Execute liveness check
2020-09-08 08:33:33 [32minfo[39m: Attempting UI extension registration...
2020-09-08 08:33:33 [32minfo[39m: Server is running version 2020.3.0, 0, 2020.3.0, 37, d048229, Fri Sep  4 22:06:07 UTC 2020
2020-09-08 08:33:33 [32minfo[39m: Node server started without a TLS certificate on port : 3000
2020-09-08 08:33:33 [31merror[39m: connect ECONNREFUSED 172.26.0.12:8000
2020-09-08 08:33:33 [32minfo[39m: Failed registration (Attempt #1). Attempting again in 30 seconds.
2020-09-08 08:33:41 [32minfo[39m: Execute liveness check
2020-09-08 08:33:52 [32minfo[39m: Execute liveness check
2020-09-08 08:34:02 [32minfo[39m: Execute liveness check
2020-09-08 08:34:03 [32minfo[39m: Attempting UI extension registration...
2020-09-08 08:34:03 [31merror[39m: connect ECONNREFUSED 172.26.0.12:8000
2020-09-08 08:34:03 [32minfo[39m: Failed registration (Attempt #2). Attempting again in 30 seconds.
2020-09-08 08:34:12 [32minfo[39m: Execute liveness check
2020-09-08 08:34:22 [32minfo[39m: Execute liveness check
2020-09-08 08:34:32 [32minfo[39m: Execute liveness check
2020-09-08 08:34:33 [32minfo[39m: Attempting UI extension registration...
2020-09-08 08:34:34 [31merror[39m: Request failed with status code 500
2020-09-08 08:34:34 [32minfo[39m: Failed registration (Attempt #3). Attempting again in 30 seconds.
2020-09-08 08:34:42 [32minfo[39m: Execute liveness check
2020-09-08 08:34:52 [32minfo[39m: Execute liveness check
2020-09-08 08:35:02 [32minfo[39m: Execute liveness check
2020-09-08 08:35:04 [32minfo[39m: Attempting UI extension registration...
2020-09-08 08:35:05 [31merror[39m: Request failed with status code 500
2020-09-08 08:35:05 [32minfo[39m: Failed registration (Attempt #4). Attempting again in 30 seconds.
2020-09-08 08:35:12 [32minfo[39m: Execute liveness check
2020-09-08 08:35:23 [32minfo[39m: Execute liveness check
2020-09-08 08:35:33 [32minfo[39m: Execute liveness check
2020-09-08 08:35:35 [32minfo[39m: Attempting UI extension registration...
2020-09-08 08:35:35 [31merror[39m: Request failed with status code 500
2020-09-08 08:35:35 [32minfo[39m: Failed registration (Attempt #5). Attempting again in 30 seconds.
2020-09-08 08:35:43 [32minfo[39m: Execute liveness check
2020-09-08 08:35:53 [32minfo[39m: Execute liveness check
2020-09-08 08:37:09 [32minfo[39m: Execute liveness check
2020-09-08 08:37:10 [32minfo[39m: Attempting UI extension registration...
2020-09-08 08:37:12 [32minfo[39m: Successfully registered!
2020-09-08 08:37:12 [34mdebug[39m: Service registration was successful
2020-09-08 08:37:21 [32minfo[39m: Execute liveness check
2020-09-08 08:37:31 [32minfo[39m: Execute liveness check
2020-09-08 08:37:42 [32minfo[39m: Execute liveness check
2020-09-08 08:37:53 [32minfo[39m: Execute liveness check
2020-09-08 09:16:08 [32minfo[39m: Execute liveness check
2020-09-08 09:16:20 [32minfo[39m: Execute liveness check
2020-09-08 09:16:30 [32minfo[39m: Execute liveness check
2020-09-08 09:16:41 [32minfo[39m: Execute liveness check
2020-09-08 09:16:51 [32minfo[39m: Execute liveness check
2020-09-08 09:17:02 [32minfo[39m: Execute liveness check
2020-09-08 09:17:12 [32minfo[39m: Execute liveness check
2020-09-08 09:17:23 [32minfo[39m: Execute liveness check
2020-09-08 09:17:33 [32minfo[39m: Execute liveness check
2020-09-08 09:17:44 [32minfo[39m: Execute liveness check
2020-09-08 09:17:54 [32minfo[39m: Execute liveness check
2020-09-08 09:18:04 [32minfo[39m: Execute liveness check
2020-09-08 09:18:15 [32minfo[39m: Execute liveness check
2020-09-08 09:18:25 [32minfo[39m: Execute liveness check
2020-09-08 09:18:35 [32minfo[39m: Execute liveness check
2020-09-08 09:18:45 [32minfo[39m: Execute liveness check
2020-09-08 09:18:56 [32minfo[39m: Execute liveness check
2020-09-08 09:19:06 [32minfo[39m: Execute liveness check
2020-09-08 09:19:16 [32minfo[39m: Execute liveness check
2020-09-08 09:19:26 [32minfo[39m: Execute liveness check
2020-09-08 09:19:36 [32minfo[39m: Execute liveness check
2020-09-08 09:19:46 [32minfo[39m: Execute liveness check
2020-09-08 09:19:56 [32minfo[39m: Execute liveness check
2020-09-08 09:52:37 [32minfo[39m: Execute liveness check
2020-09-08 09:52:47 [32minfo[39m: Execute liveness check
2020-09-08 09:52:58 [32minfo[39m: Execute liveness check
2020-09-08 09:53:08 [32minfo[39m: Execute liveness check
2020-09-08 09:53:18 [32minfo[39m: Execute liveness check
2020-09-08 09:53:29 [32minfo[39m: Execute liveness check
2020-09-08 10:00:00 [32minfo[39m: Execute liveness check
2020-09-08 10:00:10 [32minfo[39m: Execute liveness check
2020-09-08 10:00:20 [32minfo[39m: Execute liveness check
2020-09-08 10:05:44 [32minfo[39m: Attempting UI extension registration...
2020-09-08 10:05:44 [32minfo[39m: Server is running version 2020.3.0, 0, 2020.3.0, 37, d048229, Fri Sep  4 22:06:07 UTC 2020
2020-09-08 10:05:44 [32minfo[39m: Node server started without a TLS certificate on port : 3000
2020-09-08 10:05:44 [31merror[39m: connect ECONNREFUSED 172.27.0.13:8000
2020-09-08 10:05:44 [32minfo[39m: Failed registration (Attempt #1). Attempting again in 30 seconds.
2020-09-08 10:05:53 [32minfo[39m: Execute liveness check
2020-09-08 10:06:03 [32minfo[39m: Execute liveness check
2020-09-08 10:06:13 [32minfo[39m: Execute liveness check
2020-09-08 10:06:15 [32minfo[39m: Attempting UI extension registration...
2020-09-08 10:15:57 [32minfo[39m: Successfully registered!
2020-09-08 10:15:57 [34mdebug[39m: Service registration was successful
2020-09-08 10:16:01 [32minfo[39m: Execute liveness check
2020-09-08 10:16:12 [32minfo[39m: Execute liveness check
2020-09-08 10:16:22 [32minfo[39m: Execute liveness check
2020-09-08 10:16:32 [32minfo[39m: Execute liveness check
2020-09-08 10:16:42 [32minfo[39m: Execute liveness check
2020-09-08 10:16:52 [32minfo[39m: Execute liveness check
2020-09-08 10:17:02 [32minfo[39m: Execute liveness check
2020-09-08 10:17:13 [32minfo[39m: Execute liveness check
2020-09-08 10:17:23 [32minfo[39m: Execute liveness check
2020-09-08 10:17:33 [32minfo[39m: Execute liveness check
2020-09-08 10:17:43 [32minfo[39m: Execute liveness check
2020-09-08 10:17:53 [32minfo[39m: Execute liveness check
2020-09-08 10:18:03 [32minfo[39m: Execute liveness check
2020-09-08 10:18:13 [32minfo[39m: Execute liveness check
2020-09-08 10:18:23 [32minfo[39m: Execute liveness check
2020-09-08 10:18:33 [32minfo[39m: Execute liveness check
2020-09-08 10:18:43 [32minfo[39m: Execute liveness check
2020-09-08 10:18:53 [32minfo[39m: Execute liveness check
2020-09-08 10:19:04 [32minfo[39m: Execute liveness check
2020-09-08 10:19:14 [32minfo[39m: Execute liveness check
2020-09-08 10:19:24 [32minfo[39m: Execute liveness check
2020-09-08 10:19:34 [32minfo[39m: Execute liveness check
2020-09-08 10:19:44 [32minfo[39m: Execute liveness check
2020-09-08 10:19:54 [32minfo[39m: Execute liveness check
2020-09-08 10:20:04 [32minfo[39m: Execute liveness check
2020-09-08 10:20:14 [32minfo[39m: Execute liveness check
2020-09-08 10:20:24 [32minfo[39m: Execute liveness check
2020-09-08 10:20:34 [32minfo[39m: Execute liveness check
2020-09-08 10:20:44 [32minfo[39m: Execute liveness check
2020-09-08 10:20:55 [32minfo[39m: Execute liveness check
2020-09-08 10:21:05 [32minfo[39m: Execute liveness check
2020-09-08 10:21:15 [32minfo[39m: Execute liveness check
2020-09-08 10:21:25 [32minfo[39m: Execute liveness check
2020-09-08 10:21:35 [32minfo[39m: Execute liveness check
2020-09-08 10:21:45 [32minfo[39m: Execute liveness check
2020-09-08 10:21:55 [32minfo[39m: Execute liveness check
2020-09-08 10:22:05 [32minfo[39m: Execute liveness check
2020-09-08 10:22:15 [32minfo[39m: Execute liveness check
2020-09-08 10:22:25 [32minfo[39m: Execute liveness check
2020-09-08 10:22:35 [32minfo[39m: Execute liveness check
2020-09-08 10:22:46 [32minfo[39m: Execute liveness check
2020-09-08 10:22:56 [32minfo[39m: Execute liveness check
2020-09-08 10:23:06 [32minfo[39m: Execute liveness check
2020-09-08 10:23:16 [32minfo[39m: Execute liveness check
2020-09-08 10:23:26 [32minfo[39m: Execute liveness check
2020-09-08 10:23:36 [32minfo[39m: Execute liveness check
2020-09-08 10:23:46 [32minfo[39m: Execute liveness check
2020-09-08 10:23:56 [32minfo[39m: Execute liveness check
2020-09-08 10:24:06 [32minfo[39m: Execute liveness check
2020-09-08 10:24:16 [32minfo[39m: Execute liveness check
2020-09-08 10:24:27 [32minfo[39m: Execute liveness check
2020-09-08 10:24:37 [32minfo[39m: Execute liveness check
2020-09-08 10:24:47 [32minfo[39m: Execute liveness check
2020-09-08 10:24:57 [32minfo[39m: Execute liveness check
2020-09-08 10:25:07 [32minfo[39m: Execute liveness check
2020-09-08 10:25:17 [32minfo[39m: Execute liveness check
2020-09-08 10:25:27 [32minfo[39m: Execute liveness check
2020-09-08 10:25:37 [32minfo[39m: Execute liveness check
2020-09-08 10:25:47 [32minfo[39m: Execute liveness check
2020-09-08 10:25:57 [32minfo[39m: Execute liveness check
2020-09-08 10:26:07 [32minfo[39m: Execute liveness check
2020-09-08 10:26:18 [32minfo[39m: Execute liveness check
2020-09-08 10:26:28 [32minfo[39m: Execute liveness check
2020-09-08 10:26:38 [32minfo[39m: Execute liveness check
2020-09-08 10:26:48 [32minfo[39m: Execute liveness check
2020-09-08 10:38:29 [32minfo[39m: Attempting UI extension registration...
2020-09-08 10:38:29 [32minfo[39m: Server is running version 2020.3.0, 0, 2020.3.0, 37, d048229, Fri Sep  4 22:06:07 UTC 2020
2020-09-08 10:38:29 [32minfo[39m: Node server started without a TLS certificate on port : 3000
2020-09-08 10:38:29 [31merror[39m: connect ECONNREFUSED 172.28.0.13:8000
2020-09-08 10:38:29 [32minfo[39m: Failed registration (Attempt #1). Attempting again in 30 seconds.
2020-09-08 10:38:37 [32minfo[39m: Execute liveness check
2020-09-08 10:38:47 [32minfo[39m: Execute liveness check
2020-09-08 10:38:57 [32minfo[39m: Execute liveness check
2020-09-08 10:38:59 [32minfo[39m: Attempting UI extension registration...
2020-09-08 10:38:59 [31merror[39m: connect ECONNREFUSED 172.28.0.13:8000
2020-09-08 10:38:59 [32minfo[39m: Failed registration (Attempt #2). Attempting again in 30 seconds.
2020-09-08 10:39:07 [32minfo[39m: Execute liveness check
2020-09-08 10:39:17 [32minfo[39m: Execute liveness check
2020-09-08 10:39:28 [32minfo[39m: Execute liveness check
2020-09-08 10:39:29 [32minfo[39m: Attempting UI extension registration...
2020-09-08 10:39:29 [31merror[39m: connect ECONNREFUSED 172.28.0.13:8000
2020-09-08 10:39:29 [32minfo[39m: Failed registration (Attempt #3). Attempting again in 30 seconds.
2020-09-08 10:39:38 [32minfo[39m: Execute liveness check
2020-09-08 10:39:48 [32minfo[39m: Execute liveness check
2020-09-08 10:39:58 [32minfo[39m: Execute liveness check
2020-09-08 10:39:59 [32minfo[39m: Attempting UI extension registration...
2020-09-08 10:39:59 [31merror[39m: connect ECONNREFUSED 172.28.0.13:8000
2020-09-08 10:39:59 [32minfo[39m: Failed registration (Attempt #4). Attempting again in 30 seconds.
2020-09-08 10:40:08 [32minfo[39m: Execute liveness check
2020-09-08 10:40:18 [32minfo[39m: Execute liveness check
2020-09-08 10:40:28 [32minfo[39m: Execute liveness check
2020-09-08 10:40:29 [32minfo[39m: Attempting UI extension registration...
2020-09-08 10:40:29 [31merror[39m: connect ECONNREFUSED 172.28.0.13:8000
2020-09-08 10:40:29 [32minfo[39m: Failed registration (Attempt #5). Attempting again in 30 seconds.
2020-09-08 10:40:38 [32minfo[39m: Execute liveness check
2020-09-08 10:40:48 [32minfo[39m: Execute liveness check
2020-09-08 10:40:59 [32minfo[39m: Attempting UI extension registration...
2020-09-08 10:40:59 [31merror[39m: connect ECONNREFUSED 172.28.0.13:8000
2020-09-08 10:40:59 [32minfo[39m: Failed registration (Attempt #6). Attempting again in 30 seconds.
2020-09-08 10:40:59 [32minfo[39m: Execute liveness check
2020-09-08 10:41:09 [32minfo[39m: Execute liveness check
2020-09-08 10:41:19 [32minfo[39m: Execute liveness check
2020-09-08 10:41:28 [32minfo[39m: Attempting UI extension registration...
2020-09-08 10:41:28 [31merror[39m: connect ECONNREFUSED 172.28.0.13:8000
2020-09-08 10:41:28 [32minfo[39m: Failed registration (Attempt #7). Attempting again in 30 seconds.
2020-09-08 10:41:29 [32minfo[39m: Execute liveness check
2020-09-08 10:41:39 [32minfo[39m: Execute liveness check
2020-09-08 10:41:49 [32minfo[39m: Execute liveness check
2020-09-08 10:41:58 [32minfo[39m: Attempting UI extension registration...
2020-09-08 10:41:58 [31merror[39m: connect ECONNREFUSED 172.28.0.13:8000
2020-09-08 10:41:58 [32minfo[39m: Failed registration (Attempt #8). Attempting again in 30 seconds.
2020-09-08 10:41:59 [32minfo[39m: Execute liveness check
2020-09-08 10:42:09 [32minfo[39m: Execute liveness check
2020-09-08 10:42:19 [32minfo[39m: Execute liveness check
2020-09-08 10:42:28 [32minfo[39m: Attempting UI extension registration...
2020-09-08 10:42:28 [31merror[39m: connect ECONNREFUSED 172.28.0.13:8000
2020-09-08 10:42:28 [32minfo[39m: Failed registration (Attempt #9). Attempting again in 30 seconds.
2020-09-08 10:42:30 [32minfo[39m: Execute liveness check
2020-09-08 10:42:40 [32minfo[39m: Execute liveness check
2020-09-08 10:42:50 [32minfo[39m: Execute liveness check
2020-09-08 10:42:58 [32minfo[39m: Attempting UI extension registration...
2020-09-08 10:42:58 [31merror[39m: connect ECONNREFUSED 172.28.0.13:8000
2020-09-08 10:42:58 [32minfo[39m: Failed registration (Attempt #10). Attempting again in 30 seconds.
2020-09-08 10:43:00 [32minfo[39m: Execute liveness check
2020-09-08 10:43:10 [32minfo[39m: Execute liveness check
2020-09-08 10:43:20 [32minfo[39m: Execute liveness check
2020-09-08 10:43:28 [32minfo[39m: Attempting UI extension registration...
2020-09-08 10:43:28 [31merror[39m: connect ECONNREFUSED 172.28.0.13:8000
2020-09-08 10:43:28 [32minfo[39m: Failed registration (Attempt #11). Attempting again in 30 seconds.
2020-09-08 10:43:30 [32minfo[39m: Execute liveness check
2020-09-08 10:43:40 [32minfo[39m: Execute liveness check
2020-09-08 10:43:51 [32minfo[39m: Execute liveness check
2020-09-08 10:43:58 [32minfo[39m: Attempting UI extension registration...
2020-09-08 10:43:58 [31merror[39m: connect ECONNREFUSED 172.28.0.13:8000
2020-09-08 10:43:58 [32minfo[39m: Failed registration (Attempt #12). Attempting again in 30 seconds.
2020-09-08 10:44:01 [32minfo[39m: Execute liveness check
2020-09-08 10:44:11 [32minfo[39m: Execute liveness check
2020-09-08 10:44:21 [32minfo[39m: Execute liveness check
2020-09-08 10:44:28 [32minfo[39m: Attempting UI extension registration...
2020-09-08 10:44:28 [31merror[39m: connect ECONNREFUSED 172.28.0.13:8000
2020-09-08 10:44:28 [32minfo[39m: Failed registration (Attempt #13). Attempting again in 30 seconds.
2020-09-08 10:44:31 [32minfo[39m: Execute liveness check
2020-09-08 10:44:41 [32minfo[39m: Execute liveness check
2020-09-08 10:44:51 [32minfo[39m: Execute liveness check
2020-09-08 10:44:58 [32minfo[39m: Attempting UI extension registration...
2020-09-08 10:44:58 [31merror[39m: connect ECONNREFUSED 172.28.0.13:8000
2020-09-08 10:44:58 [32minfo[39m: Failed registration (Attempt #14). Attempting again in 30 seconds.
2020-09-08 10:45:01 [32minfo[39m: Execute liveness check
2020-09-08 10:45:11 [32minfo[39m: Execute liveness check
2020-09-08 10:45:22 [32minfo[39m: Execute liveness check
2020-09-08 10:45:28 [32minfo[39m: Attempting UI extension registration...
2020-09-08 10:45:28 [31merror[39m: connect ECONNREFUSED 172.28.0.13:8000
2020-09-08 10:45:28 [32minfo[39m: Failed registration (Attempt #15). Attempting again in 30 seconds.
2020-09-08 10:45:32 [32minfo[39m: Execute liveness check
2020-09-08 10:45:42 [32minfo[39m: Execute liveness check
2020-09-08 10:45:52 [32minfo[39m: Execute liveness check
2020-09-08 10:45:58 [32minfo[39m: Attempting UI extension registration...
2020-09-08 10:45:58 [31merror[39m: connect ECONNREFUSED 172.28.0.13:8000
2020-09-08 10:45:58 [32minfo[39m: Failed registration (Attempt #16). Attempting again in 30 seconds.
2020-09-08 10:46:02 [32minfo[39m: Execute liveness check
2020-09-08 10:46:12 [32minfo[39m: Execute liveness check
2020-09-08 10:46:22 [32minfo[39m: Execute liveness check
2020-09-08 10:46:28 [32minfo[39m: Attempting UI extension registration...
2020-09-08 10:46:28 [31merror[39m: connect ECONNREFUSED 172.28.0.13:8000
2020-09-08 10:46:28 [32minfo[39m: Failed registration (Attempt #17). Attempting again in 30 seconds.
2020-09-08 10:46:32 [32minfo[39m: Execute liveness check
2020-09-08 10:46:42 [32minfo[39m: Execute liveness check
2020-09-08 10:46:53 [32minfo[39m: Execute liveness check
2020-09-08 10:46:58 [32minfo[39m: Attempting UI extension registration...
2020-09-08 10:46:58 [31merror[39m: connect ECONNREFUSED 172.28.0.13:8000
2020-09-08 10:46:58 [32minfo[39m: Failed registration (Attempt #18). Attempting again in 30 seconds.
2020-09-08 10:47:03 [32minfo[39m: Execute liveness check
2020-09-08 10:47:13 [32minfo[39m: Execute liveness check
2020-09-08 10:47:23 [32minfo[39m: Execute liveness check
2020-09-08 10:47:28 [32minfo[39m: Attempting UI extension registration...
2020-09-08 10:47:28 [31merror[39m: connect ECONNREFUSED 172.28.0.13:8000
2020-09-08 10:47:28 [32minfo[39m: Failed registration (Attempt #19). Attempting again in 30 seconds.
2020-09-08 10:47:33 [32minfo[39m: Execute liveness check
2020-09-08 10:47:43 [32minfo[39m: Execute liveness check
2020-09-08 10:47:53 [32minfo[39m: Execute liveness check
2020-09-08 10:47:58 [32minfo[39m: Attempting UI extension registration...
2020-09-08 10:47:58 [31merror[39m: connect ECONNREFUSED 172.28.0.13:8000
2020-09-08 10:47:58 [32minfo[39m: Failed registration (Attempt #20). Attempting again in 30 seconds.
2020-09-08 10:48:03 [32minfo[39m: Execute liveness check
2020-09-08 10:48:13 [32minfo[39m: Execute liveness check
2020-09-08 10:48:23 [32minfo[39m: Execute liveness check
2020-09-08 10:48:28 [32minfo[39m: Attempting UI extension registration...
2020-09-08 10:48:28 [31merror[39m: connect ECONNREFUSED 172.28.0.13:8000
2020-09-08 10:48:28 [31merror[39m: Maximum number of attempts exceeded. Could not register UI extension.
2020-09-08 10:48:34 [32minfo[39m: Execute liveness check
2020-09-08 10:48:44 [32minfo[39m: Execute liveness check
2020-09-08 10:48:54 [32minfo[39m: Execute liveness check
2020-09-08 10:49:04 [32minfo[39m: Execute liveness check
2020-09-08 10:49:14 [32minfo[39m: Execute liveness check
2020-09-08 10:49:24 [32minfo[39m: Execute liveness check
2020-09-08 10:49:34 [32minfo[39m: Execute liveness check
2020-09-08 10:55:02 [32minfo[39m: Execute liveness check
2020-09-08 10:55:12 [32minfo[39m: Execute liveness check
2020-09-08 10:55:22 [32minfo[39m: Execute liveness check
2020-09-08 10:55:32 [32minfo[39m: Execute liveness check
2020-09-08 10:55:42 [32minfo[39m: Execute liveness check
2020-09-08 10:55:52 [32minfo[39m: Execute liveness check
2020-09-08 10:56:02 [32minfo[39m: Execute liveness check
2020-09-08 10:57:58 [32minfo[39m: Attempting UI extension registration...
2020-09-08 10:57:58 [32minfo[39m: Server is running version 2020.3.0, 0, 2020.3.0, 37, d048229, Fri Sep  4 22:06:07 UTC 2020
2020-09-08 10:57:58 [32minfo[39m: Node server started without a TLS certificate on port : 3000
2020-09-08 10:57:59 [31merror[39m: connect ECONNREFUSED 172.29.0.13:8000
2020-09-08 10:57:59 [32minfo[39m: Failed registration (Attempt #1). Attempting again in 30 seconds.
2020-09-08 10:58:06 [32minfo[39m: Execute liveness check
2020-09-08 10:58:16 [32minfo[39m: Execute liveness check
2020-09-08 10:58:26 [32minfo[39m: Execute liveness check
2020-09-08 10:58:29 [32minfo[39m: Attempting UI extension registration...
2020-09-08 10:58:29 [32minfo[39m: Successfully registered!
2020-09-08 10:58:29 [34mdebug[39m: Service registration was successful
2020-09-08 10:58:36 [32minfo[39m: Execute liveness check
2020-09-08 10:58:47 [32minfo[39m: Execute liveness check
2020-09-08 10:58:57 [32minfo[39m: Execute liveness check
2020-09-08 10:59:07 [32minfo[39m: Execute liveness check
2020-09-08 10:59:17 [32minfo[39m: Execute liveness check
2020-09-08 10:59:27 [32minfo[39m: Execute liveness check
2020-09-08 10:59:37 [32minfo[39m: Execute liveness check
2020-09-08 10:59:47 [32minfo[39m: Execute liveness check
2020-09-08 10:59:57 [32minfo[39m: Execute liveness check
2020-09-08 11:00:07 [32minfo[39m: Execute liveness check
2020-09-08 11:00:17 [32minfo[39m: Execute liveness check
2020-09-08 11:00:28 [32minfo[39m: Execute liveness check
2020-09-08 11:00:38 [32minfo[39m: Execute liveness check
2020-09-08 11:00:48 [32minfo[39m: Execute liveness check
2020-09-08 11:00:58 [32minfo[39m: Execute liveness check
2020-09-08 11:01:08 [32minfo[39m: Execute liveness check
2020-09-08 11:01:18 [32minfo[39m: Execute liveness check
2020-09-08 11:01:28 [32minfo[39m: Execute liveness check
2020-09-08 11:01:38 [32minfo[39m: Execute liveness check
2020-09-08 11:01:48 [32minfo[39m: Execute liveness check
2020-09-08 11:01:58 [32minfo[39m: Execute liveness check
2020-09-08 11:02:08 [32minfo[39m: Execute liveness check
2020-09-08 11:02:22 [32minfo[39m: Attempting UI extension registration...
2020-09-08 11:02:22 [32minfo[39m: Server is running version 2020.3.0, 0, 2020.3.0, 37, d048229, Fri Sep  4 22:06:07 UTC 2020
2020-09-08 11:02:22 [32minfo[39m: Node server started without a TLS certificate on port : 3000
2020-09-08 11:02:23 [31merror[39m: connect ECONNREFUSED 172.30.0.12:8000
2020-09-08 11:02:23 [32minfo[39m: Failed registration (Attempt #1). Attempting again in 30 seconds.
2020-09-08 11:02:31 [32minfo[39m: Execute liveness check
2020-09-08 11:02:41 [32minfo[39m: Execute liveness check
2020-09-08 11:02:51 [32minfo[39m: Execute liveness check
2020-09-08 11:02:53 [32minfo[39m: Attempting UI extension registration...
2020-09-08 11:02:54 [32minfo[39m: Successfully registered!
2020-09-08 11:02:54 [34mdebug[39m: Service registration was successful
2020-09-08 11:03:01 [32minfo[39m: Execute liveness check
2020-09-08 11:03:11 [32minfo[39m: Execute liveness check
2020-09-08 11:03:21 [32minfo[39m: Execute liveness check
2020-09-08 11:03:31 [32minfo[39m: Execute liveness check
2020-09-08 11:03:41 [32minfo[39m: Execute liveness check
2020-09-08 11:03:51 [32minfo[39m: Execute liveness check
2020-09-08 11:04:02 [32minfo[39m: Execute liveness check
2020-09-08 11:04:12 [32minfo[39m: Execute liveness check
2020-09-08 11:04:22 [32minfo[39m: Execute liveness check
2020-09-08 11:04:32 [32minfo[39m: Execute liveness check
2020-09-08 11:04:42 [32minfo[39m: Execute liveness check
2020-09-08 11:04:52 [32minfo[39m: Execute liveness check
2020-09-08 11:05:02 [32minfo[39m: Execute liveness check
2020-09-08 11:05:12 [32minfo[39m: Execute liveness check
2020-09-08 11:05:23 [32minfo[39m: Execute liveness check
2020-09-08 11:05:33 [32minfo[39m: Execute liveness check
2020-09-08 11:05:43 [32minfo[39m: Execute liveness check
2020-09-08 11:05:53 [32minfo[39m: Execute liveness check
2020-09-08 11:06:03 [32minfo[39m: Execute liveness check
2020-09-08 11:06:13 [32minfo[39m: Execute liveness check
2020-09-08 11:06:23 [32minfo[39m: Execute liveness check
2020-09-08 11:06:33 [32minfo[39m: Execute liveness check
2020-09-08 11:06:43 [32minfo[39m: Execute liveness check
2020-09-08 11:06:53 [32minfo[39m: Execute liveness check
2020-09-08 11:07:03 [32minfo[39m: Execute liveness check
2020-09-08 11:07:13 [32minfo[39m: Execute liveness check
2020-09-08 11:07:24 [32minfo[39m: Execute liveness check
2020-09-08 11:07:34 [32minfo[39m: Execute liveness check
2020-09-08 11:07:44 [32minfo[39m: Execute liveness check
2020-09-08 11:07:54 [32minfo[39m: Execute liveness check
2020-09-08 11:08:04 [32minfo[39m: Execute liveness check
2020-09-08 11:08:14 [32minfo[39m: Execute liveness check
2020-09-08 11:08:24 [32minfo[39m: Execute liveness check
2020-09-08 11:08:34 [32minfo[39m: Execute liveness check
2020-09-08 11:08:44 [32minfo[39m: Execute liveness check
2020-09-08 11:08:55 [32minfo[39m: Execute liveness check
2020-09-08 11:09:05 [32minfo[39m: Execute liveness check
2020-09-08 11:09:15 [32minfo[39m: Execute liveness check
2020-09-08 11:09:25 [32minfo[39m: Execute liveness check
2020-09-08 11:09:35 [32minfo[39m: Execute liveness check
2020-09-08 11:09:45 [32minfo[39m: Execute liveness check
2020-09-08 11:09:55 [32minfo[39m: Execute liveness check
2020-09-08 11:10:05 [32minfo[39m: Execute liveness check
2020-09-08 11:10:16 [32minfo[39m: Execute liveness check
2020-09-08 11:10:26 [32minfo[39m: Execute liveness check
2020-09-08 11:10:36 [32minfo[39m: Execute liveness check
2020-09-08 11:10:46 [32minfo[39m: Execute liveness check
2020-09-08 11:10:56 [32minfo[39m: Execute liveness check
2020-09-08 11:11:06 [32minfo[39m: Execute liveness check
2020-09-08 11:11:16 [32minfo[39m: Execute liveness check
2020-09-08 11:11:26 [32minfo[39m: Execute liveness check
2020-09-08 11:11:36 [32minfo[39m: Execute liveness check
2020-09-08 11:11:47 [32minfo[39m: Execute liveness check
2020-09-08 11:11:57 [32minfo[39m: Execute liveness check
2020-09-08 11:12:07 [32minfo[39m: Execute liveness check
2020-09-08 11:12:17 [32minfo[39m: Execute liveness check
2020-09-08 11:12:27 [32minfo[39m: Execute liveness check
2020-09-08 11:12:37 [32minfo[39m: Execute liveness check
2020-09-08 11:15:59 [32minfo[39m: Attempting UI extension registration...
2020-09-08 11:15:59 [32minfo[39m: Server is running version 2020.3.0, 0, 2020.3.0, 37, d048229, Fri Sep  4 22:06:07 UTC 2020
2020-09-08 11:15:59 [32minfo[39m: Node server started without a TLS certificate on port : 3000
2020-09-08 11:15:59 [31merror[39m: connect ECONNREFUSED 172.31.0.12:8000
2020-09-08 11:15:59 [32minfo[39m: Failed registration (Attempt #1). Attempting again in 30 seconds.
2020-09-08 11:16:07 [32minfo[39m: Execute liveness check
2020-09-08 11:16:18 [32minfo[39m: Execute liveness check
2020-09-08 11:16:28 [32minfo[39m: Execute liveness check
2020-09-08 11:16:29 [32minfo[39m: Attempting UI extension registration...
2020-09-08 11:16:30 [32minfo[39m: Successfully registered!
2020-09-08 11:16:30 [34mdebug[39m: Service registration was successful
2020-09-08 11:16:38 [32minfo[39m: Execute liveness check
2020-09-08 11:16:48 [32minfo[39m: Execute liveness check
2020-09-08 11:16:58 [32minfo[39m: Execute liveness check
2020-09-08 11:17:08 [32minfo[39m: Execute liveness check
2020-09-08 11:17:18 [32minfo[39m: Execute liveness check
2020-09-08 11:17:28 [32minfo[39m: Execute liveness check
2020-09-08 11:17:38 [32minfo[39m: Execute liveness check
2020-09-08 11:17:49 [32minfo[39m: Execute liveness check
2020-09-08 11:17:59 [32minfo[39m: Execute liveness check
2020-09-08 11:18:09 [32minfo[39m: Execute liveness check
2020-09-08 11:18:19 [32minfo[39m: Execute liveness check
2020-09-08 11:18:29 [32minfo[39m: Execute liveness check
2020-09-08 11:18:39 [32minfo[39m: Execute liveness check
2020-09-08 11:18:49 [32minfo[39m: Execute liveness check
2020-09-08 11:18:59 [32minfo[39m: Execute liveness check
2020-09-08 11:19:10 [32minfo[39m: Execute liveness check
2020-09-08 11:19:20 [32minfo[39m: Execute liveness check
2020-09-08 11:19:30 [32minfo[39m: Execute liveness check
2020-09-08 11:19:40 [32minfo[39m: Execute liveness check
2020-09-08 11:19:50 [32minfo[39m: Execute liveness check
2020-09-08 11:20:00 [32minfo[39m: Execute liveness check
2020-09-08 11:20:10 [32minfo[39m: Execute liveness check
2020-09-08 11:20:20 [32minfo[39m: Execute liveness check
2020-09-08 11:20:30 [32minfo[39m: Execute liveness check
2020-09-08 11:20:41 [32minfo[39m: Execute liveness check
2020-09-08 11:20:51 [32minfo[39m: Execute liveness check
2020-09-08 11:21:01 [32minfo[39m: Execute liveness check
2020-09-08 11:21:11 [32minfo[39m: Execute liveness check
2020-09-08 11:21:21 [32minfo[39m: Execute liveness check
2020-09-08 11:21:31 [32minfo[39m: Execute liveness check
2020-09-08 11:21:41 [32minfo[39m: Execute liveness check
2020-09-08 11:21:51 [32minfo[39m: Execute liveness check
2020-09-08 11:22:01 [32minfo[39m: Execute liveness check
2020-09-08 11:22:12 [32minfo[39m: Execute liveness check
2020-09-08 11:22:22 [32minfo[39m: Execute liveness check
2020-09-08 11:22:32 [32minfo[39m: Execute liveness check
2020-09-08 11:22:42 [32minfo[39m: Execute liveness check
2020-09-08 11:22:52 [32minfo[39m: Execute liveness check
2020-09-08 11:23:02 [32minfo[39m: Execute liveness check
2020-09-08 11:23:12 [32minfo[39m: Execute liveness check
2020-09-08 11:23:22 [32minfo[39m: Execute liveness check
2020-09-08 11:23:32 [32minfo[39m: Execute liveness check
2020-09-08 11:23:42 [32minfo[39m: Execute liveness check
2020-09-08 11:23:53 [32minfo[39m: Execute liveness check
2020-09-08 11:24:03 [32minfo[39m: Execute liveness check
2020-09-08 11:24:13 [32minfo[39m: Execute liveness check
2020-09-08 11:24:23 [32minfo[39m: Execute liveness check
2020-09-08 11:24:33 [32minfo[39m: Execute liveness check
2020-09-08 11:24:43 [32minfo[39m: Execute liveness check
2020-09-08 11:24:53 [32minfo[39m: Execute liveness check
2020-09-08 11:25:03 [32minfo[39m: Execute liveness check
2020-09-08 11:25:13 [32minfo[39m: Execute liveness check
2020-09-08 11:25:23 [32minfo[39m: Execute liveness check
2020-09-08 11:25:34 [32minfo[39m: Execute liveness check
2020-09-08 11:25:44 [32minfo[39m: Execute liveness check
2020-09-08 11:25:54 [32minfo[39m: Execute liveness check
2020-09-08 11:26:04 [32minfo[39m: Execute liveness check
2020-09-08 11:26:14 [32minfo[39m: Execute liveness check
2020-09-08 11:26:24 [32minfo[39m: Execute liveness check
2020-09-08 11:26:34 [32minfo[39m: Execute liveness check
2020-09-08 11:27:23 [32minfo[39m: Attempting UI extension registration...
2020-09-08 11:27:23 [32minfo[39m: Server is running version 2020.3.0, 0, ngnix, 42, 1050d22, Tue Sep  8 08:34:40 UTC 2020
2020-09-08 11:27:23 [32minfo[39m: Node server started without a TLS certificate on port : 3000
2020-09-08 11:27:23 [31merror[39m: connect ECONNREFUSED 192.168.0.14:8000
2020-09-08 11:27:23 [32minfo[39m: Failed registration (Attempt #1). Attempting again in 30 seconds.
2020-09-08 11:27:32 [32minfo[39m: Execute liveness check
2020-09-08 11:27:43 [32minfo[39m: Execute liveness check
2020-09-08 11:27:53 [32minfo[39m: Execute liveness check
2020-09-08 11:27:53 [32minfo[39m: Attempting UI extension registration...
2020-09-08 11:27:54 [32minfo[39m: Successfully registered!
2020-09-08 11:27:54 [34mdebug[39m: Service registration was successful
2020-09-08 11:28:03 [32minfo[39m: Execute liveness check
2020-09-08 11:28:13 [32minfo[39m: Execute liveness check
2020-09-08 11:28:23 [32minfo[39m: Execute liveness check
2020-09-08 11:29:17 [32minfo[39m: Attempting UI extension registration...
2020-09-08 11:29:17 [32minfo[39m: Server is running version 2020.3.0, 0, ngnix, 42, 1050d22, Tue Sep  8 08:34:40 UTC 2020
2020-09-08 11:29:17 [32minfo[39m: Node server started without a TLS certificate on port : 3000
2020-09-08 11:29:18 [31merror[39m: connect ECONNREFUSED 192.168.16.12:8000
2020-09-08 11:29:18 [32minfo[39m: Failed registration (Attempt #1). Attempting again in 30 seconds.
2020-09-08 11:29:26 [32minfo[39m: Execute liveness check
2020-09-08 11:29:36 [32minfo[39m: Execute liveness check
2020-09-08 11:29:46 [32minfo[39m: Execute liveness check
2020-09-08 11:29:48 [32minfo[39m: Attempting UI extension registration...
2020-09-08 11:29:49 [32minfo[39m: Successfully registered!
2020-09-08 11:29:49 [34mdebug[39m: Service registration was successful
2020-09-08 11:29:56 [32minfo[39m: Execute liveness check
2020-09-08 11:30:06 [32minfo[39m: Execute liveness check
2020-09-08 11:30:16 [32minfo[39m: Execute liveness check
2020-09-08 11:30:26 [32minfo[39m: Execute liveness check
2020-09-08 11:30:53 [32minfo[39m: Attempting UI extension registration...
2020-09-08 11:30:53 [32minfo[39m: Server is running version 2020.3.0, 0, ngnix, 42, 1050d22, Tue Sep  8 08:34:40 UTC 2020
2020-09-08 11:30:53 [32minfo[39m: Node server started without a TLS certificate on port : 3000
2020-09-08 11:30:53 [31merror[39m: connect ECONNREFUSED 192.168.16.12:8000
2020-09-08 11:30:53 [32minfo[39m: Failed registration (Attempt #1). Attempting again in 30 seconds.
2020-09-08 11:31:01 [32minfo[39m: Execute liveness check
2020-09-08 11:31:12 [32minfo[39m: Execute liveness check
2020-09-08 11:31:22 [32minfo[39m: Execute liveness check
2020-09-08 11:31:23 [32minfo[39m: Attempting UI extension registration...
2020-09-08 11:31:23 [32minfo[39m: Successfully registered!
2020-09-08 11:31:23 [34mdebug[39m: Service registration was successful
2020-09-08 11:31:32 [32minfo[39m: Execute liveness check
2020-09-08 11:31:42 [32minfo[39m: Execute liveness check
2020-09-08 11:31:52 [32minfo[39m: Execute liveness check
2020-09-08 11:32:02 [32minfo[39m: Execute liveness check
2020-09-08 11:32:12 [32minfo[39m: Execute liveness check
2020-09-08 11:32:22 [32minfo[39m: Execute liveness check
2020-09-08 11:32:32 [32minfo[39m: Execute liveness check
2020-09-08 11:32:42 [32minfo[39m: Execute liveness check
2020-09-08 11:32:53 [32minfo[39m: Execute liveness check
2020-09-08 11:33:03 [32minfo[39m: Execute liveness check
2020-09-08 11:33:13 [32minfo[39m: Execute liveness check
2020-09-08 11:33:23 [32minfo[39m: Execute liveness check
2020-09-08 11:33:33 [32minfo[39m: Execute liveness check
2020-09-08 11:33:43 [32minfo[39m: Execute liveness check
2020-09-08 11:33:53 [32minfo[39m: Execute liveness check
2020-09-08 11:34:03 [32minfo[39m: Execute liveness check
2020-09-08 11:34:13 [32minfo[39m: Execute liveness check
2020-09-08 11:34:23 [32minfo[39m: Execute liveness check
2020-09-08 11:34:33 [32minfo[39m: Execute liveness check
2020-09-08 11:34:44 [32minfo[39m: Execute liveness check
2020-09-08 11:34:54 [32minfo[39m: Execute liveness check
2020-09-08 11:35:04 [32minfo[39m: Execute liveness check
2020-09-08 11:35:14 [32minfo[39m: Execute liveness check
2020-09-08 11:35:24 [32minfo[39m: Execute liveness check
2020-09-08 11:35:34 [32minfo[39m: Execute liveness check
2020-09-08 11:35:44 [32minfo[39m: Execute liveness check
2020-09-08 11:35:54 [32minfo[39m: Execute liveness check
2020-09-08 11:36:04 [32minfo[39m: Execute liveness check
2020-09-08 11:36:14 [32minfo[39m: Execute liveness check
2020-09-08 11:36:25 [32minfo[39m: Execute liveness check
2020-09-08 11:36:41 [32minfo[39m: Execute liveness check
2020-09-08 11:36:51 [32minfo[39m: Execute liveness check
2020-09-08 12:12:32 [32minfo[39m: Execute liveness check
2020-09-08 12:12:42 [32minfo[39m: Execute liveness check
2020-09-08 12:12:53 [32minfo[39m: Execute liveness check
2020-09-08 12:13:03 [32minfo[39m: Execute liveness check
2020-09-08 12:13:14 [32minfo[39m: Execute liveness check
2020-09-08 12:13:24 [32minfo[39m: Execute liveness check
2020-09-08 12:13:35 [32minfo[39m: Execute liveness check
2020-09-08 12:13:45 [32minfo[39m: Execute liveness check
2020-09-08 12:13:56 [32minfo[39m: Execute liveness check
2020-09-08 12:14:06 [32minfo[39m: Execute liveness check
2020-09-08 12:14:17 [32minfo[39m: Execute liveness check
2020-09-08 12:14:27 [32minfo[39m: Execute liveness check
2020-09-08 12:14:37 [32minfo[39m: Execute liveness check
2020-09-08 12:14:48 [32minfo[39m: Execute liveness check
2020-09-08 12:14:58 [32minfo[39m: Execute liveness check
2020-09-08 12:15:08 [32minfo[39m: Execute liveness check
2020-09-08 12:15:18 [32minfo[39m: Execute liveness check
2020-09-08 12:15:28 [32minfo[39m: Execute liveness check
2020-09-08 12:15:39 [32minfo[39m: Execute liveness check
2020-09-08 12:15:49 [32minfo[39m: Execute liveness check
2020-09-08 12:54:09 [32minfo[39m: Execute liveness check
2020-09-08 12:54:20 [32minfo[39m: Execute liveness check
2020-09-08 12:54:30 [32minfo[39m: Execute liveness check
2020-09-08 12:54:41 [32minfo[39m: Execute liveness check
2020-09-08 12:54:51 [32minfo[39m: Execute liveness check
2020-09-08 12:55:02 [32minfo[39m: Execute liveness check
2020-09-08 12:55:12 [32minfo[39m: Execute liveness check
2020-09-08 12:55:23 [32minfo[39m: Execute liveness check
2020-09-08 12:55:33 [32minfo[39m: Execute liveness check
2020-09-08 13:47:02 [32minfo[39m: Execute liveness check
2020-09-08 13:47:52 [32minfo[39m: Execute liveness check
2020-09-08 13:48:02 [32minfo[39m: Execute liveness check
2020-09-08 13:48:13 [32minfo[39m: Execute liveness check
2020-09-08 13:48:23 [32minfo[39m: Execute liveness check
2020-09-08 13:48:33 [32minfo[39m: Execute liveness check
2020-09-08 13:48:43 [32minfo[39m: Execute liveness check
2020-09-08 13:48:53 [32minfo[39m: Execute liveness check
2020-09-08 13:49:03 [32minfo[39m: Execute liveness check
2020-09-08 13:49:13 [32minfo[39m: Execute liveness check
2020-09-08 13:49:23 [32minfo[39m: Execute liveness check
2020-09-08 13:49:33 [32minfo[39m: Execute liveness check
2020-09-08 13:49:43 [32minfo[39m: Execute liveness check
2020-09-08 13:58:45 [32minfo[39m: Attempting UI extension registration...
2020-09-08 13:58:45 [32minfo[39m: Server is running version 2020.3.0, 0, 2020.3.0, 37, d048229, Fri Sep  4 22:06:07 UTC 2020
2020-09-08 13:58:45 [32minfo[39m: Node server started without a TLS certificate on port : 3000
2020-09-08 13:58:45 [31merror[39m: connect ECONNREFUSED 192.168.32.14:8000
2020-09-08 13:58:45 [32minfo[39m: Failed registration (Attempt #1). Attempting again in 30 seconds.
2020-09-08 13:58:53 [32minfo[39m: Execute liveness check
2020-09-08 13:59:03 [32minfo[39m: Execute liveness check
2020-09-08 13:59:14 [32minfo[39m: Execute liveness check
2020-09-08 13:59:15 [32minfo[39m: Attempting UI extension registration...
2020-09-08 13:59:15 [32minfo[39m: Successfully registered!
2020-09-08 13:59:15 [34mdebug[39m: Service registration was successful
2020-09-08 13:59:24 [32minfo[39m: Execute liveness check
2020-09-08 13:59:34 [32minfo[39m: Execute liveness check
2020-09-08 13:59:44 [32minfo[39m: Execute liveness check
2020-09-08 13:59:54 [32minfo[39m: Execute liveness check
2020-09-08 14:00:04 [32minfo[39m: Execute liveness check
2020-09-08 14:00:14 [32minfo[39m: Execute liveness check
2020-09-08 14:00:24 [32minfo[39m: Execute liveness check
2020-09-08 14:00:34 [32minfo[39m: Execute liveness check
2020-09-08 14:00:45 [32minfo[39m: Execute liveness check
2020-09-08 14:00:55 [32minfo[39m: Execute liveness check
2020-09-08 14:01:05 [32minfo[39m: Execute liveness check
2020-09-08 14:01:15 [32minfo[39m: Execute liveness check
2020-09-08 14:01:25 [32minfo[39m: Execute liveness check
2020-09-08 14:01:35 [32minfo[39m: Execute liveness check
2020-09-08 14:01:45 [32minfo[39m: Execute liveness check
2020-09-08 14:01:55 [32minfo[39m: Execute liveness check
2020-09-08 14:02:05 [32minfo[39m: Execute liveness check
2020-09-08 14:02:16 [32minfo[39m: Execute liveness check
2020-09-08 14:02:26 [32minfo[39m: Execute liveness check
2020-09-08 14:02:36 [32minfo[39m: Execute liveness check
2020-09-08 14:02:46 [32minfo[39m: Execute liveness check
2020-09-08 14:02:56 [32minfo[39m: Execute liveness check
2020-09-08 14:03:06 [32minfo[39m: Execute liveness check
2020-09-08 14:03:16 [32minfo[39m: Execute liveness check
2020-09-08 14:03:26 [32minfo[39m: Execute liveness check
2020-09-08 14:03:36 [32minfo[39m: Execute liveness check
2020-09-08 14:03:47 [32minfo[39m: Execute liveness check
2020-09-08 14:03:57 [32minfo[39m: Execute liveness check
2020-09-08 14:04:07 [32minfo[39m: Execute liveness check
2020-09-08 14:04:17 [32minfo[39m: Execute liveness check
2020-09-08 14:04:27 [32minfo[39m: Execute liveness check
2020-09-08 14:04:37 [32minfo[39m: Execute liveness check
2020-09-08 14:04:47 [32minfo[39m: Execute liveness check
2020-09-08 14:04:57 [32minfo[39m: Execute liveness check
2020-09-08 14:05:07 [32minfo[39m: Execute liveness check
2020-09-08 14:05:17 [32minfo[39m: Execute liveness check
2020-09-08 14:05:28 [32minfo[39m: Execute liveness check
2020-09-08 14:05:38 [32minfo[39m: Execute liveness check
2020-09-08 14:05:48 [32minfo[39m: Execute liveness check
2020-09-08 14:05:58 [32minfo[39m: Execute liveness check
2020-09-08 14:06:08 [32minfo[39m: Execute liveness check
2020-09-08 14:06:18 [32minfo[39m: Execute liveness check
2020-09-08 14:06:28 [32minfo[39m: Execute liveness check
2020-09-08 14:06:38 [32minfo[39m: Execute liveness check
2020-09-08 14:11:25 [32minfo[39m: Attempting UI extension registration...
2020-09-08 14:11:25 [32minfo[39m: Server is running version 2020.3.0, 0, 2020.3.0, 37, d048229, Fri Sep  4 22:06:07 UTC 2020
2020-09-08 14:11:25 [32minfo[39m: Node server started without a TLS certificate on port : 3000
2020-09-08 14:11:26 [31merror[39m: connect ECONNREFUSED 192.168.48.22:8000
2020-09-08 14:11:26 [32minfo[39m: Failed registration (Attempt #1). Attempting again in 30 seconds.
2020-09-08 14:11:33 [32minfo[39m: Execute liveness check
2020-09-08 14:11:44 [32minfo[39m: Execute liveness check
2020-09-08 14:11:54 [32minfo[39m: Execute liveness check
2020-09-08 14:11:56 [32minfo[39m: Attempting UI extension registration...
2020-09-08 14:11:56 [32minfo[39m: Successfully registered!
2020-09-08 14:11:56 [34mdebug[39m: Service registration was successful
2020-09-08 14:12:04 [32minfo[39m: Execute liveness check
2020-09-08 14:12:14 [32minfo[39m: Execute liveness check
2020-09-08 14:12:24 [32minfo[39m: Execute liveness check
2020-09-08 14:12:34 [32minfo[39m: Execute liveness check
2020-09-08 14:12:44 [32minfo[39m: Execute liveness check
2020-09-08 14:12:54 [32minfo[39m: Execute liveness check
2020-09-08 14:13:04 [32minfo[39m: Execute liveness check
2020-09-08 14:13:14 [32minfo[39m: Execute liveness check
2020-09-08 14:13:25 [32minfo[39m: Execute liveness check
2020-09-08 14:13:35 [32minfo[39m: Execute liveness check
2020-09-08 14:13:45 [32minfo[39m: Execute liveness check
2020-09-08 14:13:55 [32minfo[39m: Execute liveness check
2020-09-08 14:14:05 [32minfo[39m: Execute liveness check
2020-09-08 14:14:15 [32minfo[39m: Execute liveness check
2020-09-08 14:14:25 [32minfo[39m: Execute liveness check
2020-09-08 14:14:35 [32minfo[39m: Execute liveness check
2020-09-08 14:14:46 [32minfo[39m: Execute liveness check
2020-09-08 14:14:56 [32minfo[39m: Execute liveness check
2020-09-08 14:15:06 [32minfo[39m: Execute liveness check
2020-09-08 14:15:16 [32minfo[39m: Execute liveness check
2020-09-08 14:15:26 [32minfo[39m: Execute liveness check
2020-09-08 14:15:36 [32minfo[39m: Execute liveness check
2020-09-08 14:15:46 [32minfo[39m: Execute liveness check
2020-09-08 14:15:56 [32minfo[39m: Execute liveness check
2020-09-08 14:16:06 [32minfo[39m: Execute liveness check
2020-09-08 14:16:17 [32minfo[39m: Execute liveness check
2020-09-08 14:16:27 [32minfo[39m: Execute liveness check
2020-09-08 14:16:37 [32minfo[39m: Execute liveness check
2020-09-08 14:16:47 [32minfo[39m: Execute liveness check
2020-09-08 14:16:57 [32minfo[39m: Execute liveness check
2020-09-08 14:17:07 [32minfo[39m: Execute liveness check
2020-09-08 14:17:17 [32minfo[39m: Execute liveness check
2020-09-08 14:17:27 [32minfo[39m: Execute liveness check
2020-09-08 14:17:37 [32minfo[39m: Execute liveness check
2020-09-08 14:17:48 [32minfo[39m: Execute liveness check
2020-09-08 14:17:58 [32minfo[39m: Execute liveness check
2020-09-08 14:18:08 [32minfo[39m: Execute liveness check
2020-09-08 14:18:18 [32minfo[39m: Execute liveness check
2020-09-08 14:18:28 [32minfo[39m: Execute liveness check
2020-09-08 14:18:38 [32minfo[39m: Execute liveness check
2020-09-08 14:18:48 [32minfo[39m: Execute liveness check
2020-09-08 14:18:58 [32minfo[39m: Execute liveness check
2020-09-08 14:19:08 [32minfo[39m: Execute liveness check
2020-09-08 14:19:18 [32minfo[39m: Execute liveness check
2020-09-08 14:19:29 [32minfo[39m: Execute liveness check
2020-09-08 14:19:39 [32minfo[39m: Execute liveness check
2020-09-08 14:19:49 [32minfo[39m: Execute liveness check
2020-09-08 14:19:59 [32minfo[39m: Execute liveness check
2020-09-08 14:20:09 [32minfo[39m: Execute liveness check
2020-09-08 14:20:19 [32minfo[39m: Execute liveness check
2020-09-08 14:20:29 [32minfo[39m: Execute liveness check
2020-09-08 14:20:40 [32minfo[39m: Execute liveness check
2020-09-08 14:20:50 [32minfo[39m: Execute liveness check
2020-09-08 14:21:00 [32minfo[39m: Execute liveness check
2020-09-08 14:21:10 [32minfo[39m: Execute liveness check
2020-09-08 14:21:20 [32minfo[39m: Execute liveness check
2020-09-08 14:21:30 [32minfo[39m: Execute liveness check
2020-09-08 14:21:40 [32minfo[39m: Execute liveness check
2020-09-08 14:21:50 [32minfo[39m: Execute liveness check
2020-09-08 14:22:00 [32minfo[39m: Execute liveness check
2020-09-08 14:22:11 [32minfo[39m: Execute liveness check
2020-09-08 14:22:21 [32minfo[39m: Execute liveness check
2020-09-08 14:22:31 [32minfo[39m: Execute liveness check
2020-09-08 14:22:41 [32minfo[39m: Execute liveness check
2020-09-08 14:22:51 [32minfo[39m: Execute liveness check
2020-09-08 14:23:01 [32minfo[39m: Execute liveness check
2020-09-08 14:23:11 [32minfo[39m: Execute liveness check
2020-09-08 14:23:21 [32minfo[39m: Execute liveness check
2020-09-08 14:23:31 [32minfo[39m: Execute liveness check
2020-09-08 14:23:41 [32minfo[39m: Execute liveness check
2020-09-08 14:23:52 [32minfo[39m: Execute liveness check
2020-09-08 14:24:02 [32minfo[39m: Execute liveness check
2020-09-08 14:24:12 [32minfo[39m: Execute liveness check
2020-09-08 14:24:22 [32minfo[39m: Execute liveness check
2020-09-08 14:24:32 [32minfo[39m: Execute liveness check
2020-09-08 14:24:42 [32minfo[39m: Execute liveness check
2020-09-08 14:24:52 [32minfo[39m: Execute liveness check
2020-09-08 14:25:02 [32minfo[39m: Execute liveness check
2020-09-08 14:25:12 [32minfo[39m: Execute liveness check
2020-09-08 14:25:22 [32minfo[39m: Execute liveness check
2020-09-08 14:25:32 [32minfo[39m: Execute liveness check
2020-09-08 14:25:43 [32minfo[39m: Execute liveness check
2020-09-08 14:25:53 [32minfo[39m: Execute liveness check
2020-09-08 14:26:03 [32minfo[39m: Execute liveness check
2020-09-08 14:26:13 [32minfo[39m: Execute liveness check
2020-09-08 14:26:23 [32minfo[39m: Execute liveness check
2020-09-08 14:26:33 [32minfo[39m: Execute liveness check
2020-09-08 14:26:43 [32minfo[39m: Execute liveness check
2020-09-08 14:26:53 [32minfo[39m: Execute liveness check
2020-09-08 14:27:03 [32minfo[39m: Execute liveness check
2020-09-08 14:27:13 [32minfo[39m: Execute liveness check
2020-09-08 14:27:24 [32minfo[39m: Execute liveness check
2020-09-08 14:27:34 [32minfo[39m: Execute liveness check
2020-09-08 14:27:44 [32minfo[39m: Execute liveness check
2020-09-08 14:27:54 [32minfo[39m: Execute liveness check
2020-09-08 14:28:04 [32minfo[39m: Execute liveness check
2020-09-08 14:28:14 [32minfo[39m: Execute liveness check
2020-09-08 14:28:24 [32minfo[39m: Execute liveness check
2020-09-08 14:28:34 [32minfo[39m: Execute liveness check
2020-09-08 14:28:44 [32minfo[39m: Execute liveness check
2020-09-08 14:28:55 [32minfo[39m: Execute liveness check
2020-09-08 14:29:05 [32minfo[39m: Execute liveness check
2020-09-08 14:29:15 [32minfo[39m: Execute liveness check
2020-09-08 14:29:25 [32minfo[39m: Execute liveness check
2020-09-08 14:29:35 [32minfo[39m: Execute liveness check
2020-09-08 14:29:45 [32minfo[39m: Execute liveness check
2020-09-08 14:29:55 [32minfo[39m: Execute liveness check
2020-09-08 14:30:05 [32minfo[39m: Execute liveness check
2020-09-08 14:30:16 [32minfo[39m: Execute liveness check
2020-09-08 14:30:26 [32minfo[39m: Execute liveness check
2020-09-08 14:30:36 [32minfo[39m: Execute liveness check
2020-09-08 14:30:46 [32minfo[39m: Execute liveness check
2020-09-08 14:30:56 [32minfo[39m: Execute liveness check
2020-09-08 14:31:06 [32minfo[39m: Execute liveness check
2020-09-08 14:31:16 [32minfo[39m: Execute liveness check
2020-09-08 14:31:26 [32minfo[39m: Execute liveness check
2020-09-08 14:31:36 [32minfo[39m: Execute liveness check
2020-09-08 14:31:47 [32minfo[39m: Execute liveness check
2020-09-08 14:31:57 [32minfo[39m: Execute liveness check
2020-09-08 14:32:07 [32minfo[39m: Execute liveness check
2020-09-08 14:32:17 [32minfo[39m: Execute liveness check
2020-09-08 14:32:27 [32minfo[39m: Execute liveness check
2020-09-08 14:32:37 [32minfo[39m: Execute liveness check
2020-09-08 14:32:47 [32minfo[39m: Execute liveness check
2020-09-08 14:32:57 [32minfo[39m: Execute liveness check
2020-09-08 14:33:07 [32minfo[39m: Execute liveness check
2020-09-08 14:33:17 [32minfo[39m: Execute liveness check
2020-09-08 14:33:28 [32minfo[39m: Execute liveness check
2020-09-08 14:33:38 [32minfo[39m: Execute liveness check
2020-09-08 14:33:48 [32minfo[39m: Execute liveness check
2020-09-08 14:33:58 [32minfo[39m: Execute liveness check
2020-09-08 14:34:08 [32minfo[39m: Execute liveness check
2020-09-08 14:34:18 [32minfo[39m: Execute liveness check
2020-09-08 14:34:28 [32minfo[39m: Execute liveness check
2020-09-08 14:34:38 [32minfo[39m: Execute liveness check
2020-09-08 14:34:48 [32minfo[39m: Execute liveness check
2020-09-08 14:34:59 [32minfo[39m: Execute liveness check
2020-09-08 14:35:09 [32minfo[39m: Execute liveness check
2020-09-08 14:35:19 [32minfo[39m: Execute liveness check
2020-09-08 14:35:29 [32minfo[39m: Execute liveness check
2020-09-08 14:35:39 [32minfo[39m: Execute liveness check
2020-09-08 14:35:49 [32minfo[39m: Execute liveness check
2020-09-08 14:35:59 [32minfo[39m: Execute liveness check
2020-09-08 14:36:09 [32minfo[39m: Execute liveness check
2020-09-08 14:36:19 [32minfo[39m: Execute liveness check
2020-09-08 14:36:30 [32minfo[39m: Execute liveness check
