2020-09-08 06:44:19 [32minfo[39m: Attempting UI extension registration...
2020-09-08 06:44:19 [32minfo[39m: Server is running version 2020.3.0, 0, 2020.3.0, 27, a80482e, Fri Sep  4 22:01:45 UTC 2020
2020-09-08 06:44:19 [32minfo[39m: Node server started without a TLS certificate on port : 3000
2020-09-08 06:44:19 [31merror[39m: connect ECONNREFUSED 172.18.0.20:8000
2020-09-08 06:44:19 [32minfo[39m: Failed registration (Attempt #1). Attempting again in 30 seconds.
2020-09-08 06:44:26 [32minfo[39m: Execute liveness check
2020-09-08 06:44:36 [32minfo[39m: Execute liveness check
2020-09-08 06:44:47 [32minfo[39m: Execute liveness check
2020-09-08 06:44:49 [32minfo[39m: Attempting UI extension registration...
2020-09-08 06:44:49 [31merror[39m: connect ECONNREFUSED 172.18.0.7:8000
2020-09-08 06:44:49 [32minfo[39m: Failed registration (Attempt #2). Attempting again in 30 seconds.
2020-09-08 06:44:57 [32minfo[39m: Execute liveness check
2020-09-08 06:45:07 [32minfo[39m: Execute liveness check
2020-09-08 06:45:17 [32minfo[39m: Execute liveness check
2020-09-08 06:45:19 [32minfo[39m: Attempting UI extension registration...
2020-09-08 06:45:19 [31merror[39m: connect ECONNREFUSED 172.18.0.7:8000
2020-09-08 06:45:19 [32minfo[39m: Failed registration (Attempt #3). Attempting again in 30 seconds.
2020-09-08 06:45:27 [32minfo[39m: Execute liveness check
2020-09-08 06:45:37 [32minfo[39m: Execute liveness check
2020-09-08 06:45:47 [32minfo[39m: Execute liveness check
2020-09-08 06:45:49 [32minfo[39m: Attempting UI extension registration...
2020-09-08 06:45:49 [31merror[39m: connect ECONNREFUSED 172.18.0.7:8000
2020-09-08 06:45:49 [32minfo[39m: Failed registration (Attempt #4). Attempting again in 30 seconds.
2020-09-08 06:45:57 [32minfo[39m: Execute liveness check
2020-09-08 06:46:08 [32minfo[39m: Execute liveness check
2020-09-08 06:46:18 [32minfo[39m: Execute liveness check
2020-09-08 06:46:19 [32minfo[39m: Attempting UI extension registration...
2020-09-08 06:46:19 [31merror[39m: connect ECONNREFUSED 172.18.0.7:8000
2020-09-08 06:46:19 [32minfo[39m: Failed registration (Attempt #5). Attempting again in 30 seconds.
2020-09-08 06:46:28 [32minfo[39m: Execute liveness check
2020-09-08 06:46:38 [32minfo[39m: Execute liveness check
2020-09-08 06:46:48 [32minfo[39m: Execute liveness check
2020-09-08 06:46:49 [32minfo[39m: Attempting UI extension registration...
2020-09-08 06:46:49 [31merror[39m: connect ECONNREFUSED 172.18.0.7:8000
2020-09-08 06:46:49 [32minfo[39m: Failed registration (Attempt #6). Attempting again in 30 seconds.
2020-09-08 06:46:58 [32minfo[39m: Execute liveness check
2020-09-08 06:47:08 [32minfo[39m: Execute liveness check
2020-09-08 06:47:19 [32minfo[39m: Execute liveness check
2020-09-08 06:47:19 [32minfo[39m: Attempting UI extension registration...
2020-09-08 06:47:19 [31merror[39m: connect ECONNREFUSED 172.18.0.7:8000
2020-09-08 06:47:19 [32minfo[39m: Failed registration (Attempt #7). Attempting again in 30 seconds.
2020-09-08 06:47:29 [32minfo[39m: Execute liveness check
2020-09-08 06:47:39 [32minfo[39m: Execute liveness check
2020-09-08 06:47:49 [32minfo[39m: Attempting UI extension registration...
2020-09-08 06:47:49 [31merror[39m: connect ECONNREFUSED 172.18.0.7:8000
2020-09-08 06:47:49 [32minfo[39m: Failed registration (Attempt #8). Attempting again in 30 seconds.
2020-09-08 06:47:49 [32minfo[39m: Execute liveness check
2020-09-08 06:47:59 [32minfo[39m: Execute liveness check
2020-09-08 06:48:09 [32minfo[39m: Execute liveness check
2020-09-08 06:48:19 [32minfo[39m: Attempting UI extension registration...
2020-09-08 06:48:19 [31merror[39m: connect ECONNREFUSED 172.18.0.7:8000
2020-09-08 06:48:19 [32minfo[39m: Failed registration (Attempt #9). Attempting again in 30 seconds.
2020-09-08 06:48:19 [32minfo[39m: Execute liveness check
2020-09-08 06:48:29 [32minfo[39m: Execute liveness check
2020-09-08 06:48:40 [32minfo[39m: Execute liveness check
2020-09-08 06:48:49 [32minfo[39m: Attempting UI extension registration...
2020-09-08 06:48:50 [31merror[39m: connect ECONNREFUSED 172.18.0.7:8000
2020-09-08 06:48:50 [32minfo[39m: Failed registration (Attempt #10). Attempting again in 30 seconds.
2020-09-08 06:48:50 [32minfo[39m: Execute liveness check
2020-09-08 06:49:00 [32minfo[39m: Execute liveness check
2020-09-08 06:49:10 [32minfo[39m: Execute liveness check
2020-09-08 06:49:20 [32minfo[39m: Attempting UI extension registration...
2020-09-08 06:49:20 [31merror[39m: connect ECONNREFUSED 172.18.0.7:8000
2020-09-08 06:49:20 [32minfo[39m: Failed registration (Attempt #11). Attempting again in 30 seconds.
2020-09-08 06:49:20 [32minfo[39m: Execute liveness check
2020-09-08 06:49:30 [32minfo[39m: Execute liveness check
2020-09-08 06:49:40 [32minfo[39m: Execute liveness check
2020-09-08 06:49:50 [32minfo[39m: Attempting UI extension registration...
2020-09-08 06:49:50 [31merror[39m: connect ECONNREFUSED 172.18.0.7:8000
2020-09-08 06:49:50 [32minfo[39m: Failed registration (Attempt #12). Attempting again in 30 seconds.
2020-09-08 06:49:50 [32minfo[39m: Execute liveness check
2020-09-08 06:50:01 [32minfo[39m: Execute liveness check
2020-09-08 06:50:11 [32minfo[39m: Execute liveness check
2020-09-08 06:50:19 [32minfo[39m: Attempting UI extension registration...
2020-09-08 06:50:20 [31merror[39m: connect ECONNREFUSED 172.18.0.7:8000
2020-09-08 06:50:20 [32minfo[39m: Failed registration (Attempt #13). Attempting again in 30 seconds.
2020-09-08 06:50:21 [32minfo[39m: Execute liveness check
2020-09-08 06:50:31 [32minfo[39m: Execute liveness check
2020-09-08 06:50:41 [32minfo[39m: Execute liveness check
2020-09-08 06:50:49 [32minfo[39m: Attempting UI extension registration...
2020-09-08 06:50:49 [31merror[39m: connect ECONNREFUSED 172.18.0.7:8000
2020-09-08 06:50:49 [32minfo[39m: Failed registration (Attempt #14). Attempting again in 30 seconds.
2020-09-08 06:50:51 [32minfo[39m: Execute liveness check
2020-09-08 06:51:01 [32minfo[39m: Execute liveness check
2020-09-08 06:51:11 [32minfo[39m: Execute liveness check
2020-09-08 06:51:19 [32minfo[39m: Attempting UI extension registration...
2020-09-08 06:51:19 [31merror[39m: connect ECONNREFUSED 172.18.0.7:8000
2020-09-08 06:51:19 [32minfo[39m: Failed registration (Attempt #15). Attempting again in 30 seconds.
2020-09-08 06:51:21 [32minfo[39m: Execute liveness check
2020-09-08 06:51:32 [32minfo[39m: Execute liveness check
2020-09-08 06:51:42 [32minfo[39m: Execute liveness check
2020-09-08 06:51:49 [32minfo[39m: Attempting UI extension registration...
2020-09-08 06:51:49 [31merror[39m: connect ECONNREFUSED 172.18.0.7:8000
2020-09-08 06:51:49 [32minfo[39m: Failed registration (Attempt #16). Attempting again in 30 seconds.
2020-09-08 06:51:52 [32minfo[39m: Execute liveness check
2020-09-08 06:52:02 [32minfo[39m: Execute liveness check
2020-09-08 06:52:12 [32minfo[39m: Execute liveness check
2020-09-08 06:52:19 [32minfo[39m: Attempting UI extension registration...
2020-09-08 06:52:19 [31merror[39m: connect ECONNREFUSED 172.18.0.7:8000
2020-09-08 06:52:19 [32minfo[39m: Failed registration (Attempt #17). Attempting again in 30 seconds.
2020-09-08 06:52:22 [32minfo[39m: Execute liveness check
2020-09-08 06:52:32 [32minfo[39m: Execute liveness check
2020-09-08 06:52:42 [32minfo[39m: Execute liveness check
2020-09-08 06:52:49 [32minfo[39m: Attempting UI extension registration...
2020-09-08 06:52:49 [31merror[39m: connect ECONNREFUSED 172.18.0.7:8000
2020-09-08 06:52:49 [32minfo[39m: Failed registration (Attempt #18). Attempting again in 30 seconds.
2020-09-08 06:52:52 [32minfo[39m: Execute liveness check
2020-09-08 06:53:02 [32minfo[39m: Execute liveness check
2020-09-08 06:53:13 [32minfo[39m: Execute liveness check
2020-09-08 06:53:19 [32minfo[39m: Attempting UI extension registration...
2020-09-08 06:53:19 [31merror[39m: connect ECONNREFUSED 172.18.0.7:8000
2020-09-08 06:53:19 [32minfo[39m: Failed registration (Attempt #19). Attempting again in 30 seconds.
2020-09-08 06:53:23 [32minfo[39m: Execute liveness check
2020-09-08 06:53:33 [32minfo[39m: Execute liveness check
2020-09-08 06:53:43 [32minfo[39m: Execute liveness check
2020-09-08 06:53:49 [32minfo[39m: Attempting UI extension registration...
2020-09-08 06:53:49 [31merror[39m: connect ECONNREFUSED 172.18.0.7:8000
2020-09-08 06:53:49 [32minfo[39m: Failed registration (Attempt #20). Attempting again in 30 seconds.
2020-09-08 06:53:53 [32minfo[39m: Execute liveness check
2020-09-08 06:54:03 [32minfo[39m: Execute liveness check
2020-09-08 06:54:13 [32minfo[39m: Execute liveness check
2020-09-08 06:54:19 [32minfo[39m: Attempting UI extension registration...
2020-09-08 06:54:19 [31merror[39m: connect ECONNREFUSED 172.18.0.7:8000
2020-09-08 06:54:19 [31merror[39m: Maximum number of attempts exceeded. Could not register UI extension.
2020-09-08 06:54:23 [32minfo[39m: Execute liveness check
2020-09-08 06:54:33 [32minfo[39m: Execute liveness check
2020-09-08 06:54:44 [32minfo[39m: Execute liveness check
2020-09-08 06:54:54 [32minfo[39m: Execute liveness check
2020-09-08 06:55:04 [32minfo[39m: Execute liveness check
2020-09-08 06:55:14 [32minfo[39m: Execute liveness check
2020-09-08 06:55:24 [32minfo[39m: Execute liveness check
2020-09-08 06:55:34 [32minfo[39m: Execute liveness check
2020-09-08 06:55:44 [32minfo[39m: Execute liveness check
2020-09-08 06:55:54 [32minfo[39m: Execute liveness check
2020-09-08 06:56:04 [32minfo[39m: Execute liveness check
2020-09-08 06:56:15 [32minfo[39m: Execute liveness check
2020-09-08 06:56:25 [32minfo[39m: Execute liveness check
2020-09-08 06:56:35 [32minfo[39m: Execute liveness check
2020-09-08 06:56:45 [32minfo[39m: Execute liveness check
2020-09-08 06:56:55 [32minfo[39m: Execute liveness check
2020-09-08 06:57:05 [32minfo[39m: Execute liveness check
2020-09-08 06:57:15 [32minfo[39m: Execute liveness check
2020-09-08 06:57:25 [32minfo[39m: Execute liveness check
2020-09-08 06:57:35 [32minfo[39m: Execute liveness check
2020-09-08 06:57:45 [32minfo[39m: Execute liveness check
2020-09-08 06:57:56 [32minfo[39m: Execute liveness check
2020-09-08 06:58:06 [32minfo[39m: Execute liveness check
2020-09-08 06:58:16 [32minfo[39m: Execute liveness check
2020-09-08 06:58:26 [32minfo[39m: Execute liveness check
2020-09-08 06:58:36 [32minfo[39m: Execute liveness check
2020-09-08 06:58:46 [32minfo[39m: Execute liveness check
2020-09-08 06:58:56 [32minfo[39m: Execute liveness check
2020-09-08 06:59:06 [32minfo[39m: Execute liveness check
2020-09-08 06:59:16 [32minfo[39m: Execute liveness check
2020-09-08 06:59:27 [32minfo[39m: Execute liveness check
2020-09-08 06:59:37 [32minfo[39m: Execute liveness check
2020-09-08 06:59:47 [32minfo[39m: Execute liveness check
2020-09-08 06:59:57 [32minfo[39m: Execute liveness check
2020-09-08 07:00:24 [32minfo[39m: Attempting UI extension registration...
2020-09-08 07:00:24 [32minfo[39m: Server is running version 2020.3.0, 0, 2020.3.0, 27, a80482e, Fri Sep  4 22:01:45 UTC 2020
2020-09-08 07:00:24 [32minfo[39m: Node server started without a TLS certificate on port : 3000
2020-09-08 07:00:25 [31merror[39m: connect ECONNREFUSED 172.19.0.20:8000
2020-09-08 07:00:25 [32minfo[39m: Failed registration (Attempt #1). Attempting again in 30 seconds.
2020-09-08 07:00:32 [32minfo[39m: Execute liveness check
2020-09-08 07:00:42 [32minfo[39m: Execute liveness check
2020-09-08 07:00:52 [32minfo[39m: Execute liveness check
2020-09-08 07:00:54 [32minfo[39m: Attempting UI extension registration...
2020-09-08 07:00:55 [31merror[39m: connect ECONNREFUSED 172.19.0.12:8000
2020-09-08 07:00:55 [32minfo[39m: Failed registration (Attempt #2). Attempting again in 30 seconds.
2020-09-08 07:01:03 [32minfo[39m: Execute liveness check
2020-09-08 07:01:13 [32minfo[39m: Execute liveness check
2020-09-08 07:01:23 [32minfo[39m: Execute liveness check
2020-09-08 07:01:24 [32minfo[39m: Attempting UI extension registration...
2020-09-08 07:01:24 [31merror[39m: connect ECONNREFUSED 172.19.0.12:8000
2020-09-08 07:01:24 [32minfo[39m: Failed registration (Attempt #3). Attempting again in 30 seconds.
2020-09-08 07:01:33 [32minfo[39m: Execute liveness check
2020-09-08 07:01:43 [32minfo[39m: Execute liveness check
2020-09-08 07:01:53 [32minfo[39m: Execute liveness check
2020-09-08 07:01:54 [32minfo[39m: Attempting UI extension registration...
2020-09-08 07:01:54 [31merror[39m: connect ECONNREFUSED 172.19.0.12:8000
2020-09-08 07:01:54 [32minfo[39m: Failed registration (Attempt #4). Attempting again in 30 seconds.
2020-09-08 07:02:04 [32minfo[39m: Execute liveness check
2020-09-08 07:02:14 [32minfo[39m: Execute liveness check
2020-09-08 07:02:24 [32minfo[39m: Execute liveness check
2020-09-08 07:02:24 [32minfo[39m: Attempting UI extension registration...
2020-09-08 07:02:24 [31merror[39m: connect ECONNREFUSED 172.19.0.12:8000
2020-09-08 07:02:24 [32minfo[39m: Failed registration (Attempt #5). Attempting again in 30 seconds.
2020-09-08 07:02:34 [32minfo[39m: Execute liveness check
2020-09-08 07:16:35 [32minfo[39m: Attempting UI extension registration...
2020-09-08 07:16:36 [32minfo[39m: Server is running version 2020.3.0, 0, 2020.3.0, 27, a80482e, Fri Sep  4 22:01:45 UTC 2020
2020-09-08 07:16:36 [32minfo[39m: Node server started without a TLS certificate on port : 3000
2020-09-08 07:16:36 [31merror[39m: connect ECONNREFUSED 172.21.0.21:8000
2020-09-08 07:16:36 [32minfo[39m: Failed registration (Attempt #1). Attempting again in 30 seconds.
2020-09-08 07:16:43 [32minfo[39m: Execute liveness check
2020-09-08 07:16:53 [32minfo[39m: Execute liveness check
2020-09-08 07:17:03 [32minfo[39m: Execute liveness check
2020-09-08 07:17:06 [32minfo[39m: Attempting UI extension registration...
2020-09-08 07:17:06 [31merror[39m: connect ECONNREFUSED 172.21.0.7:8000
2020-09-08 07:17:06 [32minfo[39m: Failed registration (Attempt #2). Attempting again in 30 seconds.
2020-09-08 07:17:14 [32minfo[39m: Execute liveness check
2020-09-08 07:17:24 [32minfo[39m: Execute liveness check
2020-09-08 07:17:34 [32minfo[39m: Execute liveness check
2020-09-08 07:17:36 [32minfo[39m: Attempting UI extension registration...
2020-09-08 07:17:36 [31merror[39m: connect ECONNREFUSED 172.21.0.7:8000
2020-09-08 07:17:36 [32minfo[39m: Failed registration (Attempt #3). Attempting again in 30 seconds.
2020-09-08 07:17:44 [32minfo[39m: Execute liveness check
2020-09-08 07:17:54 [32minfo[39m: Execute liveness check
2020-09-08 07:18:04 [32minfo[39m: Execute liveness check
2020-09-08 07:18:06 [32minfo[39m: Attempting UI extension registration...
2020-09-08 07:18:06 [31merror[39m: connect ECONNREFUSED 172.21.0.7:8000
2020-09-08 07:18:06 [32minfo[39m: Failed registration (Attempt #4). Attempting again in 30 seconds.
2020-09-08 07:18:14 [32minfo[39m: Execute liveness check
2020-09-08 07:18:24 [32minfo[39m: Execute liveness check
2020-09-08 07:18:34 [32minfo[39m: Execute liveness check
2020-09-08 07:18:36 [32minfo[39m: Attempting UI extension registration...
2020-09-08 07:18:36 [31merror[39m: connect ECONNREFUSED 172.21.0.7:8000
2020-09-08 07:18:36 [32minfo[39m: Failed registration (Attempt #5). Attempting again in 30 seconds.
2020-09-08 07:18:45 [32minfo[39m: Execute liveness check
2020-09-08 07:18:55 [32minfo[39m: Execute liveness check
2020-09-08 07:19:05 [32minfo[39m: Execute liveness check
2020-09-08 07:19:06 [32minfo[39m: Attempting UI extension registration...
2020-09-08 07:19:06 [31merror[39m: connect ECONNREFUSED 172.21.0.7:8000
2020-09-08 07:19:06 [32minfo[39m: Failed registration (Attempt #6). Attempting again in 30 seconds.
2020-09-08 07:19:15 [32minfo[39m: Execute liveness check
2020-09-08 07:19:25 [32minfo[39m: Execute liveness check
2020-09-08 07:19:35 [32minfo[39m: Execute liveness check
2020-09-08 07:19:35 [32minfo[39m: Attempting UI extension registration...
2020-09-08 07:19:35 [31merror[39m: connect ECONNREFUSED 172.21.0.7:8000
2020-09-08 07:19:35 [32minfo[39m: Failed registration (Attempt #7). Attempting again in 30 seconds.
2020-09-08 07:19:45 [32minfo[39m: Execute liveness check
2020-09-08 07:19:56 [32minfo[39m: Execute liveness check
2020-09-08 07:20:04 [32minfo[39m: Attempting UI extension registration...
2020-09-08 07:20:04 [32minfo[39m: Server is running version 2020.3.0, 0, 2020.3.0, 27, a80482e, Fri Sep  4 22:01:45 UTC 2020
2020-09-08 07:20:04 [32minfo[39m: Node server started without a TLS certificate on port : 3000
2020-09-08 07:20:04 [31merror[39m: connect ECONNREFUSED 172.21.0.9:8000
2020-09-08 07:20:04 [32minfo[39m: Failed registration (Attempt #1). Attempting again in 30 seconds.
2020-09-08 07:20:12 [32minfo[39m: Execute liveness check
2020-09-08 07:20:22 [32minfo[39m: Execute liveness check
2020-09-08 07:20:32 [32minfo[39m: Execute liveness check
2020-09-08 07:20:34 [32minfo[39m: Attempting UI extension registration...
2020-09-08 07:20:34 [31merror[39m: connect ECONNREFUSED 172.21.0.9:8000
2020-09-08 07:20:34 [32minfo[39m: Failed registration (Attempt #2). Attempting again in 30 seconds.
2020-09-08 07:20:42 [32minfo[39m: Execute liveness check
2020-09-08 07:20:52 [32minfo[39m: Execute liveness check
2020-09-08 07:21:02 [32minfo[39m: Execute liveness check
2020-09-08 07:21:04 [32minfo[39m: Attempting UI extension registration...
2020-09-08 07:21:04 [31merror[39m: connect ECONNREFUSED 172.21.0.9:8000
2020-09-08 07:21:04 [32minfo[39m: Failed registration (Attempt #3). Attempting again in 30 seconds.
2020-09-08 07:21:12 [32minfo[39m: Execute liveness check
2020-09-08 07:22:40 [32minfo[39m: Attempting UI extension registration...
2020-09-08 07:22:40 [32minfo[39m: Server is running version 2020.3.0, 0, 2020.3.0, 27, a80482e, Fri Sep  4 22:01:45 UTC 2020
2020-09-08 07:22:40 [32minfo[39m: Node server started without a TLS certificate on port : 3000
2020-09-08 07:22:40 [31merror[39m: connect ECONNREFUSED 172.21.0.21:8000
2020-09-08 07:22:40 [32minfo[39m: Failed registration (Attempt #1). Attempting again in 30 seconds.
2020-09-08 07:22:48 [32minfo[39m: Execute liveness check
2020-09-08 07:22:58 [32minfo[39m: Execute liveness check
2020-09-08 07:23:08 [32minfo[39m: Execute liveness check
2020-09-08 07:23:10 [32minfo[39m: Attempting UI extension registration...
2020-09-08 07:23:10 [31merror[39m: connect ECONNREFUSED 172.21.0.21:8000
2020-09-08 07:23:10 [32minfo[39m: Failed registration (Attempt #2). Attempting again in 30 seconds.
2020-09-08 07:23:18 [32minfo[39m: Execute liveness check
2020-09-08 07:23:28 [32minfo[39m: Execute liveness check
2020-09-08 07:23:38 [32minfo[39m: Execute liveness check
2020-09-08 07:23:40 [32minfo[39m: Attempting UI extension registration...
2020-09-08 07:23:41 [31merror[39m: connect ECONNREFUSED 172.21.0.21:8000
2020-09-08 07:23:41 [32minfo[39m: Failed registration (Attempt #3). Attempting again in 30 seconds.
2020-09-08 07:23:48 [32minfo[39m: Execute liveness check
2020-09-08 07:23:59 [32minfo[39m: Execute liveness check
2020-09-08 07:24:09 [32minfo[39m: Execute liveness check
2020-09-08 07:24:11 [32minfo[39m: Attempting UI extension registration...
2020-09-08 07:24:11 [31merror[39m: connect ECONNREFUSED 172.21.0.21:8000
2020-09-08 07:24:11 [32minfo[39m: Failed registration (Attempt #4). Attempting again in 30 seconds.
2020-09-08 07:24:19 [32minfo[39m: Execute liveness check
2020-09-08 07:24:29 [32minfo[39m: Execute liveness check
2020-09-08 07:24:39 [32minfo[39m: Execute liveness check
2020-09-08 07:24:41 [32minfo[39m: Attempting UI extension registration...
2020-09-08 07:24:41 [31merror[39m: connect ECONNREFUSED 172.21.0.21:8000
2020-09-08 07:24:41 [32minfo[39m: Failed registration (Attempt #5). Attempting again in 30 seconds.
2020-09-08 07:24:49 [32minfo[39m: Execute liveness check
2020-09-08 07:24:59 [32minfo[39m: Execute liveness check
2020-09-08 07:25:09 [32minfo[39m: Execute liveness check
2020-09-08 07:25:11 [32minfo[39m: Attempting UI extension registration...
2020-09-08 07:25:11 [31merror[39m: connect ECONNREFUSED 172.21.0.21:8000
2020-09-08 07:25:11 [32minfo[39m: Failed registration (Attempt #6). Attempting again in 30 seconds.
2020-09-08 07:25:19 [32minfo[39m: Execute liveness check
2020-09-08 07:25:30 [32minfo[39m: Execute liveness check
2020-09-08 07:25:40 [32minfo[39m: Execute liveness check
2020-09-08 07:25:41 [32minfo[39m: Attempting UI extension registration...
2020-09-08 07:25:41 [31merror[39m: connect ECONNREFUSED 172.21.0.21:8000
2020-09-08 07:25:41 [32minfo[39m: Failed registration (Attempt #7). Attempting again in 30 seconds.
2020-09-08 07:27:11 [32minfo[39m: Attempting UI extension registration...
2020-09-08 07:27:11 [32minfo[39m: Server is running version 2020.3.0, 0, 2020.3.0, 27, a80482e, Fri Sep  4 22:01:45 UTC 2020
2020-09-08 07:27:11 [32minfo[39m: Node server started without a TLS certificate on port : 3000
2020-09-08 07:27:12 [31merror[39m: connect ECONNREFUSED 172.22.0.20:8000
2020-09-08 07:27:12 [32minfo[39m: Failed registration (Attempt #1). Attempting again in 30 seconds.
2020-09-08 07:27:19 [32minfo[39m: Execute liveness check
2020-09-08 07:27:29 [32minfo[39m: Execute liveness check
2020-09-08 07:27:39 [32minfo[39m: Execute liveness check
2020-09-08 07:27:42 [32minfo[39m: Attempting UI extension registration...
2020-09-08 07:27:42 [31merror[39m: connect ECONNREFUSED 172.22.0.20:8000
2020-09-08 07:27:42 [32minfo[39m: Failed registration (Attempt #2). Attempting again in 30 seconds.
2020-09-08 07:27:49 [32minfo[39m: Execute liveness check
2020-09-08 07:27:59 [32minfo[39m: Execute liveness check
2020-09-08 07:28:09 [32minfo[39m: Execute liveness check
2020-09-08 07:28:12 [32minfo[39m: Attempting UI extension registration...
2020-09-08 07:28:12 [31merror[39m: connect ECONNREFUSED 172.22.0.20:8000
2020-09-08 07:28:12 [32minfo[39m: Failed registration (Attempt #3). Attempting again in 30 seconds.
2020-09-08 07:28:20 [32minfo[39m: Execute liveness check
2020-09-08 07:28:30 [32minfo[39m: Execute liveness check
2020-09-08 07:28:40 [32minfo[39m: Execute liveness check
2020-09-08 07:28:42 [32minfo[39m: Attempting UI extension registration...
2020-09-08 07:28:42 [31merror[39m: connect ECONNREFUSED 172.22.0.20:8000
2020-09-08 07:28:42 [32minfo[39m: Failed registration (Attempt #4). Attempting again in 30 seconds.
2020-09-08 07:28:50 [32minfo[39m: Execute liveness check
2020-09-08 07:29:00 [32minfo[39m: Execute liveness check
2020-09-08 07:29:10 [32minfo[39m: Execute liveness check
2020-09-08 07:29:12 [32minfo[39m: Attempting UI extension registration...
2020-09-08 07:29:12 [31merror[39m: connect ECONNREFUSED 172.22.0.20:8000
2020-09-08 07:29:12 [32minfo[39m: Failed registration (Attempt #5). Attempting again in 30 seconds.
2020-09-08 07:29:20 [32minfo[39m: Execute liveness check
2020-09-08 07:29:30 [32minfo[39m: Execute liveness check
2020-09-08 07:29:40 [32minfo[39m: Execute liveness check
2020-09-08 07:29:42 [32minfo[39m: Attempting UI extension registration...
2020-09-08 07:29:42 [31merror[39m: connect ECONNREFUSED 172.22.0.20:8000
2020-09-08 07:29:42 [32minfo[39m: Failed registration (Attempt #6). Attempting again in 30 seconds.
2020-09-08 07:29:51 [32minfo[39m: Execute liveness check
2020-09-08 07:30:01 [32minfo[39m: Execute liveness check
2020-09-08 07:30:11 [32minfo[39m: Execute liveness check
2020-09-08 07:30:12 [32minfo[39m: Attempting UI extension registration...
2020-09-08 07:30:12 [31merror[39m: connect ECONNREFUSED 172.22.0.20:8000
2020-09-08 07:30:12 [32minfo[39m: Failed registration (Attempt #7). Attempting again in 30 seconds.
2020-09-08 07:30:21 [32minfo[39m: Execute liveness check
2020-09-08 07:30:31 [32minfo[39m: Execute liveness check
2020-09-08 07:30:41 [32minfo[39m: Execute liveness check
2020-09-08 07:30:42 [32minfo[39m: Attempting UI extension registration...
2020-09-08 07:30:42 [31merror[39m: connect ECONNREFUSED 172.22.0.20:8000
2020-09-08 07:30:42 [32minfo[39m: Failed registration (Attempt #8). Attempting again in 30 seconds.
2020-09-08 07:30:51 [32minfo[39m: Execute liveness check
2020-09-08 07:31:01 [32minfo[39m: Execute liveness check
2020-09-08 07:31:11 [32minfo[39m: Execute liveness check
2020-09-08 07:31:12 [32minfo[39m: Attempting UI extension registration...
2020-09-08 07:31:12 [31merror[39m: connect ECONNREFUSED 172.22.0.20:8000
2020-09-08 07:31:12 [32minfo[39m: Failed registration (Attempt #9). Attempting again in 30 seconds.
2020-09-08 07:31:22 [32minfo[39m: Execute liveness check
2020-09-08 07:31:32 [32minfo[39m: Execute liveness check
2020-09-08 07:31:42 [32minfo[39m: Attempting UI extension registration...
2020-09-08 07:31:42 [31merror[39m: connect ECONNREFUSED 172.22.0.20:8000
2020-09-08 07:31:42 [32minfo[39m: Failed registration (Attempt #10). Attempting again in 30 seconds.
2020-09-08 07:31:42 [32minfo[39m: Execute liveness check
2020-09-08 07:31:52 [32minfo[39m: Execute liveness check
2020-09-08 07:32:02 [32minfo[39m: Execute liveness check
2020-09-08 07:32:11 [32minfo[39m: Attempting UI extension registration...
2020-09-08 07:32:11 [31merror[39m: connect ECONNREFUSED 172.22.0.20:8000
2020-09-08 07:32:11 [32minfo[39m: Failed registration (Attempt #11). Attempting again in 30 seconds.
2020-09-08 07:32:12 [32minfo[39m: Execute liveness check
2020-09-08 07:32:22 [32minfo[39m: Execute liveness check
2020-09-08 07:32:32 [32minfo[39m: Execute liveness check
2020-09-08 07:32:41 [32minfo[39m: Attempting UI extension registration...
2020-09-08 07:32:41 [31merror[39m: connect ECONNREFUSED 172.22.0.20:8000
2020-09-08 07:32:41 [32minfo[39m: Failed registration (Attempt #12). Attempting again in 30 seconds.
2020-09-08 07:32:42 [32minfo[39m: Execute liveness check
2020-09-08 07:32:53 [32minfo[39m: Execute liveness check
2020-09-08 07:33:03 [32minfo[39m: Execute liveness check
2020-09-08 07:33:11 [32minfo[39m: Attempting UI extension registration...
2020-09-08 07:33:11 [31merror[39m: connect ECONNREFUSED 172.22.0.20:8000
2020-09-08 07:33:11 [32minfo[39m: Failed registration (Attempt #13). Attempting again in 30 seconds.
2020-09-08 07:33:13 [32minfo[39m: Execute liveness check
2020-09-08 07:33:23 [32minfo[39m: Execute liveness check
2020-09-08 07:33:33 [32minfo[39m: Execute liveness check
2020-09-08 07:33:41 [32minfo[39m: Attempting UI extension registration...
2020-09-08 07:33:41 [31merror[39m: connect ECONNREFUSED 172.22.0.20:8000
2020-09-08 07:33:41 [32minfo[39m: Failed registration (Attempt #14). Attempting again in 30 seconds.
2020-09-08 07:33:43 [32minfo[39m: Execute liveness check
2020-09-08 07:33:53 [32minfo[39m: Execute liveness check
2020-09-08 07:34:03 [32minfo[39m: Execute liveness check
2020-09-08 07:34:11 [32minfo[39m: Attempting UI extension registration...
2020-09-08 07:34:11 [31merror[39m: connect ECONNREFUSED 172.22.0.20:8000
2020-09-08 07:34:11 [32minfo[39m: Failed registration (Attempt #15). Attempting again in 30 seconds.
2020-09-08 07:34:13 [32minfo[39m: Execute liveness check
2020-09-08 07:34:23 [32minfo[39m: Execute liveness check
2020-09-08 07:34:34 [32minfo[39m: Execute liveness check
2020-09-08 07:34:41 [32minfo[39m: Attempting UI extension registration...
2020-09-08 07:34:41 [31merror[39m: connect ECONNREFUSED 172.22.0.20:8000
2020-09-08 07:34:41 [32minfo[39m: Failed registration (Attempt #16). Attempting again in 30 seconds.
2020-09-08 07:34:44 [32minfo[39m: Execute liveness check
2020-09-08 07:34:54 [32minfo[39m: Execute liveness check
2020-09-08 07:35:04 [32minfo[39m: Execute liveness check
2020-09-08 07:35:11 [32minfo[39m: Attempting UI extension registration...
2020-09-08 07:35:11 [31merror[39m: connect ECONNREFUSED 172.22.0.20:8000
2020-09-08 07:35:11 [32minfo[39m: Failed registration (Attempt #17). Attempting again in 30 seconds.
2020-09-08 07:35:14 [32minfo[39m: Execute liveness check
2020-09-08 07:35:24 [32minfo[39m: Execute liveness check
2020-09-08 07:35:34 [32minfo[39m: Execute liveness check
2020-09-08 07:35:41 [32minfo[39m: Attempting UI extension registration...
2020-09-08 07:35:41 [31merror[39m: connect ECONNREFUSED 172.22.0.20:8000
2020-09-08 07:35:41 [32minfo[39m: Failed registration (Attempt #18). Attempting again in 30 seconds.
2020-09-08 07:35:44 [32minfo[39m: Execute liveness check
2020-09-08 07:35:54 [32minfo[39m: Execute liveness check
2020-09-08 07:36:05 [32minfo[39m: Execute liveness check
2020-09-08 07:36:11 [32minfo[39m: Attempting UI extension registration...
2020-09-08 07:36:11 [31merror[39m: connect ECONNREFUSED 172.22.0.20:8000
2020-09-08 07:36:11 [32minfo[39m: Failed registration (Attempt #19). Attempting again in 30 seconds.
2020-09-08 07:36:15 [32minfo[39m: Execute liveness check
2020-09-08 07:36:25 [32minfo[39m: Execute liveness check
2020-09-08 07:36:35 [32minfo[39m: Execute liveness check
2020-09-08 07:36:41 [32minfo[39m: Attempting UI extension registration...
2020-09-08 07:36:41 [31merror[39m: connect ECONNREFUSED 172.22.0.20:8000
2020-09-08 07:36:41 [32minfo[39m: Failed registration (Attempt #20). Attempting again in 30 seconds.
2020-09-08 07:36:45 [32minfo[39m: Execute liveness check
2020-09-08 07:36:55 [32minfo[39m: Execute liveness check
2020-09-08 07:37:05 [32minfo[39m: Execute liveness check
2020-09-08 07:37:11 [32minfo[39m: Attempting UI extension registration...
2020-09-08 07:37:11 [31merror[39m: connect ECONNREFUSED 172.22.0.20:8000
2020-09-08 07:37:11 [31merror[39m: Maximum number of attempts exceeded. Could not register UI extension.
2020-09-08 07:37:15 [32minfo[39m: Execute liveness check
2020-09-08 07:37:25 [32minfo[39m: Execute liveness check
2020-09-08 07:37:35 [32minfo[39m: Execute liveness check
2020-09-08 07:37:46 [32minfo[39m: Execute liveness check
2020-09-08 07:37:56 [32minfo[39m: Execute liveness check
2020-09-08 07:38:06 [32minfo[39m: Execute liveness check
2020-09-08 07:38:16 [32minfo[39m: Execute liveness check
2020-09-08 07:38:26 [32minfo[39m: Execute liveness check
2020-09-08 07:38:36 [32minfo[39m: Execute liveness check
2020-09-08 07:38:46 [32minfo[39m: Execute liveness check
2020-09-08 07:39:33 [32minfo[39m: Attempting UI extension registration...
2020-09-08 07:39:33 [32minfo[39m: Server is running version 2020.3.0, 0, 2020.3.0, 27, a80482e, Fri Sep  4 22:01:45 UTC 2020
2020-09-08 07:39:33 [32minfo[39m: Node server started without a TLS certificate on port : 3000
2020-09-08 07:39:33 [31merror[39m: getaddrinfo ENOTFOUND servicebackend
2020-09-08 07:39:33 [32minfo[39m: Failed registration (Attempt #1). Attempting again in 30 seconds.
2020-09-08 07:39:41 [32minfo[39m: Execute liveness check
2020-09-08 07:39:51 [32minfo[39m: Execute liveness check
2020-09-08 07:40:02 [32minfo[39m: Execute liveness check
2020-09-08 07:40:03 [32minfo[39m: Attempting UI extension registration...
2020-09-08 07:40:03 [31merror[39m: connect ECONNREFUSED 172.23.0.21:8000
2020-09-08 07:40:03 [32minfo[39m: Failed registration (Attempt #2). Attempting again in 30 seconds.
2020-09-08 07:40:12 [32minfo[39m: Execute liveness check
2020-09-08 07:40:22 [32minfo[39m: Execute liveness check
2020-09-08 07:40:32 [32minfo[39m: Execute liveness check
2020-09-08 07:40:33 [32minfo[39m: Attempting UI extension registration...
2020-09-08 07:40:33 [31merror[39m: connect ECONNREFUSED 172.23.0.21:8000
2020-09-08 07:40:33 [32minfo[39m: Failed registration (Attempt #3). Attempting again in 30 seconds.
2020-09-08 07:40:42 [32minfo[39m: Execute liveness check
2020-09-08 07:40:52 [32minfo[39m: Execute liveness check
2020-09-08 07:41:02 [32minfo[39m: Execute liveness check
2020-09-08 07:41:03 [32minfo[39m: Attempting UI extension registration...
2020-09-08 07:41:03 [31merror[39m: connect ECONNREFUSED 172.23.0.21:8000
2020-09-08 07:41:03 [32minfo[39m: Failed registration (Attempt #4). Attempting again in 30 seconds.
2020-09-08 07:41:12 [32minfo[39m: Execute liveness check
2020-09-08 07:41:23 [32minfo[39m: Execute liveness check
2020-09-08 07:41:33 [32minfo[39m: Execute liveness check
2020-09-08 07:41:33 [32minfo[39m: Attempting UI extension registration...
2020-09-08 07:41:34 [31merror[39m: connect ECONNREFUSED 172.23.0.21:8000
2020-09-08 07:41:34 [32minfo[39m: Failed registration (Attempt #5). Attempting again in 30 seconds.
2020-09-08 07:41:43 [32minfo[39m: Execute liveness check
2020-09-08 07:41:53 [32minfo[39m: Execute liveness check
2020-09-08 07:42:03 [32minfo[39m: Execute liveness check
2020-09-08 07:42:04 [32minfo[39m: Attempting UI extension registration...
2020-09-08 07:42:04 [31merror[39m: connect ECONNREFUSED 172.23.0.21:8000
2020-09-08 07:42:04 [32minfo[39m: Failed registration (Attempt #6). Attempting again in 30 seconds.
2020-09-08 07:42:13 [32minfo[39m: Execute liveness check
2020-09-08 07:42:23 [32minfo[39m: Execute liveness check
2020-09-08 07:42:33 [32minfo[39m: Execute liveness check
2020-09-08 07:42:34 [32minfo[39m: Attempting UI extension registration...
2020-09-08 07:42:34 [31merror[39m: connect ECONNREFUSED 172.23.0.21:8000
2020-09-08 07:42:34 [32minfo[39m: Failed registration (Attempt #7). Attempting again in 30 seconds.
2020-09-08 07:42:44 [32minfo[39m: Execute liveness check
2020-09-08 07:42:54 [32minfo[39m: Execute liveness check
2020-09-08 07:43:04 [32minfo[39m: Attempting UI extension registration...
2020-09-08 07:43:04 [31merror[39m: connect ECONNREFUSED 172.23.0.21:8000
2020-09-08 07:43:04 [32minfo[39m: Failed registration (Attempt #8). Attempting again in 30 seconds.
2020-09-08 07:43:04 [32minfo[39m: Execute liveness check
2020-09-08 07:43:14 [32minfo[39m: Execute liveness check
2020-09-08 07:43:24 [32minfo[39m: Execute liveness check
2020-09-08 07:43:34 [32minfo[39m: Attempting UI extension registration...
2020-09-08 07:43:34 [31merror[39m: connect ECONNREFUSED 172.23.0.21:8000
2020-09-08 07:43:34 [32minfo[39m: Failed registration (Attempt #9). Attempting again in 30 seconds.
2020-09-08 07:43:34 [32minfo[39m: Execute liveness check
2020-09-08 07:43:44 [32minfo[39m: Execute liveness check
2020-09-08 07:43:54 [32minfo[39m: Execute liveness check
2020-09-08 07:44:04 [32minfo[39m: Attempting UI extension registration...
2020-09-08 07:44:04 [31merror[39m: connect ECONNREFUSED 172.23.0.21:8000
2020-09-08 07:44:04 [32minfo[39m: Failed registration (Attempt #10). Attempting again in 30 seconds.
2020-09-08 07:44:05 [32minfo[39m: Execute liveness check
2020-09-08 07:44:15 [32minfo[39m: Execute liveness check
2020-09-08 07:44:25 [32minfo[39m: Execute liveness check
2020-09-08 07:44:34 [32minfo[39m: Attempting UI extension registration...
2020-09-08 07:44:34 [31merror[39m: connect ECONNREFUSED 172.23.0.21:8000
2020-09-08 07:44:34 [32minfo[39m: Failed registration (Attempt #11). Attempting again in 30 seconds.
2020-09-08 07:44:35 [32minfo[39m: Execute liveness check
2020-09-08 07:44:45 [32minfo[39m: Execute liveness check
2020-09-08 07:44:55 [32minfo[39m: Execute liveness check
2020-09-08 07:45:04 [32minfo[39m: Attempting UI extension registration...
2020-09-08 07:45:04 [31merror[39m: connect ECONNREFUSED 172.23.0.21:8000
2020-09-08 07:45:04 [32minfo[39m: Failed registration (Attempt #12). Attempting again in 30 seconds.
2020-09-08 07:45:05 [32minfo[39m: Execute liveness check
2020-09-08 07:45:16 [32minfo[39m: Execute liveness check
2020-09-08 07:45:26 [32minfo[39m: Execute liveness check
2020-09-08 07:45:33 [32minfo[39m: Attempting UI extension registration...
2020-09-08 07:45:33 [31merror[39m: connect ECONNREFUSED 172.23.0.21:8000
2020-09-08 07:45:33 [32minfo[39m: Failed registration (Attempt #13). Attempting again in 30 seconds.
2020-09-08 07:45:36 [32minfo[39m: Execute liveness check
2020-09-08 07:45:46 [32minfo[39m: Execute liveness check
2020-09-08 07:45:56 [32minfo[39m: Execute liveness check
2020-09-08 07:46:03 [32minfo[39m: Attempting UI extension registration...
2020-09-08 07:46:03 [31merror[39m: connect ECONNREFUSED 172.23.0.21:8000
2020-09-08 07:46:03 [32minfo[39m: Failed registration (Attempt #14). Attempting again in 30 seconds.
2020-09-08 07:46:06 [32minfo[39m: Execute liveness check
2020-09-08 07:46:16 [32minfo[39m: Execute liveness check
2020-09-08 07:46:26 [32minfo[39m: Execute liveness check
2020-09-08 07:46:33 [32minfo[39m: Attempting UI extension registration...
2020-09-08 07:46:33 [31merror[39m: connect ECONNREFUSED 172.23.0.21:8000
2020-09-08 07:46:33 [32minfo[39m: Failed registration (Attempt #15). Attempting again in 30 seconds.
2020-09-08 07:46:37 [32minfo[39m: Execute liveness check
2020-09-08 07:46:47 [32minfo[39m: Execute liveness check
2020-09-08 07:46:57 [32minfo[39m: Execute liveness check
2020-09-08 07:47:03 [32minfo[39m: Attempting UI extension registration...
2020-09-08 07:47:03 [31merror[39m: connect ECONNREFUSED 172.23.0.21:8000
2020-09-08 07:47:03 [32minfo[39m: Failed registration (Attempt #16). Attempting again in 30 seconds.
2020-09-08 07:47:07 [32minfo[39m: Execute liveness check
2020-09-08 07:47:17 [32minfo[39m: Execute liveness check
2020-09-08 07:47:27 [32minfo[39m: Execute liveness check
2020-09-08 07:47:33 [32minfo[39m: Attempting UI extension registration...
2020-09-08 07:47:33 [31merror[39m: connect ECONNREFUSED 172.23.0.21:8000
2020-09-08 07:47:33 [32minfo[39m: Failed registration (Attempt #17). Attempting again in 30 seconds.
2020-09-08 07:47:37 [32minfo[39m: Execute liveness check
2020-09-08 07:47:47 [32minfo[39m: Execute liveness check
2020-09-08 07:47:57 [32minfo[39m: Execute liveness check
2020-09-08 07:48:03 [32minfo[39m: Attempting UI extension registration...
2020-09-08 07:48:03 [31merror[39m: connect ECONNREFUSED 172.23.0.21:8000
2020-09-08 07:48:03 [32minfo[39m: Failed registration (Attempt #18). Attempting again in 30 seconds.
2020-09-08 07:48:08 [32minfo[39m: Execute liveness check
2020-09-08 07:48:18 [32minfo[39m: Execute liveness check
2020-09-08 07:48:28 [32minfo[39m: Execute liveness check
2020-09-08 07:48:33 [32minfo[39m: Attempting UI extension registration...
2020-09-08 07:48:33 [31merror[39m: connect ECONNREFUSED 172.23.0.21:8000
2020-09-08 07:48:33 [32minfo[39m: Failed registration (Attempt #19). Attempting again in 30 seconds.
2020-09-08 07:48:38 [32minfo[39m: Execute liveness check
2020-09-08 07:48:48 [32minfo[39m: Execute liveness check
2020-09-08 07:48:58 [32minfo[39m: Execute liveness check
2020-09-08 07:49:03 [32minfo[39m: Attempting UI extension registration...
2020-09-08 07:49:03 [31merror[39m: connect ECONNREFUSED 172.23.0.21:8000
2020-09-08 07:49:03 [32minfo[39m: Failed registration (Attempt #20). Attempting again in 30 seconds.
2020-09-08 07:49:08 [32minfo[39m: Execute liveness check
2020-09-08 07:49:19 [32minfo[39m: Execute liveness check
2020-09-08 07:49:29 [32minfo[39m: Execute liveness check
2020-09-08 07:49:33 [32minfo[39m: Attempting UI extension registration...
2020-09-08 07:49:33 [31merror[39m: connect ECONNREFUSED 172.23.0.21:8000
2020-09-08 07:49:33 [31merror[39m: Maximum number of attempts exceeded. Could not register UI extension.
2020-09-08 07:49:39 [32minfo[39m: Execute liveness check
2020-09-08 07:49:49 [32minfo[39m: Execute liveness check
2020-09-08 07:49:59 [32minfo[39m: Execute liveness check
2020-09-08 07:50:09 [32minfo[39m: Execute liveness check
2020-09-08 07:50:19 [32minfo[39m: Execute liveness check
2020-09-08 07:50:29 [32minfo[39m: Execute liveness check
2020-09-08 07:50:39 [32minfo[39m: Execute liveness check
2020-09-08 07:50:49 [32minfo[39m: Execute liveness check
2020-09-08 07:50:59 [32minfo[39m: Execute liveness check
2020-09-08 07:51:10 [32minfo[39m: Execute liveness check
2020-09-08 07:51:20 [32minfo[39m: Execute liveness check
2020-09-08 07:51:30 [32minfo[39m: Execute liveness check
2020-09-08 07:51:40 [32minfo[39m: Execute liveness check
2020-09-08 07:51:50 [32minfo[39m: Execute liveness check
2020-09-08 07:52:00 [32minfo[39m: Execute liveness check
2020-09-08 07:52:10 [32minfo[39m: Execute liveness check
2020-09-08 07:52:20 [32minfo[39m: Execute liveness check
2020-09-08 07:52:30 [32minfo[39m: Execute liveness check
2020-09-08 07:52:40 [32minfo[39m: Execute liveness check
2020-09-08 07:52:51 [32minfo[39m: Execute liveness check
2020-09-08 07:53:01 [32minfo[39m: Execute liveness check
2020-09-08 07:53:11 [32minfo[39m: Execute liveness check
2020-09-08 07:53:21 [32minfo[39m: Execute liveness check
2020-09-08 07:53:31 [32minfo[39m: Execute liveness check
2020-09-08 07:53:41 [32minfo[39m: Execute liveness check
2020-09-08 07:53:51 [32minfo[39m: Execute liveness check
2020-09-08 07:54:01 [32minfo[39m: Execute liveness check
2020-09-08 07:54:12 [32minfo[39m: Execute liveness check
2020-09-08 07:54:22 [32minfo[39m: Execute liveness check
2020-09-08 07:54:32 [32minfo[39m: Execute liveness check
2020-09-08 07:54:42 [32minfo[39m: Execute liveness check
2020-09-08 07:54:52 [32minfo[39m: Execute liveness check
2020-09-08 07:55:02 [32minfo[39m: Execute liveness check
2020-09-08 07:55:12 [32minfo[39m: Execute liveness check
2020-09-08 07:55:22 [32minfo[39m: Execute liveness check
2020-09-08 07:55:32 [32minfo[39m: Execute liveness check
2020-09-08 07:55:42 [32minfo[39m: Execute liveness check
2020-09-08 07:55:53 [32minfo[39m: Execute liveness check
2020-09-08 07:56:03 [32minfo[39m: Execute liveness check
2020-09-08 07:56:13 [32minfo[39m: Execute liveness check
2020-09-08 07:56:23 [32minfo[39m: Execute liveness check
2020-09-08 07:56:33 [32minfo[39m: Execute liveness check
2020-09-08 07:56:43 [32minfo[39m: Execute liveness check
2020-09-08 07:56:53 [32minfo[39m: Execute liveness check
2020-09-08 07:57:03 [32minfo[39m: Execute liveness check
2020-09-08 07:57:13 [32minfo[39m: Execute liveness check
2020-09-08 07:57:23 [32minfo[39m: Execute liveness check
2020-09-08 07:57:34 [32minfo[39m: Execute liveness check
2020-09-08 07:57:44 [32minfo[39m: Execute liveness check
2020-09-08 07:57:54 [32minfo[39m: Execute liveness check
2020-09-08 07:58:04 [32minfo[39m: Execute liveness check
2020-09-08 07:58:14 [32minfo[39m: Execute liveness check
2020-09-08 07:58:24 [32minfo[39m: Execute liveness check
2020-09-08 07:58:34 [32minfo[39m: Execute liveness check
2020-09-08 07:58:44 [32minfo[39m: Execute liveness check
2020-09-08 07:58:54 [32minfo[39m: Execute liveness check
2020-09-08 07:59:04 [32minfo[39m: Execute liveness check
2020-09-08 07:59:15 [32minfo[39m: Execute liveness check
2020-09-08 07:59:25 [32minfo[39m: Execute liveness check
2020-09-08 07:59:35 [32minfo[39m: Execute liveness check
2020-09-08 07:59:45 [32minfo[39m: Execute liveness check
2020-09-08 07:59:55 [32minfo[39m: Execute liveness check
2020-09-08 08:00:05 [32minfo[39m: Execute liveness check
2020-09-08 08:00:16 [32minfo[39m: Execute liveness check
2020-09-08 08:00:27 [32minfo[39m: Execute liveness check
2020-09-08 08:00:38 [32minfo[39m: Execute liveness check
2020-09-08 08:14:06 [32minfo[39m: Execute liveness check
2020-09-08 08:14:16 [32minfo[39m: Execute liveness check
2020-09-08 08:14:26 [32minfo[39m: Execute liveness check
2020-09-08 08:14:37 [32minfo[39m: Execute liveness check
2020-09-08 08:14:47 [32minfo[39m: Execute liveness check
2020-09-08 08:14:57 [32minfo[39m: Execute liveness check
2020-09-08 08:15:07 [32minfo[39m: Execute liveness check
2020-09-08 08:15:17 [32minfo[39m: Execute liveness check
2020-09-08 08:15:27 [32minfo[39m: Execute liveness check
2020-09-08 08:15:37 [32minfo[39m: Execute liveness check
2020-09-08 08:15:47 [32minfo[39m: Execute liveness check
2020-09-08 08:15:57 [32minfo[39m: Execute liveness check
2020-09-08 08:16:08 [32minfo[39m: Execute liveness check
2020-09-08 08:16:18 [32minfo[39m: Execute liveness check
2020-09-08 08:16:28 [32minfo[39m: Execute liveness check
2020-09-08 08:16:38 [32minfo[39m: Execute liveness check
2020-09-08 08:16:48 [32minfo[39m: Execute liveness check
2020-09-08 08:16:58 [32minfo[39m: Execute liveness check
2020-09-08 08:17:08 [32minfo[39m: Execute liveness check
2020-09-08 08:17:18 [32minfo[39m: Execute liveness check
2020-09-08 08:17:28 [32minfo[39m: Execute liveness check
2020-09-08 08:17:39 [32minfo[39m: Execute liveness check
2020-09-08 08:17:49 [32minfo[39m: Execute liveness check
2020-09-08 08:17:59 [32minfo[39m: Execute liveness check
2020-09-08 08:18:09 [32minfo[39m: Execute liveness check
2020-09-08 08:18:19 [32minfo[39m: Execute liveness check
2020-09-08 08:18:29 [32minfo[39m: Execute liveness check
2020-09-08 08:18:39 [32minfo[39m: Execute liveness check
2020-09-08 08:18:49 [32minfo[39m: Execute liveness check
2020-09-08 08:18:59 [32minfo[39m: Execute liveness check
2020-09-08 08:19:10 [32minfo[39m: Execute liveness check
2020-09-08 08:19:25 [32minfo[39m: Attempting UI extension registration...
2020-09-08 08:19:25 [32minfo[39m: Server is running version 2020.3.0, 0, 2020.3.0, 27, a80482e, Fri Sep  4 22:01:45 UTC 2020
2020-09-08 08:19:25 [32minfo[39m: Node server started without a TLS certificate on port : 3000
2020-09-08 08:19:26 [31merror[39m: connect ECONNREFUSED 172.24.0.20:8000
2020-09-08 08:19:26 [32minfo[39m: Failed registration (Attempt #1). Attempting again in 30 seconds.
2020-09-08 08:19:33 [32minfo[39m: Execute liveness check
2020-09-08 08:19:43 [32minfo[39m: Execute liveness check
2020-09-08 08:19:53 [32minfo[39m: Execute liveness check
2020-09-08 08:19:56 [32minfo[39m: Attempting UI extension registration...
2020-09-08 08:19:56 [31merror[39m: connect ECONNREFUSED 172.24.0.20:8000
2020-09-08 08:19:56 [32minfo[39m: Failed registration (Attempt #2). Attempting again in 30 seconds.
2020-09-08 08:20:03 [32minfo[39m: Execute liveness check
2020-09-08 08:20:14 [32minfo[39m: Execute liveness check
2020-09-08 08:20:24 [32minfo[39m: Execute liveness check
2020-09-08 08:20:26 [32minfo[39m: Attempting UI extension registration...
2020-09-08 08:20:26 [31merror[39m: connect ECONNREFUSED 172.24.0.20:8000
2020-09-08 08:20:26 [32minfo[39m: Failed registration (Attempt #3). Attempting again in 30 seconds.
2020-09-08 08:20:34 [32minfo[39m: Execute liveness check
2020-09-08 08:20:44 [32minfo[39m: Execute liveness check
2020-09-08 08:20:54 [32minfo[39m: Execute liveness check
2020-09-08 08:20:56 [32minfo[39m: Attempting UI extension registration...
2020-09-08 08:20:56 [31merror[39m: connect ECONNREFUSED 172.24.0.20:8000
2020-09-08 08:20:56 [32minfo[39m: Failed registration (Attempt #4). Attempting again in 30 seconds.
2020-09-08 08:21:04 [32minfo[39m: Execute liveness check
2020-09-08 08:21:15 [32minfo[39m: Execute liveness check
2020-09-08 08:21:25 [32minfo[39m: Execute liveness check
2020-09-08 08:21:26 [32minfo[39m: Attempting UI extension registration...
2020-09-08 08:21:26 [31merror[39m: connect ECONNREFUSED 172.24.0.20:8000
2020-09-08 08:21:26 [32minfo[39m: Failed registration (Attempt #5). Attempting again in 30 seconds.
2020-09-08 08:21:35 [32minfo[39m: Execute liveness check
2020-09-08 08:21:45 [32minfo[39m: Execute liveness check
2020-09-08 08:21:55 [32minfo[39m: Execute liveness check
2020-09-08 08:21:56 [32minfo[39m: Attempting UI extension registration...
2020-09-08 08:21:56 [31merror[39m: connect ECONNREFUSED 172.24.0.20:8000
2020-09-08 08:21:56 [32minfo[39m: Failed registration (Attempt #6). Attempting again in 30 seconds.
2020-09-08 08:22:05 [32minfo[39m: Execute liveness check
2020-09-08 08:22:15 [32minfo[39m: Execute liveness check
2020-09-08 08:22:25 [32minfo[39m: Execute liveness check
2020-09-08 08:22:26 [32minfo[39m: Attempting UI extension registration...
2020-09-08 08:22:26 [31merror[39m: connect ECONNREFUSED 172.24.0.20:8000
2020-09-08 08:22:26 [32minfo[39m: Failed registration (Attempt #7). Attempting again in 30 seconds.
2020-09-08 08:22:35 [32minfo[39m: Execute liveness check
2020-09-08 08:22:46 [32minfo[39m: Execute liveness check
